Log file open, 01/31/20 23:57:19
LogWindows: Failed to load 'aqProf.dll' (GetLastError=126)
LogWindows: File 'aqProf.dll' does not exist
LogWindows: Failed to load 'VtuneApi.dll' (GetLastError=126)
LogWindows: File 'VtuneApi.dll' does not exist
LogWindows: Failed to load 'VtuneApi32e.dll' (GetLastError=126)
LogWindows: File 'VtuneApi32e.dll' does not exist
LogConsoleResponse: Display: Failed to find resolution value strings in scalability ini. Falling back to default.
LogInit: Display: Running engine for game: RePair
LogPlatformFile: Not using cached read wrapper
LogTaskGraph: Started task graph with 5 named threads and 35 total threads with 3 sets of task threads.
LogStats: Stats thread started at 0.068781
LogD3D11RHI: Loaded GFSDK_Aftermath_Lib.x64.dll
LogICUInternationalization: ICU TimeZone Detection - Raw Offset: +1:00, Platform Override: ''
LogPluginManager: Mounting plugin Paper2D
LogPluginManager: Mounting plugin AISupport
LogPluginManager: Mounting plugin LightPropagationVolume
LogPluginManager: Mounting plugin ActorLayerUtilities
LogPluginManager: Mounting plugin AnimationSharing
LogPluginManager: Mounting plugin CLionSourceCodeAccess
LogPluginManager: Mounting plugin CodeLiteSourceCodeAccess
LogPluginManager: Mounting plugin GitSourceControl
LogPluginManager: Mounting plugin KDevelopSourceCodeAccess
LogPluginManager: Mounting plugin NullSourceCodeAccess
LogPluginManager: Mounting plugin PerforceSourceControl
LogPluginManager: Mounting plugin PlasticSourceControl
LogPluginManager: Mounting plugin SubversionSourceControl
LogPluginManager: Mounting plugin UObjectPlugin
LogPluginManager: Mounting plugin VisualStudioCodeSourceCodeAccess
LogPluginManager: Mounting plugin VisualStudioSourceCodeAccess
LogPluginManager: Mounting plugin XCodeSourceCodeAccess
LogPluginManager: Mounting plugin AssetManagerEditor
LogPluginManager: Mounting plugin CryptoKeys
LogPluginManager: Mounting plugin CurveEditorTools
LogPluginManager: Mounting plugin DataValidation
LogPluginManager: Mounting plugin FacialAnimation
LogPluginManager: Mounting plugin GameplayTagsEditor
LogPluginManager: Mounting plugin MacGraphicsSwitching
LogPluginManager: Mounting plugin MaterialAnalyzer
LogPluginManager: Mounting plugin MobileLauncherProfileWizard
LogPluginManager: Mounting plugin PluginBrowser
LogPluginManager: Mounting plugin SpeedTreeImporter
LogPluginManager: Mounting plugin DatasmithContent
LogPluginManager: Mounting plugin VariantManagerContent
LogPluginManager: Mounting plugin AlembicImporter
LogPluginManager: Mounting plugin AutomationUtils
LogPluginManager: Mounting plugin BackChannel
LogPluginManager: Mounting plugin CharacterAI
LogPluginManager: Mounting plugin GeometryCache
LogPluginManager: Mounting plugin PlatformCrypto
LogPluginManager: Mounting plugin ProxyLODPlugin
LogPluginManager: Mounting plugin SkeletalReduction
LogPluginManager: Mounting plugin MagicLeap
LogPluginManager: Mounting plugin MagicLeapMedia
LogPluginManager: Mounting plugin MLSDK
LogPluginManager: Mounting plugin AndroidMedia
LogPluginManager: Mounting plugin AvfMedia
LogPluginManager: Mounting plugin ImgMedia
LogPluginManager: Mounting plugin MediaCompositing
LogPluginManager: Mounting plugin MediaPlayerEditor
LogPluginManager: Mounting plugin WebMMedia
LogPluginManager: Mounting plugin WmfMedia
LogPluginManager: Mounting plugin TcpMessaging
LogPluginManager: Mounting plugin UdpMessaging
LogPluginManager: Mounting plugin ActorSequence
LogPluginManager: Mounting plugin LevelSequenceEditor
LogPluginManager: Mounting plugin MatineeToLevelSequence
LogPluginManager: Mounting plugin NetcodeUnitTest
LogPluginManager: Mounting plugin NUTUnrealEngine4
LogPluginManager: Mounting plugin OnlineSubsystemGooglePlay
LogPluginManager: Mounting plugin OnlineSubsystemIOS
LogPluginManager: Mounting plugin OnlineSubsystem
LogPluginManager: Mounting plugin OnlineSubsystemNull
LogPluginManager: Mounting plugin OnlineSubsystemUtils
LogPluginManager: Mounting plugin LauncherChunkInstaller
LogPluginManager: Mounting plugin AndroidDeviceProfileSelector
LogPluginManager: Mounting plugin AndroidMoviePlayer
LogPluginManager: Mounting plugin AndroidPermission
LogPluginManager: Mounting plugin AppleImageUtils
LogPluginManager: Mounting plugin AppleMoviePlayer
LogPluginManager: Mounting plugin ArchVisCharacter
LogPluginManager: Mounting plugin AssetTags
LogPluginManager: Mounting plugin AudioCapture
LogPluginManager: Mounting plugin CableComponent
LogPluginManager: Mounting plugin CustomMeshComponent
LogPluginManager: Mounting plugin EditableMesh
LogPluginManager: Mounting plugin ExampleDeviceProfileSelector
LogPluginManager: Mounting plugin GoogleCloudMessaging
LogPluginManager: Mounting plugin IOSDeviceProfileSelector
LogPluginManager: Mounting plugin LinuxDeviceProfileSelector
LogPluginManager: Mounting plugin LocationServicesBPLibrary
LogPluginManager: Mounting plugin MobilePatchingUtils
LogPluginManager: Mounting plugin OculusVR
LogPluginManager: Mounting plugin PhysXVehicles
LogPluginManager: Mounting plugin PostSplashScreen
LogPluginManager: Mounting plugin ProceduralMeshComponent
LogPluginManager: Mounting plugin RuntimePhysXCooking
LogPluginManager: Mounting plugin SignificanceManager
LogPluginManager: Mounting plugin SteamVR
LogPluginManager: Mounting plugin WebMMoviePlayer
LogPluginManager: Mounting plugin WindowsMoviePlayer
LogPluginManager: Mounting plugin ScreenshotTools
LogInit: Using libcurl 7.55.1-DEV
LogInit:  - built for x86_64-pc-win32
LogInit:  - supports SSL with OpenSSL/1.1.1
LogInit:  - supports HTTP deflate (compression) using libz 1.2.8
LogInit:  - other features:
LogInit:      CURL_VERSION_SSL
LogInit:      CURL_VERSION_LIBZ
LogInit:      CURL_VERSION_IPV6
LogInit:      CURL_VERSION_ASYNCHDNS
LogInit:      CURL_VERSION_LARGEFILE
LogInit:      CURL_VERSION_IDN
LogInit:  CurlRequestOptions (configurable via config and command line):
LogInit:  - bVerifyPeer = true  - Libcurl will verify peer certificate
LogInit:  - bUseHttpProxy = false  - Libcurl will NOT use HTTP proxy
LogInit:  - bDontReuseConnections = false  - Libcurl will reuse connections
LogInit:  - MaxHostConnections = 16  - Libcurl will limit the number of connections to a host
LogInit:  - LocalHostAddr = Default
LogInit:  - BufferSize = 65536
LogOnline: OSS: Creating online subsystem instance for: NULL
LogInit: WinSock: version 1.1 (2.2), MaxSocks=32767, MaxUdp=65467
LogOnline: OSS: TryLoadSubsystemAndSetDefault: Loaded subsystem for module [NULL]
LogHMD: Failed initializing OVRPlugin 1.40.0
LogInit: Build: ++UE4+Release-4.24-CL-11100242
LogInit: Engine Version: 4.24.2-11100242+++UE4+Release-4.24
LogInit: Compatible Engine Version: 4.24.0-10570792+++UE4+Release-4.24
LogInit: Net CL: 10570792
LogInit: OS: Windows 10 (Release 1903) (), CPU: Intel(R) Core(TM) i7-8750H CPU @ 2.20GHz, GPU: Intel(R) UHD Graphics 630
LogInit: Compiled (64-bit): Jan 24 2020 02:05:53
LogInit: Compiled with Visual C++: 19.16.27032.01
LogInit: Build Configuration: Development
LogInit: Branch Name: ++UE4+Release-4.24
LogInit: Command Line: 
LogInit: Base Directory: D:/Programmi/UE_4.24/Engine/Binaries/Win64/
LogInit: Installed Engine Build: 1
LogDevObjectVersion: Number of dev versions registered: 25
LogDevObjectVersion:   Dev-Blueprints (B0D832E4-1F89-4F0D-ACCF-7EB736FD4AA2): 10
LogDevObjectVersion:   Dev-Build (E1C64328-A22C-4D53-A36C-8E866417BD8C): 0
LogDevObjectVersion:   Dev-Core (375EC13C-06E4-48FB-B500-84F0262A717E): 3
LogDevObjectVersion:   Dev-Editor (E4B068ED-F494-42E9-A231-DA0B2E46BB41): 37
LogDevObjectVersion:   Dev-Framework (CFFC743F-43B0-4480-9391-14DF171D2073): 36
LogDevObjectVersion:   Dev-Mobile (B02B49B5-BB20-44E9-A304-32B752E40360): 2
LogDevObjectVersion:   Dev-Networking (A4E4105C-59A1-49B5-A7C5-40C4547EDFEE): 0
LogDevObjectVersion:   Dev-Online (39C831C9-5AE6-47DC-9A44-9C173E1C8E7C): 0
LogDevObjectVersion:   Dev-Physics (78F01B33-EBEA-4F98-B9B4-84EACCB95AA2): 2
LogDevObjectVersion:   Dev-Platform (6631380F-2D4D-43E0-8009-CF276956A95A): 0
LogDevObjectVersion:   Dev-Rendering (12F88B9F-8875-4AFC-A67C-D90C383ABD29): 36
LogDevObjectVersion:   Dev-Sequencer (7B5AE74C-D270-4C10-A958-57980B212A5A): 11
LogDevObjectVersion:   Dev-VR (D7296918-1DD6-4BDD-9DE2-64A83CC13884): 2
LogDevObjectVersion:   Dev-LoadTimes (C2A15278-BFE7-4AFE-6C17-90FF531DF755): 1
LogDevObjectVersion:   Private-Geometry (6EACA3D4-40EC-4CC1-B786-8BED09428FC5): 3
LogDevObjectVersion:   Dev-AnimPhys (29E575DD-E0A3-4627-9D10-D276232CDCEA): 17
LogDevObjectVersion:   Dev-Anim (AF43A65D-7FD3-4947-9873-3E8ED9C1BB05): 2
LogDevObjectVersion:   Dev-ReflectionCapture (6B266CEC-1EC7-4B8F-A30B-E4D90942FC07): 1
LogDevObjectVersion:   Dev-Automation (0DF73D61-A23F-47EA-B727-89E90C41499A): 1
LogDevObjectVersion:   FortniteMain (601D1886-AC64-4F84-AA16-D3DE0DEAC7D6): 31
LogDevObjectVersion:   Dev-Enterprise (9DFFBCD6-494F-0158-E221-12823C92A888): 8
LogDevObjectVersion:   Dev-Niagara (F2AED0AC-9AFE-416F-8664-AA7FFA26D6FC): 1
LogDevObjectVersion:   Dev-Destruction (174F1F0B-B4C6-45A5-B13F-2EE8D0FB917D): 9
LogDevObjectVersion:   Dev-Physics-Ext (35F94A83-E258-406C-A318-09F59610247C): 8
LogDevObjectVersion:   Dev-CineCamera (B2E18506-4273-CFC2-A54E-F4BB758BBA07): 1
LogInit: Presizing for max 25165824 objects, including 0 objects not considered by GC, pre-allocating 0 bytes for permanent pool.
LogInit: Object subsystem initialized
LogConfig: Setting CVar [[con.DebugEarlyDefault:1]]
LogConfig: Setting CVar [[r.setres:1280x720]]
[2020.01.31-22.57.19:784][  0]LogConfig: Setting CVar [[r.VSync:0]]
[2020.01.31-22.57.19:784][  0]LogConfig: Setting CVar [[r.RHICmdBypass:0]]
[2020.01.31-22.57.19:784][  0]LogConfig: Applying CVar settings from Section [/Script/Engine.RendererSettings] File [D:/GGJ2020/SVN/trunk/RePair/Saved/Config/Windows/Engine.ini]
[2020.01.31-22.57.19:784][  0]LogConfig: Setting CVar [[r.GPUCrashDebugging:0]]
[2020.01.31-22.57.19:784][  0]LogConfig: Applying CVar settings from Section [/Script/Engine.RendererOverrideSettings] File [D:/GGJ2020/SVN/trunk/RePair/Saved/Config/Windows/Engine.ini]
[2020.01.31-22.57.19:784][  0]LogConfig: Applying CVar settings from Section [/Script/Engine.StreamingSettings] File [D:/GGJ2020/SVN/trunk/RePair/Saved/Config/Windows/Engine.ini]
[2020.01.31-22.57.19:784][  0]LogConfig: Setting CVar [[s.MinBulkDataSizeForAsyncLoading:131072]]
[2020.01.31-22.57.19:784][  0]LogConfig: Setting CVar [[s.AsyncLoadingThreadEnabled:0]]
[2020.01.31-22.57.19:784][  0]LogConfig: Setting CVar [[s.EventDrivenLoaderEnabled:1]]
[2020.01.31-22.57.19:784][  0]LogConfig: Setting CVar [[s.WarnIfTimeLimitExceeded:0]]
[2020.01.31-22.57.19:784][  0]LogConfig: Setting CVar [[s.TimeLimitExceededMultiplier:1.5]]
[2020.01.31-22.57.19:784][  0]LogConfig: Setting CVar [[s.TimeLimitExceededMinTime:0.005]]
[2020.01.31-22.57.19:784][  0]LogConfig: Setting CVar [[s.UseBackgroundLevelStreaming:1]]
[2020.01.31-22.57.19:784][  0]LogConfig: Setting CVar [[s.PriorityAsyncLoadingExtraTime:15.0]]
[2020.01.31-22.57.19:784][  0]LogConfig: Setting CVar [[s.LevelStreamingActorsUpdateTimeLimit:5.0]]
[2020.01.31-22.57.19:784][  0]LogConfig: Setting CVar [[s.PriorityLevelStreamingActorsUpdateExtraTime:5.0]]
[2020.01.31-22.57.19:784][  0]LogConfig: Setting CVar [[s.LevelStreamingComponentsRegistrationGranularity:10]]
[2020.01.31-22.57.19:784][  0]LogConfig: Setting CVar [[s.UnregisterComponentsTimeLimit:1.0]]
[2020.01.31-22.57.19:784][  0]LogConfig: Setting CVar [[s.LevelStreamingComponentsUnregistrationGranularity:5]]
[2020.01.31-22.57.19:784][  0]LogConfig: Setting CVar [[s.FlushStreamingOnExit:1]]
[2020.01.31-22.57.19:784][  0]LogConfig: Applying CVar settings from Section [/Script/Engine.GarbageCollectionSettings] File [D:/GGJ2020/SVN/trunk/RePair/Saved/Config/Windows/Engine.ini]
[2020.01.31-22.57.19:784][  0]LogConfig: Setting CVar [[gc.MaxObjectsNotConsideredByGC:1]]
[2020.01.31-22.57.19:784][  0]LogConfig: Setting CVar [[gc.SizeOfPermanentObjectPool:0]]
[2020.01.31-22.57.19:784][  0]LogConfig: Setting CVar [[gc.FlushStreamingOnGC:0]]
[2020.01.31-22.57.19:784][  0]LogConfig: Setting CVar [[gc.NumRetriesBeforeForcingGC:10]]
[2020.01.31-22.57.19:784][  0]LogConfig: Setting CVar [[gc.AllowParallelGC:1]]
[2020.01.31-22.57.19:784][  0]LogConfig: Setting CVar [[gc.TimeBetweenPurgingPendingKillObjects:61.1]]
[2020.01.31-22.57.19:784][  0]LogConfig: Setting CVar [[gc.MaxObjectsInEditor:25165824]]
[2020.01.31-22.57.19:784][  0]LogConfig: Setting CVar [[gc.IncrementalBeginDestroyEnabled:1]]
[2020.01.31-22.57.19:784][  0]LogConfig: Setting CVar [[gc.CreateGCClusters:1]]
[2020.01.31-22.57.19:784][  0]LogConfig: Setting CVar [[gc.MinGCClusterSize:5]]
[2020.01.31-22.57.19:784][  0]LogConfig: Setting CVar [[gc.ActorClusteringEnabled:0]]
[2020.01.31-22.57.19:784][  0]LogConfig: Setting CVar [[gc.BlueprintClusteringEnabled:0]]
[2020.01.31-22.57.19:784][  0]LogConfig: Setting CVar [[gc.UseDisregardForGCOnDedicatedServers:0]]
[2020.01.31-22.57.19:784][  0]LogConfig: Applying CVar settings from Section [/Script/Engine.NetworkSettings] File [D:/GGJ2020/SVN/trunk/RePair/Saved/Config/Windows/Engine.ini]
[2020.01.31-22.57.19:784][  0]LogConfig: Applying CVar settings from Section [/Script/UnrealEd.CookerSettings] File [D:/GGJ2020/SVN/trunk/RePair/Saved/Config/Windows/Engine.ini]
[2020.01.31-22.57.19:787][  0]LogConfig: Applying CVar settings from Section [ViewDistanceQuality@3] File [D:/GGJ2020/SVN/trunk/RePair/Saved/Config/Windows/Scalability.ini]
[2020.01.31-22.57.19:787][  0]LogConfig: Setting CVar [[r.SkeletalMeshLODBias:0]]
[2020.01.31-22.57.19:787][  0]LogConfig: Setting CVar [[r.ViewDistanceScale:1.0]]
[2020.01.31-22.57.19:787][  0]LogConfig: Applying CVar settings from Section [AntiAliasingQuality@3] File [D:/GGJ2020/SVN/trunk/RePair/Saved/Config/Windows/Scalability.ini]
[2020.01.31-22.57.19:787][  0]LogConfig: Setting CVar [[r.PostProcessAAQuality:4]]
[2020.01.31-22.57.19:787][  0]LogConfig: Applying CVar settings from Section [ShadowQuality@3] File [D:/GGJ2020/SVN/trunk/RePair/Saved/Config/Windows/Scalability.ini]
[2020.01.31-22.57.19:787][  0]LogConfig: Setting CVar [[r.LightFunctionQuality:1]]
[2020.01.31-22.57.19:787][  0]LogConfig: Setting CVar [[r.ShadowQuality:5]]
[2020.01.31-22.57.19:787][  0]LogConfig: Setting CVar [[r.Shadow.CSM.MaxCascades:10]]
[2020.01.31-22.57.19:787][  0]LogConfig: Setting CVar [[r.Shadow.MaxResolution:2048]]
[2020.01.31-22.57.19:787][  0]LogConfig: Setting CVar [[r.Shadow.MaxCSMResolution:2048]]
[2020.01.31-22.57.19:787][  0]LogConfig: Setting CVar [[r.Shadow.RadiusThreshold:0.01]]
[2020.01.31-22.57.19:787][  0]LogConfig: Setting CVar [[r.Shadow.DistanceScale:1.0]]
[2020.01.31-22.57.19:787][  0]LogConfig: Setting CVar [[r.Shadow.CSM.TransitionScale:1.0]]
[2020.01.31-22.57.19:787][  0]LogConfig: Setting CVar [[r.Shadow.PreShadowResolutionFactor:1.0]]
[2020.01.31-22.57.19:787][  0]LogConfig: Setting CVar [[r.DistanceFieldShadowing:1]]
[2020.01.31-22.57.19:787][  0]LogConfig: Setting CVar [[r.DistanceFieldAO:1]]
[2020.01.31-22.57.19:787][  0]LogConfig: Setting CVar [[r.AOQuality:2]]
[2020.01.31-22.57.19:787][  0]LogConfig: Setting CVar [[r.VolumetricFog:1]]
[2020.01.31-22.57.19:787][  0]LogConfig: Setting CVar [[r.VolumetricFog.GridPixelSize:8]]
[2020.01.31-22.57.19:787][  0]LogConfig: Setting CVar [[r.VolumetricFog.GridSizeZ:128]]
[2020.01.31-22.57.19:787][  0]LogConfig: Setting CVar [[r.VolumetricFog.HistoryMissSupersampleCount:4]]
[2020.01.31-22.57.19:787][  0]LogConfig: Setting CVar [[r.LightMaxDrawDistanceScale:1]]
[2020.01.31-22.57.19:787][  0]LogConfig: Setting CVar [[r.CapsuleShadows:1]]
[2020.01.31-22.57.19:787][  0]LogConfig: Applying CVar settings from Section [PostProcessQuality@3] File [D:/GGJ2020/SVN/trunk/RePair/Saved/Config/Windows/Scalability.ini]
[2020.01.31-22.57.19:787][  0]LogConfig: Setting CVar [[r.MotionBlurQuality:4]]
[2020.01.31-22.57.19:787][  0]LogConfig: Setting CVar [[r.AmbientOcclusionMipLevelFactor:0.4]]
[2020.01.31-22.57.19:787][  0]LogConfig: Setting CVar [[r.AmbientOcclusionMaxQuality:100]]
[2020.01.31-22.57.19:787][  0]LogConfig: Setting CVar [[r.AmbientOcclusionLevels:-1]]
[2020.01.31-22.57.19:787][  0]LogConfig: Setting CVar [[r.AmbientOcclusionRadiusScale:1.0]]
[2020.01.31-22.57.19:787][  0]LogConfig: Setting CVar [[r.DepthOfFieldQuality:2]]
[2020.01.31-22.57.19:787][  0]LogConfig: Setting CVar [[r.RenderTargetPoolMin:400]]
[2020.01.31-22.57.19:787][  0]LogConfig: Setting CVar [[r.LensFlareQuality:2]]
[2020.01.31-22.57.19:787][  0]LogConfig: Setting CVar [[r.SceneColorFringeQuality:1]]
[2020.01.31-22.57.19:787][  0]LogConfig: Setting CVar [[r.EyeAdaptationQuality:2]]
[2020.01.31-22.57.19:787][  0]LogConfig: Setting CVar [[r.BloomQuality:5]]
[2020.01.31-22.57.19:787][  0]LogConfig: Setting CVar [[r.FastBlurThreshold:100]]
[2020.01.31-22.57.19:787][  0]LogConfig: Setting CVar [[r.Upscale.Quality:3]]
[2020.01.31-22.57.19:787][  0]LogConfig: Setting CVar [[r.Tonemapper.GrainQuantization:1]]
[2020.01.31-22.57.19:787][  0]LogConfig: Setting CVar [[r.LightShaftQuality:1]]
[2020.01.31-22.57.19:787][  0]LogConfig: Setting CVar [[r.Filter.SizeScale:1]]
[2020.01.31-22.57.19:787][  0]LogConfig: Setting CVar [[r.Tonemapper.Quality:5]]
[2020.01.31-22.57.19:787][  0]LogConfig: Setting CVar [[r.DOF.Gather.AccumulatorQuality:1        ; higher gathering accumulator quality]]
[2020.01.31-22.57.19:787][  0]LogConfig: Setting CVar [[r.DOF.Gather.PostfilterMethod:1          ; Median3x3 postfilering method]]
[2020.01.31-22.57.19:787][  0]LogConfig: Setting CVar [[r.DOF.Gather.EnableBokehSettings:0       ; no bokeh simulation when gathering]]
[2020.01.31-22.57.19:787][  0]LogConfig: Setting CVar [[r.DOF.Gather.RingCount:4                 ; medium number of samples when gathering]]
[2020.01.31-22.57.19:787][  0]LogConfig: Setting CVar [[r.DOF.Scatter.ForegroundCompositing:1    ; additive foreground scattering]]
[2020.01.31-22.57.19:787][  0]LogConfig: Setting CVar [[r.DOF.Scatter.BackgroundCompositing:2    ; additive background scattering]]
[2020.01.31-22.57.19:787][  0]LogConfig: Setting CVar [[r.DOF.Scatter.EnableBokehSettings:1      ; bokeh simulation when scattering]]
[2020.01.31-22.57.19:787][  0]LogConfig: Setting CVar [[r.DOF.Scatter.MaxSpriteRatio:0.1         ; only a maximum of 10% of scattered bokeh]]
[2020.01.31-22.57.19:787][  0]LogConfig: Setting CVar [[r.DOF.Recombine.Quality:1                ; cheap slight out of focus]]
[2020.01.31-22.57.19:787][  0]LogConfig: Setting CVar [[r.DOF.Recombine.EnableBokehSettings:0    ; no bokeh simulation on slight out of focus]]
[2020.01.31-22.57.19:787][  0]LogConfig: Setting CVar [[r.DOF.TemporalAAQuality:1                ; more stable temporal accumulation]]
[2020.01.31-22.57.19:787][  0]LogConfig: Setting CVar [[r.DOF.Kernel.MaxForegroundRadius:0.025]]
[2020.01.31-22.57.19:787][  0]LogConfig: Setting CVar [[r.DOF.Kernel.MaxBackgroundRadius:0.025]]
[2020.01.31-22.57.19:787][  0]LogConfig: Applying CVar settings from Section [TextureQuality@3] File [D:/GGJ2020/SVN/trunk/RePair/Saved/Config/Windows/Scalability.ini]
[2020.01.31-22.57.19:787][  0]LogConfig: Setting CVar [[r.Streaming.MipBias:0]]
[2020.01.31-22.57.19:787][  0]LogConfig: Setting CVar [[r.Streaming.AmortizeCPUToGPUCopy:0]]
[2020.01.31-22.57.19:787][  0]LogConfig: Setting CVar [[r.Streaming.MaxNumTexturesToStreamPerFrame:0]]
[2020.01.31-22.57.19:787][  0]LogConfig: Setting CVar [[r.Streaming.Boost:1]]
[2020.01.31-22.57.19:787][  0]LogConfig: Setting CVar [[r.MaxAnisotropy:8]]
[2020.01.31-22.57.19:787][  0]LogConfig: Setting CVar [[r.VT.MaxAnisotropy:8]]
[2020.01.31-22.57.19:787][  0]LogConfig: Setting CVar [[r.Streaming.LimitPoolSizeToVRAM:0]]
[2020.01.31-22.57.19:787][  0]LogConfig: Setting CVar [[r.Streaming.PoolSize:1000]]
[2020.01.31-22.57.19:787][  0]LogConfig: Setting CVar [[r.Streaming.MaxEffectiveScreenSize:0]]
[2020.01.31-22.57.19:787][  0]LogConfig: Applying CVar settings from Section [EffectsQuality@3] File [D:/GGJ2020/SVN/trunk/RePair/Saved/Config/Windows/Scalability.ini]
[2020.01.31-22.57.19:787][  0]LogConfig: Setting CVar [[r.TranslucencyLightingVolumeDim:64]]
[2020.01.31-22.57.19:787][  0]LogConfig: Setting CVar [[r.RefractionQuality:2]]
[2020.01.31-22.57.19:787][  0]LogConfig: Setting CVar [[r.SSR.Quality:3]]
[2020.01.31-22.57.19:787][  0]LogConfig: Setting CVar [[r.SSR.HalfResSceneColor:0]]
[2020.01.31-22.57.19:787][  0]LogConfig: Setting CVar [[r.SceneColorFormat:4]]
[2020.01.31-22.57.19:787][  0]LogConfig: Setting CVar [[r.DetailMode:2]]
[2020.01.31-22.57.19:787][  0]LogConfig: Setting CVar [[r.TranslucencyVolumeBlur:1]]
[2020.01.31-22.57.19:787][  0]LogConfig: Setting CVar [[r.MaterialQualityLevel:1 ; High quality]]
[2020.01.31-22.57.19:787][  0]LogConfig: Setting CVar [[r.SSS.Scale:1]]
[2020.01.31-22.57.19:787][  0]LogConfig: Setting CVar [[r.SSS.SampleSet:2]]
[2020.01.31-22.57.19:787][  0]LogConfig: Setting CVar [[r.SSS.Quality:1]]
[2020.01.31-22.57.19:787][  0]LogConfig: Setting CVar [[r.SSS.HalfRes:1]]
[2020.01.31-22.57.19:787][  0]LogConfig: Setting CVar [[r.SSGI.Quality:3]]
[2020.01.31-22.57.19:788][  0]LogConfig: Setting CVar [[r.EmitterSpawnRateScale:1.0]]
[2020.01.31-22.57.19:788][  0]LogConfig: Setting CVar [[r.ParticleLightQuality:2]]
[2020.01.31-22.57.19:788][  0]LogConfig: Setting CVar [[r.SkyAtmosphere.AerialPerspectiveLUT.FastApplyOnOpaque:1 ; Always have FastSkyLUT 1 in this case to avoid wrong sky]]
[2020.01.31-22.57.19:788][  0]LogConfig: Setting CVar [[r.SkyAtmosphere.AerialPerspectiveLUT.SampleCountPerSlice:1]]
[2020.01.31-22.57.19:788][  0]LogConfig: Setting CVar [[r.SkyAtmosphere.AerialPerspectiveLUT.DepthResolution:16.0]]
[2020.01.31-22.57.19:788][  0]LogConfig: Setting CVar [[r.SkyAtmosphere.FastSkyLUT:1]]
[2020.01.31-22.57.19:788][  0]LogConfig: Setting CVar [[r.SkyAtmosphere.FastSkyLUT.SampleCountMin:4.0]]
[2020.01.31-22.57.19:788][  0]LogConfig: Setting CVar [[r.SkyAtmosphere.FastSkyLUT.SampleCountMax:32.0]]
[2020.01.31-22.57.19:788][  0]LogConfig: Setting CVar [[r.SkyAtmosphere.SampleCountMin:4.0]]
[2020.01.31-22.57.19:788][  0]LogConfig: Setting CVar [[r.SkyAtmosphere.SampleCountMax:32.0]]
[2020.01.31-22.57.19:788][  0]LogConfig: Setting CVar [[r.SkyAtmosphere.TransmittanceLUT.UseSmallFormat:0]]
[2020.01.31-22.57.19:788][  0]LogConfig: Setting CVar [[r.SkyAtmosphere.TransmittanceLUT.SampleCount:10.0]]
[2020.01.31-22.57.19:788][  0]LogConfig: Setting CVar [[r.SkyAtmosphere.MultiScatteringLUT.SampleCount:15.0]]
[2020.01.31-22.57.19:788][  0]LogConfig: Applying CVar settings from Section [FoliageQuality@3] File [D:/GGJ2020/SVN/trunk/RePair/Saved/Config/Windows/Scalability.ini]
[2020.01.31-22.57.19:788][  0]LogConfig: Setting CVar [[foliage.DensityScale:1.0]]
[2020.01.31-22.57.19:788][  0]LogConfig: Setting CVar [[grass.DensityScale:1.0]]
[2020.01.31-22.57.19:788][  0]LogConfig: Applying CVar settings from Section [ShadingQuality@3] File [D:/GGJ2020/SVN/trunk/RePair/Saved/Config/Windows/Scalability.ini]
[2020.01.31-22.57.19:788][  0]LogConfig: Setting CVar [[r.HairStrands.SkyLighting.SampleCount:16]]
[2020.01.31-22.57.19:788][  0]LogConfig: Setting CVar [[r.HairStrands.SkyLighting.JitterIntegration:0]]
[2020.01.31-22.57.19:788][  0]LogConfig: Setting CVar [[r.HairStrands.SkyAO.SampleCount:16]]
[2020.01.31-22.57.19:788][  0]LogInit: Selected Device Profile: [Windows]
[2020.01.31-22.57.19:788][  0]LogInit: Applying CVar settings loaded from the selected device profile: [Windows]
[2020.01.31-22.57.19:790][  0]LogHAL: Display: Platform has ~ 16 GB [17016401920 / 17179869184 / 16], which maps to Larger [LargestMinGB=32, LargerMinGB=12, DefaultMinGB=8, SmallerMinGB=6, SmallestMinGB=0)
[2020.01.31-22.57.19:790][  0]LogInit: Going up to parent DeviceProfile []
[2020.01.31-22.57.19:790][  0]LogConfig: Applying CVar settings from Section [ViewDistanceQuality@3] File [D:/GGJ2020/SVN/trunk/RePair/Saved/Config/Windows/Scalability.ini]
[2020.01.31-22.57.19:790][  0]LogConfig: Setting CVar [[r.SkeletalMeshLODBias:0]]
[2020.01.31-22.57.19:790][  0]LogConfig: Setting CVar [[r.ViewDistanceScale:1.0]]
[2020.01.31-22.57.19:790][  0]LogConfig: Applying CVar settings from Section [AntiAliasingQuality@3] File [D:/GGJ2020/SVN/trunk/RePair/Saved/Config/Windows/Scalability.ini]
[2020.01.31-22.57.19:790][  0]LogConfig: Setting CVar [[r.PostProcessAAQuality:4]]
[2020.01.31-22.57.19:790][  0]LogConfig: Applying CVar settings from Section [ShadowQuality@3] File [D:/GGJ2020/SVN/trunk/RePair/Saved/Config/Windows/Scalability.ini]
[2020.01.31-22.57.19:790][  0]LogConfig: Setting CVar [[r.LightFunctionQuality:1]]
[2020.01.31-22.57.19:790][  0]LogConfig: Setting CVar [[r.ShadowQuality:5]]
[2020.01.31-22.57.19:790][  0]LogConfig: Setting CVar [[r.Shadow.CSM.MaxCascades:10]]
[2020.01.31-22.57.19:790][  0]LogConfig: Setting CVar [[r.Shadow.MaxResolution:2048]]
[2020.01.31-22.57.19:790][  0]LogConfig: Setting CVar [[r.Shadow.MaxCSMResolution:2048]]
[2020.01.31-22.57.19:790][  0]LogConfig: Setting CVar [[r.Shadow.RadiusThreshold:0.01]]
[2020.01.31-22.57.19:790][  0]LogConfig: Setting CVar [[r.Shadow.DistanceScale:1.0]]
[2020.01.31-22.57.19:790][  0]LogConfig: Setting CVar [[r.Shadow.CSM.TransitionScale:1.0]]
[2020.01.31-22.57.19:790][  0]LogConfig: Setting CVar [[r.Shadow.PreShadowResolutionFactor:1.0]]
[2020.01.31-22.57.19:790][  0]LogConfig: Setting CVar [[r.DistanceFieldShadowing:1]]
[2020.01.31-22.57.19:790][  0]LogConfig: Setting CVar [[r.DistanceFieldAO:1]]
[2020.01.31-22.57.19:790][  0]LogConfig: Setting CVar [[r.AOQuality:2]]
[2020.01.31-22.57.19:790][  0]LogConfig: Setting CVar [[r.VolumetricFog:1]]
[2020.01.31-22.57.19:790][  0]LogConfig: Setting CVar [[r.VolumetricFog.GridPixelSize:8]]
[2020.01.31-22.57.19:790][  0]LogConfig: Setting CVar [[r.VolumetricFog.GridSizeZ:128]]
[2020.01.31-22.57.19:790][  0]LogConfig: Setting CVar [[r.VolumetricFog.HistoryMissSupersampleCount:4]]
[2020.01.31-22.57.19:790][  0]LogConfig: Setting CVar [[r.LightMaxDrawDistanceScale:1]]
[2020.01.31-22.57.19:790][  0]LogConfig: Setting CVar [[r.CapsuleShadows:1]]
[2020.01.31-22.57.19:790][  0]LogConfig: Applying CVar settings from Section [PostProcessQuality@3] File [D:/GGJ2020/SVN/trunk/RePair/Saved/Config/Windows/Scalability.ini]
[2020.01.31-22.57.19:790][  0]LogConfig: Setting CVar [[r.MotionBlurQuality:4]]
[2020.01.31-22.57.19:790][  0]LogConfig: Setting CVar [[r.AmbientOcclusionMipLevelFactor:0.4]]
[2020.01.31-22.57.19:790][  0]LogConfig: Setting CVar [[r.AmbientOcclusionMaxQuality:100]]
[2020.01.31-22.57.19:790][  0]LogConfig: Setting CVar [[r.AmbientOcclusionLevels:-1]]
[2020.01.31-22.57.19:790][  0]LogConfig: Setting CVar [[r.AmbientOcclusionRadiusScale:1.0]]
[2020.01.31-22.57.19:790][  0]LogConfig: Setting CVar [[r.DepthOfFieldQuality:2]]
[2020.01.31-22.57.19:790][  0]LogConfig: Setting CVar [[r.RenderTargetPoolMin:400]]
[2020.01.31-22.57.19:790][  0]LogConfig: Setting CVar [[r.LensFlareQuality:2]]
[2020.01.31-22.57.19:790][  0]LogConfig: Setting CVar [[r.SceneColorFringeQuality:1]]
[2020.01.31-22.57.19:790][  0]LogConfig: Setting CVar [[r.EyeAdaptationQuality:2]]
[2020.01.31-22.57.19:790][  0]LogConfig: Setting CVar [[r.BloomQuality:5]]
[2020.01.31-22.57.19:790][  0]LogConfig: Setting CVar [[r.FastBlurThreshold:100]]
[2020.01.31-22.57.19:790][  0]LogConfig: Setting CVar [[r.Upscale.Quality:3]]
[2020.01.31-22.57.19:790][  0]LogConfig: Setting CVar [[r.Tonemapper.GrainQuantization:1]]
[2020.01.31-22.57.19:790][  0]LogConfig: Setting CVar [[r.LightShaftQuality:1]]
[2020.01.31-22.57.19:790][  0]LogConfig: Setting CVar [[r.Filter.SizeScale:1]]
[2020.01.31-22.57.19:790][  0]LogConfig: Setting CVar [[r.Tonemapper.Quality:5]]
[2020.01.31-22.57.19:790][  0]LogConfig: Setting CVar [[r.DOF.Gather.AccumulatorQuality:1        ; higher gathering accumulator quality]]
[2020.01.31-22.57.19:790][  0]LogConfig: Setting CVar [[r.DOF.Gather.PostfilterMethod:1          ; Median3x3 postfilering method]]
[2020.01.31-22.57.19:790][  0]LogConfig: Setting CVar [[r.DOF.Gather.EnableBokehSettings:0       ; no bokeh simulation when gathering]]
[2020.01.31-22.57.19:790][  0]LogConfig: Setting CVar [[r.DOF.Gather.RingCount:4                 ; medium number of samples when gathering]]
[2020.01.31-22.57.19:790][  0]LogConfig: Setting CVar [[r.DOF.Scatter.ForegroundCompositing:1    ; additive foreground scattering]]
[2020.01.31-22.57.19:790][  0]LogConfig: Setting CVar [[r.DOF.Scatter.BackgroundCompositing:2    ; additive background scattering]]
[2020.01.31-22.57.19:790][  0]LogConfig: Setting CVar [[r.DOF.Scatter.EnableBokehSettings:1      ; bokeh simulation when scattering]]
[2020.01.31-22.57.19:790][  0]LogConfig: Setting CVar [[r.DOF.Scatter.MaxSpriteRatio:0.1         ; only a maximum of 10% of scattered bokeh]]
[2020.01.31-22.57.19:790][  0]LogConfig: Setting CVar [[r.DOF.Recombine.Quality:1                ; cheap slight out of focus]]
[2020.01.31-22.57.19:790][  0]LogConfig: Setting CVar [[r.DOF.Recombine.EnableBokehSettings:0    ; no bokeh simulation on slight out of focus]]
[2020.01.31-22.57.19:790][  0]LogConfig: Setting CVar [[r.DOF.TemporalAAQuality:1                ; more stable temporal accumulation]]
[2020.01.31-22.57.19:790][  0]LogConfig: Setting CVar [[r.DOF.Kernel.MaxForegroundRadius:0.025]]
[2020.01.31-22.57.19:790][  0]LogConfig: Setting CVar [[r.DOF.Kernel.MaxBackgroundRadius:0.025]]
[2020.01.31-22.57.19:790][  0]LogConfig: Applying CVar settings from Section [TextureQuality@3] File [D:/GGJ2020/SVN/trunk/RePair/Saved/Config/Windows/Scalability.ini]
[2020.01.31-22.57.19:790][  0]LogConfig: Setting CVar [[r.Streaming.MipBias:0]]
[2020.01.31-22.57.19:790][  0]LogConfig: Setting CVar [[r.Streaming.AmortizeCPUToGPUCopy:0]]
[2020.01.31-22.57.19:790][  0]LogConfig: Setting CVar [[r.Streaming.MaxNumTexturesToStreamPerFrame:0]]
[2020.01.31-22.57.19:790][  0]LogConfig: Setting CVar [[r.Streaming.Boost:1]]
[2020.01.31-22.57.19:790][  0]LogConfig: Setting CVar [[r.MaxAnisotropy:8]]
[2020.01.31-22.57.19:790][  0]LogConfig: Setting CVar [[r.VT.MaxAnisotropy:8]]
[2020.01.31-22.57.19:790][  0]LogConfig: Setting CVar [[r.Streaming.LimitPoolSizeToVRAM:0]]
[2020.01.31-22.57.19:790][  0]LogConfig: Setting CVar [[r.Streaming.PoolSize:1000]]
[2020.01.31-22.57.19:790][  0]LogConfig: Setting CVar [[r.Streaming.MaxEffectiveScreenSize:0]]
[2020.01.31-22.57.19:791][  0]LogConfig: Applying CVar settings from Section [EffectsQuality@3] File [D:/GGJ2020/SVN/trunk/RePair/Saved/Config/Windows/Scalability.ini]
[2020.01.31-22.57.19:791][  0]LogConfig: Setting CVar [[r.TranslucencyLightingVolumeDim:64]]
[2020.01.31-22.57.19:791][  0]LogConfig: Setting CVar [[r.RefractionQuality:2]]
[2020.01.31-22.57.19:791][  0]LogConfig: Setting CVar [[r.SSR.Quality:3]]
[2020.01.31-22.57.19:791][  0]LogConfig: Setting CVar [[r.SSR.HalfResSceneColor:0]]
[2020.01.31-22.57.19:791][  0]LogConfig: Setting CVar [[r.SceneColorFormat:4]]
[2020.01.31-22.57.19:791][  0]LogConfig: Setting CVar [[r.DetailMode:2]]
[2020.01.31-22.57.19:791][  0]LogConfig: Setting CVar [[r.TranslucencyVolumeBlur:1]]
[2020.01.31-22.57.19:791][  0]LogConfig: Setting CVar [[r.MaterialQualityLevel:1 ; High quality]]
[2020.01.31-22.57.19:791][  0]LogConfig: Setting CVar [[r.SSS.Scale:1]]
[2020.01.31-22.57.19:791][  0]LogConfig: Setting CVar [[r.SSS.SampleSet:2]]
[2020.01.31-22.57.19:791][  0]LogConfig: Setting CVar [[r.SSS.Quality:1]]
[2020.01.31-22.57.19:791][  0]LogConfig: Setting CVar [[r.SSS.HalfRes:1]]
[2020.01.31-22.57.19:791][  0]LogConfig: Setting CVar [[r.SSGI.Quality:3]]
[2020.01.31-22.57.19:791][  0]LogConfig: Setting CVar [[r.EmitterSpawnRateScale:1.0]]
[2020.01.31-22.57.19:791][  0]LogConfig: Setting CVar [[r.ParticleLightQuality:2]]
[2020.01.31-22.57.19:791][  0]LogConfig: Setting CVar [[r.SkyAtmosphere.AerialPerspectiveLUT.FastApplyOnOpaque:1 ; Always have FastSkyLUT 1 in this case to avoid wrong sky]]
[2020.01.31-22.57.19:791][  0]LogConfig: Setting CVar [[r.SkyAtmosphere.AerialPerspectiveLUT.SampleCountPerSlice:1]]
[2020.01.31-22.57.19:791][  0]LogConfig: Setting CVar [[r.SkyAtmosphere.AerialPerspectiveLUT.DepthResolution:16.0]]
[2020.01.31-22.57.19:791][  0]LogConfig: Setting CVar [[r.SkyAtmosphere.FastSkyLUT:1]]
[2020.01.31-22.57.19:791][  0]LogConfig: Setting CVar [[r.SkyAtmosphere.FastSkyLUT.SampleCountMin:4.0]]
[2020.01.31-22.57.19:791][  0]LogConfig: Setting CVar [[r.SkyAtmosphere.FastSkyLUT.SampleCountMax:32.0]]
[2020.01.31-22.57.19:791][  0]LogConfig: Setting CVar [[r.SkyAtmosphere.SampleCountMin:4.0]]
[2020.01.31-22.57.19:791][  0]LogConfig: Setting CVar [[r.SkyAtmosphere.SampleCountMax:32.0]]
[2020.01.31-22.57.19:791][  0]LogConfig: Setting CVar [[r.SkyAtmosphere.TransmittanceLUT.UseSmallFormat:0]]
[2020.01.31-22.57.19:791][  0]LogConfig: Setting CVar [[r.SkyAtmosphere.TransmittanceLUT.SampleCount:10.0]]
[2020.01.31-22.57.19:791][  0]LogConfig: Setting CVar [[r.SkyAtmosphere.MultiScatteringLUT.SampleCount:15.0]]
[2020.01.31-22.57.19:791][  0]LogConfig: Applying CVar settings from Section [FoliageQuality@3] File [D:/GGJ2020/SVN/trunk/RePair/Saved/Config/Windows/Scalability.ini]
[2020.01.31-22.57.19:791][  0]LogConfig: Setting CVar [[foliage.DensityScale:1.0]]
[2020.01.31-22.57.19:791][  0]LogConfig: Setting CVar [[grass.DensityScale:1.0]]
[2020.01.31-22.57.19:791][  0]LogConfig: Applying CVar settings from Section [ShadingQuality@3] File [D:/GGJ2020/SVN/trunk/RePair/Saved/Config/Windows/Scalability.ini]
[2020.01.31-22.57.19:791][  0]LogConfig: Setting CVar [[r.HairStrands.SkyLighting.SampleCount:16]]
[2020.01.31-22.57.19:791][  0]LogConfig: Setting CVar [[r.HairStrands.SkyLighting.JitterIntegration:0]]
[2020.01.31-22.57.19:791][  0]LogConfig: Setting CVar [[r.HairStrands.SkyAO.SampleCount:16]]
[2020.01.31-22.57.19:791][  0]LogConfig: Applying CVar settings from Section [Startup] File [../../../Engine/Config/ConsoleVariables.ini]
[2020.01.31-22.57.19:791][  0]LogConfig: Setting CVar [[net.UseAdaptiveNetUpdateFrequency:0]]
[2020.01.31-22.57.19:791][  0]LogConfig: Setting CVar [[p.chaos.AllowCreatePhysxBodies:1]]
[2020.01.31-22.57.19:791][  0]LogConfig: Applying CVar settings from Section [ConsoleVariables] File [D:/GGJ2020/SVN/trunk/RePair/Saved/Config/Windows/Engine.ini]
[2020.01.31-22.57.19:791][  0]LogInit: Computer: MSI
[2020.01.31-22.57.19:791][  0]LogInit: User: ricca
[2020.01.31-22.57.19:791][  0]LogInit: CPU Page size=4096, Cores=6
[2020.01.31-22.57.19:791][  0]LogInit: High frequency timer resolution =10.000000 MHz
[2020.01.31-22.57.19:791][  0]LogMemory: Memory total: Physical=15.8GB (16GB approx)
[2020.01.31-22.57.19:791][  0]LogMemory: Platform Memory Stats for Windows
[2020.01.31-22.57.19:791][  0]LogMemory: Process Physical Memory: 109.64 MB used, 109.64 MB peak
[2020.01.31-22.57.19:791][  0]LogMemory: Process Virtual Memory: 105.76 MB used, 105.76 MB peak
[2020.01.31-22.57.19:791][  0]LogMemory: Physical Memory: 8289.46 MB used,  7938.64 MB free, 16228.11 MB total
[2020.01.31-22.57.19:791][  0]LogMemory: Virtual Memory: 5204.17 MB used,  134212520.00 MB free, 134217728.00 MB total
[2020.01.31-22.57.20:042][  0]LogWindows: WindowsPlatformFeatures enabled
[2020.01.31-22.57.20:059][  0]LogInit: Using OS detected language (it-IT).
[2020.01.31-22.57.20:059][  0]LogInit: Using OS detected locale (it-IT).
[2020.01.31-22.57.20:059][  0]LogTextLocalizationManager: No specific localization for 'it-IT' exists, so the 'it' localization will be used.
[2020.01.31-22.57.20:060][  0]LogTextLocalizationResource: LocRes '../../../Engine/Content/Localization/Editor/it/Editor.locres' could not be opened for reading!
[2020.01.31-22.57.20:060][  0]LogTextLocalizationResource: LocRes '../../../Engine/Content/Localization/EditorTutorials/it/EditorTutorials.locres' could not be opened for reading!
[2020.01.31-22.57.20:060][  0]LogTextLocalizationResource: LocRes '../../../Engine/Content/Localization/Keywords/it/Keywords.locres' could not be opened for reading!
[2020.01.31-22.57.20:060][  0]LogTextLocalizationResource: LocRes '../../../Engine/Content/Localization/Category/it/Category.locres' could not be opened for reading!
[2020.01.31-22.57.20:060][  0]LogTextLocalizationResource: LocRes '../../../Engine/Content/Localization/ToolTips/it/ToolTips.locres' could not be opened for reading!
[2020.01.31-22.57.20:060][  0]LogTextLocalizationResource: LocRes '../../../Engine/Content/Localization/PropertyNames/it/PropertyNames.locres' could not be opened for reading!
[2020.01.31-22.57.20:060][  0]LogTextLocalizationResource: LocRes '../../../Engine/Content/Localization/Engine/it/Engine.locres' could not be opened for reading!
[2020.01.31-22.57.20:061][  0]LogInit: Setting process to per monitor DPI aware
[2020.01.31-22.57.20:087][  0]LogSlate: New Slate User Created.  User Index 0, Is Virtual User: 0
[2020.01.31-22.57.20:087][  0]LogSlate: Slate User Registered.  User Index 0, Is Virtual User: 0
[2020.01.31-22.57.20:312][  0]LogHMD: Failed to initialize OpenVR with code 126
[2020.01.31-22.57.20:312][  0]LogD3D11RHI: D3D11 min allowed feature level: 11_0
[2020.01.31-22.57.20:312][  0]LogD3D11RHI: D3D11 max allowed feature level: 11_0
[2020.01.31-22.57.20:312][  0]LogD3D11RHI: D3D11 adapters:
[2020.01.31-22.57.20:380][  0]LogD3D11RHI:    0. 'NVIDIA GeForce RTX 2060' (Feature Level 11_0)
[2020.01.31-22.57.20:380][  0]LogD3D11RHI:       5980/0/8114 MB DedicatedVideo/DedicatedSystem/SharedSystem, Outputs:2, VendorId:0x10de
[2020.01.31-22.57.20:399][  0]LogD3D11RHI:    1. 'Intel(R) UHD Graphics 630' (Feature Level 11_0)
[2020.01.31-22.57.20:399][  0]LogD3D11RHI:       128/0/8114 MB DedicatedVideo/DedicatedSystem/SharedSystem, Outputs:0, VendorId:0x8086
[2020.01.31-22.57.20:401][  0]LogD3D11RHI:    2. 'Microsoft Basic Render Driver' (Feature Level 11_0)
[2020.01.31-22.57.20:401][  0]LogD3D11RHI:       0/0/8114 MB DedicatedVideo/DedicatedSystem/SharedSystem, Outputs:0, VendorId:0x1414
[2020.01.31-22.57.20:401][  0]LogD3D11RHI: Chosen D3D11 Adapter: 0
[2020.01.31-22.57.20:436][  0]LogD3D11RHI: Creating new Direct3DDevice
[2020.01.31-22.57.20:436][  0]LogD3D11RHI:     GPU DeviceId: 0x1f11 (for the marketing name, search the web for "GPU Device Id")
[2020.01.31-22.57.20:436][  0]LogWindows: EnumDisplayDevices:
[2020.01.31-22.57.20:436][  0]LogWindows:    0. 'Intel(R) UHD Graphics 630' (P:1 D:1)
[2020.01.31-22.57.20:436][  0]LogWindows:    1. 'Intel(R) UHD Graphics 630' (P:0 D:0)
[2020.01.31-22.57.20:436][  0]LogWindows:    2. 'Intel(R) UHD Graphics 630' (P:0 D:0)
[2020.01.31-22.57.20:437][  0]LogWindows:    3. 'NVIDIA GeForce RTX 2060' (P:0 D:1)
[2020.01.31-22.57.20:437][  0]LogWindows:    4. 'NVIDIA GeForce RTX 2060' (P:0 D:0)
[2020.01.31-22.57.20:437][  0]LogWindows:    5. 'NVIDIA GeForce RTX 2060' (P:0 D:0)
[2020.01.31-22.57.20:437][  0]LogWindows:    6. 'NVIDIA GeForce RTX 2060' (P:0 D:0)
[2020.01.31-22.57.20:437][  0]LogWindows: DebugString: PrimaryIsNotTheChoosenAdapter PrimaryIsNotTheChoosenAdapter PrimaryIsNotTheChoosenAdapter FoundDriverCount:4 
[2020.01.31-22.57.20:438][  0]LogD3D11RHI:     Adapter Name: NVIDIA GeForce RTX 2060
[2020.01.31-22.57.20:438][  0]LogD3D11RHI:   Driver Version: 417.49 (internal:25.21.14.1749, unified:417.49)
[2020.01.31-22.57.20:438][  0]LogD3D11RHI:      Driver Date: 12-17-2018
[2020.01.31-22.57.20:438][  0]LogRHI: Texture pool is 4186 MB (70% of 5980 MB)
[2020.01.31-22.57.20:480][  0]LogD3D11RHI: RHI has support for 64 bit atomics
[2020.01.31-22.57.20:480][  0]LogD3D11RHI: Async texture creation enabled
[2020.01.31-22.57.20:498][  0]LogD3D11RHI: GPU Timing Frequency: 1000.000000 (Debug: 2 2)
[2020.01.31-22.57.20:781][  0]LogTargetPlatformManager: Display: Loaded TargetPlatform 'AllDesktop'
[2020.01.31-22.57.20:808][  0]LogTargetPlatformManager: Display: Loaded TargetPlatform 'Android'
[2020.01.31-22.57.20:808][  0]LogTargetPlatformManager: Display: Loaded TargetPlatform 'Android_ASTC'
[2020.01.31-22.57.20:808][  0]LogTargetPlatformManager: Display: Loaded TargetPlatform 'Android_ATC'
[2020.01.31-22.57.20:808][  0]LogTargetPlatformManager: Display: Loaded TargetPlatform 'Android_DXT'
[2020.01.31-22.57.20:808][  0]LogTargetPlatformManager: Display: Loaded TargetPlatform 'Android_ETC1'
[2020.01.31-22.57.20:808][  0]LogTargetPlatformManager: Display: Loaded TargetPlatform 'Android_ETC1a'
[2020.01.31-22.57.20:808][  0]LogTargetPlatformManager: Display: Loaded TargetPlatform 'Android_ETC2'
[2020.01.31-22.57.20:808][  0]LogTargetPlatformManager: Display: Loaded TargetPlatform 'Android_PVRTC'
[2020.01.31-22.57.20:808][  0]LogTargetPlatformManager: Display: Loaded TargetPlatform 'AndroidClient'
[2020.01.31-22.57.20:808][  0]LogTargetPlatformManager: Display: Loaded TargetPlatform 'Android_ASTCClient'
[2020.01.31-22.57.20:808][  0]LogTargetPlatformManager: Display: Loaded TargetPlatform 'Android_ATCClient'
[2020.01.31-22.57.20:808][  0]LogTargetPlatformManager: Display: Loaded TargetPlatform 'Android_DXTClient'
[2020.01.31-22.57.20:808][  0]LogTargetPlatformManager: Display: Loaded TargetPlatform 'Android_ETC1Client'
[2020.01.31-22.57.20:808][  0]LogTargetPlatformManager: Display: Loaded TargetPlatform 'Android_ETC1aClient'
[2020.01.31-22.57.20:808][  0]LogTargetPlatformManager: Display: Loaded TargetPlatform 'Android_ETC2Client'
[2020.01.31-22.57.20:808][  0]LogTargetPlatformManager: Display: Loaded TargetPlatform 'Android_PVRTCClient'
[2020.01.31-22.57.20:808][  0]LogTargetPlatformManager: Display: Loaded TargetPlatform 'Android_Multi'
[2020.01.31-22.57.20:808][  0]LogTargetPlatformManager: Display: Loaded TargetPlatform 'Android_MultiClient'
[2020.01.31-22.57.20:823][  0]LogTargetPlatformManager: Display: Loaded TargetPlatform 'IOSClient'
[2020.01.31-22.57.20:823][  0]LogTargetPlatformManager: Display: Loaded TargetPlatform 'IOS'
[2020.01.31-22.57.20:829][  0]LogTargetPlatformManager: Display: Loaded TargetPlatform 'LinuxNoEditor'
[2020.01.31-22.57.20:834][  0]LogTargetPlatformManager: Display: Loaded TargetPlatform 'LinuxClient'
[2020.01.31-22.57.20:840][  0]LogTargetPlatformManager: Display: Loaded TargetPlatform 'LinuxServer'
[2020.01.31-22.57.20:846][  0]LogTargetPlatformManager: Display: Loaded TargetPlatform 'LinuxAArch64NoEditor'
[2020.01.31-22.57.20:855][  0]LogTargetPlatformManager: Display: Loaded TargetPlatform 'LinuxAArch64Client'
[2020.01.31-22.57.20:863][  0]LogTargetPlatformManager: Display: Loaded TargetPlatform 'LinuxAArch64Server'
[2020.01.31-22.57.20:886][  0]LogTargetPlatformManager: Display: Loaded TargetPlatform 'Lumin'
[2020.01.31-22.57.20:886][  0]LogTargetPlatformManager: Display: Loaded TargetPlatform 'LuminClient'
[2020.01.31-22.57.20:902][  0]LogTargetPlatformManager: Display: Loaded TargetPlatform 'TVOSClient'
[2020.01.31-22.57.20:902][  0]LogTargetPlatformManager: Display: Loaded TargetPlatform 'TVOS'
[2020.01.31-22.57.20:908][  0]LogTargetPlatformManager: Display: Loaded TargetPlatform 'WindowsNoEditor'
[2020.01.31-22.57.20:914][  0]LogTargetPlatformManager: Display: Loaded TargetPlatform 'Windows'
[2020.01.31-22.57.20:920][  0]LogTargetPlatformManager: Display: Loaded TargetPlatform 'WindowsClient'
[2020.01.31-22.57.20:925][  0]LogTargetPlatformManager: Display: Loaded TargetPlatform 'WindowsServer'
[2020.01.31-22.57.20:925][  0]LogTargetPlatformManager: Display: Building Assets For Windows
[2020.01.31-22.57.20:928][  0]LogAudioDebug: Display: Lib vorbis DLL was dynamically loaded.
[2020.01.31-22.57.20:943][  0]LogShaderCompilers: Guid format shader working directory is 6 characters bigger than the processId version (../../../../../GGJ2020/SVN/trunk/RePair/Intermediate/Shaders/WorkingDirectory/19696/).
[2020.01.31-22.57.20:943][  0]LogShaderCompilers: Cleaned the shader compiler working directory 'C:/Users/ricca/AppData/Local/Temp/UnrealShaderWorkingDir/50B4B0DE4E081BF577A495895005431F/'.
[2020.01.31-22.57.20:944][  0]LogXGEController: Cleaning working directory: C:/Users/ricca/AppData/Local/Temp/UnrealXGEWorkingDir/
[2020.01.31-22.57.20:944][  0]LogXGEController: Cannot use XGE Controller as Incredibuild is not installed on this machine.
[2020.01.31-22.57.20:944][  0]LogShaderCompilers: Cannot use XGE Shader Compiler as Incredibuild is not installed on this machine.
[2020.01.31-22.57.20:944][  0]LogShaderCompilers: Display: Using Local Shader Compiler.
[2020.01.31-22.57.21:645][  0]LogDerivedDataCache: Display: Max Cache Size: 512 MB
[2020.01.31-22.57.21:698][  0]LogDerivedDataCache: Loaded boot cache 0.05s 81MB C:/Users/ricca/AppData/Local/UnrealEngine/4.24/DerivedDataCache/Boot.ddc.
[2020.01.31-22.57.21:698][  0]LogDerivedDataCache: Display: Loaded Boot cache: C:/Users/ricca/AppData/Local/UnrealEngine/4.24/DerivedDataCache/Boot.ddc
[2020.01.31-22.57.21:699][  0]LogDerivedDataCache: FDerivedDataBackendGraph:  Pak pak cache file ../../../../../GGJ2020/SVN/trunk/RePair/DerivedDataCache/DDC.ddp not found, will not use a pak cache.
[2020.01.31-22.57.21:699][  0]LogDerivedDataCache: Unable to find inner node Pak for hierarchical cache Hierarchy.
[2020.01.31-22.57.21:699][  0]LogDerivedDataCache: FDerivedDataBackendGraph:  CompressedPak pak cache file ../../../../../GGJ2020/SVN/trunk/RePair/DerivedDataCache/Compressed.ddp not found, will not use a pak cache.
[2020.01.31-22.57.21:699][  0]LogDerivedDataCache: Unable to find inner node CompressedPak for hierarchical cache Hierarchy.
[2020.01.31-22.57.21:708][  0]LogDerivedDataCache: Display: Pak cache opened for reading ../../../Engine/DerivedDataCache/Compressed.ddp.
[2020.01.31-22.57.21:708][  0]LogDerivedDataCache: FDerivedDataBackendGraph:  EnterprisePak pak cache file ../../../Enterprise/DerivedDataCache/Compressed.ddp not found, will not use a pak cache.
[2020.01.31-22.57.21:708][  0]LogDerivedDataCache: Unable to find inner node EnterprisePak for hierarchical cache Hierarchy.
[2020.01.31-22.57.21:710][  0]LogDerivedDataCache: Using Local data cache path C:/Users/ricca/AppData/Local/UnrealEngine/Common/DerivedDataCache: Writable
[2020.01.31-22.57.21:710][  0]LogDerivedDataCache: Shared data cache path not found in *engine.ini, will not use an Shared cache.
[2020.01.31-22.57.21:710][  0]LogDerivedDataCache: Unable to find inner node Shared for hierarchical cache Hierarchy.
[2020.01.31-22.57.21:737][  0]LogMaterial: Verifying Global Shaders for PCD3D_SM5
[2020.01.31-22.57.21:739][  0]LogSlate: Using FreeType 2.10.0
[2020.01.31-22.57.21:739][  0]LogSlate: SlateFontServices - WITH_FREETYPE: 1, WITH_HARFBUZZ: 1
[2020.01.31-22.57.21:783][  0]LogAssetRegistry: FAssetRegistry took 0.0021 seconds to start up
[2020.01.31-22.57.22:051][  0]LogInit: Selected Device Profile: [Windows]
[2020.01.31-22.57.22:184][  0]LogMeshReduction: Using QuadricMeshReduction for automatic static mesh reduction
[2020.01.31-22.57.22:184][  0]LogMeshReduction: Using SimplygonMeshReduction for automatic skeletal mesh reduction
[2020.01.31-22.57.22:184][  0]LogMeshReduction: Using ProxyLODMeshReduction for automatic mesh merging
[2020.01.31-22.57.22:184][  0]LogMeshReduction: No distributed automatic mesh merging module available
[2020.01.31-22.57.22:184][  0]LogMeshMerging: No distributed automatic mesh merging module available
[2020.01.31-22.57.22:195][  0]LogNetVersion: RePair 1.0.0, NetCL: 10570792, EngineNetVer: 13, GameNetVer: 0 (Checksum: 1267607237)
[2020.01.31-22.57.23:053][  0]LogPackageLocalizationCache: Processed 10 localized package path(s) for 1 prioritized culture(s) in 0.035329 seconds
[2020.01.31-22.57.23:060][  0]LogUObjectArray: 46750 objects as part of root set at end of initial load.
[2020.01.31-22.57.23:060][  0]LogUObjectAllocator: 8137160 out of 0 bytes used by permanent object pool.
[2020.01.31-22.57.23:060][  0]LogUObjectArray: CloseDisregardForGC: 0/0 objects in disregard for GC pool
[2020.01.31-22.57.23:400][  0]LogTcpMessaging: Initializing TcpMessaging bridge
[2020.01.31-22.57.23:402][  0]LogUdpMessaging: Initializing bridge on interface 0.0.0.0:0 to multicast group 230.0.0.1:6666.
[2020.01.31-22.57.23:447][  0]SourceControl: Source control is disabled
[2020.01.31-22.57.23:447][  0]SourceControl: Source control is disabled
[2020.01.31-22.57.23:448][  0]SourceControl: Source control is disabled
[2020.01.31-22.57.23:448][  0]SourceControl: Source control is disabled
[2020.01.31-22.57.23:449][  0]SourceControl: Source control is disabled
[2020.01.31-22.57.23:515][  0]LogAndroidPermission: UAndroidPermissionCallbackProxy::GetInstance
[2020.01.31-22.57.23:527][  0]LogAudioCaptureCore: Display: No Audio Capture implementations found. Audio input will be silent.
[2020.01.31-22.57.23:527][  0]LogAudioCaptureCore: Display: No Audio Capture implementations found. Audio input will be silent.
[2020.01.31-22.57.23:607][  0]LogOcInput: OculusInput pre-init called
[2020.01.31-22.57.24:142][  0]LogEngine: Initializing Engine...
[2020.01.31-22.57.24:171][  0]LogHMD: Failed to initialize OpenVR with code 126
[2020.01.31-22.57.24:172][  0]LogStats: UGameplayTagsManager::InitializeManager -  0.000 s
[2020.01.31-22.57.24:474][  0]LogInit: Initializing FReadOnlyCVARCache
[2020.01.31-22.57.24:480][  0]LogAIModule: Creating AISystem for world Untitled
[2020.01.31-22.57.24:487][  0]LogAudioMixer: Display: Audio Mixer Platform Settings:
[2020.01.31-22.57.24:487][  0]LogAudioMixer: Display: 	Sample Rate:						  48000
[2020.01.31-22.57.24:487][  0]LogAudioMixer: Display: 	Callback Buffer Frame Size Requested: 1024
[2020.01.31-22.57.24:487][  0]LogAudioMixer: Display: 	Callback Buffer Frame Size To Use:	  1024
[2020.01.31-22.57.24:487][  0]LogAudioMixer: Display: 	Number of buffers to queue:			  2
[2020.01.31-22.57.24:487][  0]LogAudioMixer: Display: 	Max Channels (voices):				  32
[2020.01.31-22.57.24:487][  0]LogAudioMixer: Display: 	Number of Async Source Workers:		  0
[2020.01.31-22.57.24:487][  0]LogAudio: Display: AudioDevice MaxSources: 32
[2020.01.31-22.57.24:487][  0]LogAudio: Display: Using built-in audio occlusion.
[2020.01.31-22.57.24:487][  0]LogAudioMixer: Display: Initializing audio mixer.
[2020.01.31-22.57.24:594][  0]LogAudioMixer: Display: Audio Device Output Speaker Info:
[2020.01.31-22.57.24:594][  0]LogAudioMixer: Display: Name: Speakers (2- Realtek(R) Audio)
[2020.01.31-22.57.24:594][  0]LogAudioMixer: Display: Is Default: Yes
[2020.01.31-22.57.24:594][  0]LogAudioMixer: Display: Sample Rate: 48000
[2020.01.31-22.57.24:594][  0]LogAudioMixer: Display: Channel Count Used: 8
[2020.01.31-22.57.24:594][  0]LogAudioMixer: Display: Device Channel Count: 8
[2020.01.31-22.57.24:594][  0]LogAudioMixer: Display: Channel Order:
[2020.01.31-22.57.24:594][  0]LogAudioMixer: Display: 0: FrontLeft
[2020.01.31-22.57.24:595][  0]LogAudioMixer: Display: 1: FrontRight
[2020.01.31-22.57.24:595][  0]LogAudioMixer: Display: 2: FrontCenter
[2020.01.31-22.57.24:595][  0]LogAudioMixer: Display: 3: LowFrequency
[2020.01.31-22.57.24:595][  0]LogAudioMixer: Display: 4: BackLeft
[2020.01.31-22.57.24:595][  0]LogAudioMixer: Display: 5: BackRight
[2020.01.31-22.57.24:595][  0]LogAudioMixer: Display: 6: SideLeft
[2020.01.31-22.57.24:595][  0]LogAudioMixer: Display: 7: SideRight
[2020.01.31-22.57.24:808][  0]LogAudioMixer: Display: Using Audio Device Speakers (2- Realtek(R) Audio)
[2020.01.31-22.57.24:813][  0]LogInit: FAudioDevice initialized.
[2020.01.31-22.57.24:813][  0]LogNetVersion: Set ProjectVersion to 1.0.0.0. Version Checksum will be recalculated on next use.
[2020.01.31-22.57.24:868][  0]LogDerivedDataCache: Saved boot cache 0.05s 81MB C:/Users/ricca/AppData/Local/UnrealEngine/4.24/DerivedDataCache/Boot.ddc.
[2020.01.31-22.57.24:871][  0]LogInit: Texture streaming: Enabled
[2020.01.31-22.57.24:883][  0]LogEngineSessionManager: EngineSessionManager initialized
[2020.01.31-22.57.24:883][  0]LogEditorSessionSummary: Verbose: Initializing EditorSessionSummaryWriter for editor session tracking
[2020.01.31-22.57.24:884][  0]LogEditorSessionSummary: EditorSessionSummaryWriter initialized
[2020.01.31-22.57.24:938][  0]LogInit: Transaction tracking system initialized
[2020.01.31-22.57.24:948][  0]BlueprintLog: New page: Editor Load
[2020.01.31-22.57.24:970][  0]LocalizationService: Localization service is disabled
[2020.01.31-22.57.25:217][  0]LogFileCache: Scanning file cache for directory 'D:/GGJ2020/SVN/trunk/RePair/Content/' took 0.00s
[2020.01.31-22.57.25:217][  0]LogCook: Display: Max memory allowance for cook 16384mb min free memory 0mb
[2020.01.31-22.57.25:217][  0]LogCook: Display: Mobile HDR setting 1
[2020.01.31-22.57.25:749][  0]SourceControl: Source control is disabled
[2020.01.31-22.57.25:749][  0]Cmd: MAP LOAD FILE="../../../Engine/Content/Maps/Templates/Template_Default.umap" TEMPLATE=1 SHOWPROGRESS=1 FEATURELEVEL=3
[2020.01.31-22.57.25:750][  0]LightingResults: New page: Lighting Build
[2020.01.31-22.57.25:750][  0]LogWorld: UWorld::CleanupWorld for Untitled, bSessionEnded=true, bCleanupResources=true
[2020.01.31-22.57.25:750][  0]LogSlate: InvalidateAllWidgets triggered.  All widgets were invalidated
[2020.01.31-22.57.25:750][  0]MapCheck: New page: Map Check
[2020.01.31-22.57.25:750][  0]LightingResults: New page: Lighting Build
[2020.01.31-22.57.25:779][  0]LogUObjectHash: Compacting FUObjectHashTables data took   1.46ms
[2020.01.31-22.57.25:855][  0]LogAIModule: Creating AISystem for world Untitled_1
[2020.01.31-22.57.25:859][  0]LogEditorServer: Finished looking for orphan Actors (0.000 secs)
[2020.01.31-22.57.25:888][  0]LogUObjectHash: Compacting FUObjectHashTables data took   1.84ms
[2020.01.31-22.57.25:888][  0]Cmd: MAP CHECKDEP NOCLEARLOG
[2020.01.31-22.57.25:889][  0]MapCheck: Map check complete: 0 Error(s), 0 Warning(s), took 0,088ms to complete.
[2020.01.31-22.57.25:889][  0]LogFileHelpers: Loading map 'Template_Default' took 0.139
[2020.01.31-22.57.26:027][  0]LogSlate: Updating window title bar state: overlay mode, drag disabled, window buttons hidden, title bar hidden
[2020.01.31-22.57.26:034][  0]LogSlate: Updating window title bar state: overlay mode, drag disabled, window buttons hidden, title bar hidden
[2020.01.31-22.57.26:040][  0]LogSlate: Updating window title bar state: overlay mode, drag disabled, window buttons hidden, title bar hidden
[2020.01.31-22.57.26:046][  0]LogSlate: Updating window title bar state: overlay mode, drag disabled, window buttons hidden, title bar hidden
[2020.01.31-22.57.26:049][  0]LogCollectionManager: Loaded 0 collections in 0.000632 seconds
[2020.01.31-22.57.26:060][  0]LogFileCache: Scanning file cache for directory 'D:/GGJ2020/SVN/trunk/RePair/Saved/Collections/' took 0.00s
[2020.01.31-22.57.26:061][  0]LogFileCache: Scanning file cache for directory 'D:/GGJ2020/SVN/trunk/RePair/Content/Developers/ricca/Collections/' took 0.00s
[2020.01.31-22.57.26:061][  0]LogFileCache: Scanning file cache for directory 'D:/GGJ2020/SVN/trunk/RePair/Content/Collections/' took 0.00s
[2020.01.31-22.57.26:061][  0]LogContentBrowser: Native class hierarchy populated in 0.0073 seconds. Added 3015 classes and 717 folders.
[2020.01.31-22.57.26:062][  0]LogContentBrowser: Native class hierarchy updated for 'WidgetCarousel' in 0.0002 seconds. Added 0 classes and 0 folders.
[2020.01.31-22.57.26:092][  0]LogContentBrowser: Native class hierarchy updated for 'AddContentDialog' in 0.0002 seconds. Added 0 classes and 0 folders.
[2020.01.31-22.57.26:104][  0]LogContentBrowser: Native class hierarchy updated for 'WorldBrowser' in 0.0002 seconds. Added 2 classes and 3 folders.
[2020.01.31-22.57.26:109][  0]LogContentBrowser: Native class hierarchy updated for 'SceneOutliner' in 0.0003 seconds. Added 2 classes and 3 folders.
[2020.01.31-22.57.26:160][  0]LogSlate: Took 0.000233 seconds to synchronously load lazily loaded font '../../../Engine/Content/Slate/Fonts/Roboto-Regular.ttf' (155K)
[2020.01.31-22.57.26:163][  0]LogSlate: Took 0.000123 seconds to synchronously load lazily loaded font '../../../Engine/Content/Slate/Fonts/Roboto-Bold.ttf' (160K)
[2020.01.31-22.57.26:165][  0]LogSlate: Took 0.000143 seconds to synchronously load lazily loaded font '../../../Engine/Content/Editor/Slate/Fonts/FontAwesome.ttf' (139K)
[2020.01.31-22.57.26:223][  0]LogRenderer: Reallocating scene render targets to support 856x412 Format 10 NumSamples 1 (Frame:1).
[2020.01.31-22.57.26:292][  0]LogContentBrowser: Native class hierarchy updated for 'HierarchicalLODOutliner' in 0.0002 seconds. Added 0 classes and 0 folders.
[2020.01.31-22.57.26:292][  0]LogLoad: (Engine Initialization) Total time: 7.94 seconds
[2020.01.31-22.57.26:292][  0]LogLoad: (Engine Initialization) Total Blueprint compile time: 0.00 seconds
[2020.01.31-22.57.26:340][  0]LogAssetRegistry: Asset discovery search completed in 4.5582 seconds
[2020.01.31-22.57.26:343][  0]LogCollectionManager: Fixed up redirectors for 0 collections in 0.000008 seconds (updated 0 objects)
[2020.01.31-22.57.26:345][  0]LogContentStreaming: Texture pool size now 1000 MB
[2020.01.31-22.57.26:362][  0]LogSlate: Took 0.000155 seconds to synchronously load lazily loaded font '../../../Engine/Content/Slate/Fonts/Roboto-Light.ttf' (167K)
[2020.01.31-22.57.32:221][264]LogUObjectHash: Compacting FUObjectHashTables data took   0.57ms
[2020.01.31-22.57.33:583][264]LogSlate: Window 'Delete Assets' being destroyed
[2020.01.31-22.57.34:593][321]LogUObjectHash: Compacting FUObjectHashTables data took   0.63ms
[2020.01.31-22.57.41:694][321]LogSlate: Took 0.000083 seconds to synchronously load lazily loaded font '../../../Engine/Content/Slate/Fonts/Roboto-Light.ttf' (167K)
[2020.01.31-22.57.48:407][321]LogSlate: Window 'Replace References?' being destroyed
[2020.01.31-22.57.48:414][321]LogSlate: Window 'Delete Assets' being destroyed
[2020.01.31-22.57.48:949][321]LogUObjectHash: Compacting FUObjectHashTables data took   1.23ms
[2020.01.31-22.57.50:786][321]LogSlate: Window 'Save Content' being destroyed
[2020.01.31-22.57.50:839][321]Cmd: OBJ SAVEPACKAGE PACKAGE="/Game/Blueprints/Tech/Collectable" FILE="../../../../../GGJ2020/SVN/trunk/RePair/Content/Blueprints/Tech/Collectable.uasset" SILENT=true
[2020.01.31-22.57.50:845][321]LogSavePackage: Moving '../../../../../GGJ2020/SVN/trunk/RePair/Saved/Collectable5C2664BC4EAF0177169DFB91E464BF04.tmp' to '../../../../../GGJ2020/SVN/trunk/RePair/Content/Blueprints/Tech/Collectable.uasset'
[2020.01.31-22.57.50:865][321]AssetCheck: New page: Asset Save: Collectable
[2020.01.31-22.57.50:865][321]LogContentValidation: Display: Validating ObjectRedirector /Game/Blueprints/Tech/Collectable.Collectable
[2020.01.31-22.57.53:976][499]LogSlate: Took 0.053496 seconds to synchronously load lazily loaded font '../../../Engine/Content/Slate/Fonts/DroidSansMono.ttf' (77K)
[2020.01.31-22.57.59:718][817]LogAssetEditorSubsystem: Opening Asset editor for Blueprint /Game/CustomGameInstance.CustomGameInstance
[2020.01.31-22.57.59:846][817]LogContentBrowser: Native class hierarchy updated for 'BlueprintGraph' in 0.0005 seconds. Added 121 classes and 0 folders.
[2020.01.31-22.58.00:612][817]LogSlate: Took 0.000114 seconds to synchronously load lazily loaded font '../../../Engine/Content/Slate/Fonts/Roboto-BoldCondensed.ttf' (158K)
[2020.01.31-22.58.07:080][189]Cmd: OBJ SAVEPACKAGE PACKAGE="/Game/CustomGameInstance" FILE="../../../../../GGJ2020/SVN/trunk/RePair/Content/CustomGameInstance.uasset" SILENT=true
[2020.01.31-22.58.07:104][189]LogSavePackage: Moving '../../../../../GGJ2020/SVN/trunk/RePair/Saved/CustomGameInstance3E97C86B4C7C6BB6CAF4098F61E7BBFA.tmp' to '../../../../../GGJ2020/SVN/trunk/RePair/Content/CustomGameInstance.uasset'
[2020.01.31-22.58.07:120][189]AssetCheck: New page: Asset Save: CustomGameInstance
[2020.01.31-22.58.07:120][189]LogContentValidation: Display: Validating Blueprint /Game/CustomGameInstance.CustomGameInstance
[2020.01.31-22.58.16:136][705]LogUObjectHash: Compacting FUObjectHashTables data took   2.76ms
[2020.01.31-22.58.20:520][705]LogSlate: Window 'Delete Assets' being destroyed
[2020.01.31-22.58.20:703][705]LogUObjectHash: Compacting FUObjectHashTables data took   2.09ms
[2020.01.31-22.58.20:733][705]LogUObjectHash: Compacting FUObjectHashTables data took   0.72ms
[2020.01.31-22.58.20:775][705]LogUObjectHash: Compacting FUObjectHashTables data took   1.97ms
[2020.01.31-22.58.20:806][705]LogUObjectHash: Compacting FUObjectHashTables data took   0.75ms
[2020.01.31-22.58.26:211][ 21]LogAssetEditorSubsystem: Opening Asset editor for Blueprint /Game/Blueprints/HomeBase.HomeBase
[2020.01.31-22.58.26:591][ 22]LogSlate: Took 0.000144 seconds to synchronously load lazily loaded font '../../../Engine/Content/Slate/Fonts/Roboto-Italic.ttf' (157K)
[2020.01.31-23.00.07:733][689]LogSlate: Window 'HomeBase' being destroyed
[2020.01.31-23.00.16:614][203]Cmd: OBJ SAVEPACKAGE PACKAGE="/Game/Blueprints/HomeBase" FILE="../../../../../GGJ2020/SVN/trunk/RePair/Content/Blueprints/HomeBase.uasset" SILENT=true
[2020.01.31-23.00.16:631][203]LogSavePackage: Moving '../../../../../GGJ2020/SVN/trunk/RePair/Saved/HomeBaseB4C5FC0047C259B7472201B6E369FE49.tmp' to '../../../../../GGJ2020/SVN/trunk/RePair/Content/Blueprints/HomeBase.uasset'
[2020.01.31-23.00.16:647][203]AssetCheck: New page: Asset Save: HomeBase
[2020.01.31-23.00.16:647][203]LogContentValidation: Display: Validating Blueprint /Game/Blueprints/HomeBase.HomeBase
[2020.01.31-23.00.19:307][355]LogRenderer: Reallocating scene render targets to support 1000x500 Format 10 NumSamples 1 (Frame:1).
[2020.01.31-23.02.36:691][889]LogFactory: FactoryCreateFile: StaticMesh with FbxFactory (0 0 C:\Users\ricca\Desktop\Cube.fbx)
[2020.01.31-23.02.36:846][889]LogFbx: Loading FBX Scene from C:\Users\ricca\Desktop\Cube.fbx
[2020.01.31-23.02.36:862][889]LogFbx: FBX Scene Loaded Succesfully
[2020.01.31-23.02.38:654][889]LogSlate: Window 'FBX Import Options' being destroyed
[2020.01.31-23.02.38:854][889]LogMaterial: Display: Missing cached shader map for material Material, compiling. 
[2020.01.31-23.02.38:895][889]LogFbx: Display: Triangulating static mesh Cube
[2020.01.31-23.02.38:912][889]LogShaderCompilers: Display: Worker (1/9): shaders left to compile 15
[2020.01.31-23.02.38:912][889]LogShaderCompilers: Display: Worker (2/9): shaders left to compile 13
[2020.01.31-23.02.38:912][889]LogShaderCompilers: Display: Worker (3/9): shaders left to compile 11
[2020.01.31-23.02.38:912][889]LogShaderCompilers: Display: Worker (4/9): shaders left to compile 9
[2020.01.31-23.02.38:912][889]LogShaderCompilers: Display: Worker (5/9): shaders left to compile 7
[2020.01.31-23.02.38:912][889]LogShaderCompilers: Display: Worker (6/9): shaders left to compile 5
[2020.01.31-23.02.38:912][889]LogShaderCompilers: Display: Worker (7/9): shaders left to compile 3
[2020.01.31-23.02.38:912][889]LogShaderCompilers: Display: Worker (8/9): shaders left to compile 1
[2020.01.31-23.02.38:965][889]LogStaticMesh: Building static mesh Cube...
[2020.01.31-23.02.38:987][889]LogStaticMesh: Built static mesh [0.02s] /Game/Art/Meshes_FBX/Cube.Cube
[2020.01.31-23.02.39:019][889]LogStaticMesh: Warning: Cube has degenerate tangent bases which will result in incorrect shading.  MikkTSpace relies on tangent bases and may result in mesh corruption, consider disabling this option.
[2020.01.31-23.02.39:019][889]LogStaticMesh: Warning: Cube has some nearly zero bi-normals which can create some issues. (Tolerance of 1E-4)
[2020.01.31-23.02.39:029][889]FBXImport: Warning: No smoothing group information was found in this FBX scene.  Please make sure to enable the 'Export Smoothing Groups' option in the FBX Exporter plug-in before exporting the file.  Even for tools that don't support smoothing groups, the FBX Exporter will generate appropriate smoothing data at export-time so that correct vertex normals can be inferred while importing. 
[2020.01.31-23.02.39:029][889]FBXImport: Warning: Cube has degenerate tangent bases which will result in incorrect shading.  MikkTSpace relies on tangent bases and may result in mesh corruption, consider disabling this option. 
[2020.01.31-23.02.39:029][889]FBXImport: Warning: Cube has some nearly zero bi-normals which can create some issues. (Tolerance of 1E-4) 
[2020.01.31-23.02.41:803][  7]LogSlate: Window 'Message Log' being destroyed
[2020.01.31-23.02.41:812][  7]LogSlate: Window 'Message Log' being destroyed
[2020.01.31-23.02.43:382][ 87]Cmd: OBJ SAVEPACKAGE PACKAGE="/Game/Art/Meshes_FBX/Cube" FILE="../../../../../GGJ2020/SVN/trunk/RePair/Content/Art/Meshes_FBX/Cube.uasset" SILENT=true
[2020.01.31-23.02.43:395][ 87]LogSavePackage: Moving '../../../../../GGJ2020/SVN/trunk/RePair/Saved/Cube802F063944236D8A1ECE279B1870677B.tmp' to '../../../../../GGJ2020/SVN/trunk/RePair/Content/Art/Meshes_FBX/Cube.uasset'
[2020.01.31-23.02.43:411][ 87]AssetCheck: New page: Asset Save: Cube
[2020.01.31-23.02.43:411][ 87]LogContentValidation: Display: Validating StaticMesh /Game/Art/Meshes_FBX/Cube.Cube
[2020.01.31-23.02.44:800][166]Cmd: OBJ SAVEPACKAGE PACKAGE="/Game/Art/Meshes_FBX/Material" FILE="../../../../../GGJ2020/SVN/trunk/RePair/Content/Art/Meshes_FBX/Material.uasset" SILENT=true
[2020.01.31-23.02.44:812][166]LogSavePackage: Moving '../../../../../GGJ2020/SVN/trunk/RePair/Saved/MaterialF11323B945D7027D60037CAF14441DCA.tmp' to '../../../../../GGJ2020/SVN/trunk/RePair/Content/Art/Meshes_FBX/Material.uasset'
[2020.01.31-23.02.44:827][166]AssetCheck: New page: Asset Save: Material
[2020.01.31-23.02.44:827][166]LogContentValidation: Display: Validating Material /Game/Art/Meshes_FBX/Material.Material
[2020.01.31-23.02.46:372][255]LogUObjectHash: Compacting FUObjectHashTables data took   3.84ms
[2020.01.31-23.02.48:633][255]LogSlate: Window 'Delete Assets' being destroyed
[2020.01.31-23.03.01:697][997]Cmd: OBJ SAVEPACKAGE PACKAGE="/Game/Art/Material/Material" FILE="../../../../../GGJ2020/SVN/trunk/RePair/Content/Art/Material/Material.uasset" SILENT=true
[2020.01.31-23.03.01:709][997]LogSavePackage: Moving '../../../../../GGJ2020/SVN/trunk/RePair/Saved/MaterialB6AA4B7A4B60C29A6A8EDE8A174698D6.tmp' to '../../../../../GGJ2020/SVN/trunk/RePair/Content/Art/Material/Material.uasset'
[2020.01.31-23.03.01:923][997]LogUObjectHash: Compacting FUObjectHashTables data took   2.43ms
[2020.01.31-23.03.01:966][997]LogUObjectHash: Compacting FUObjectHashTables data took   2.54ms
[2020.01.31-23.03.01:998][997]LogUObjectHash: Compacting FUObjectHashTables data took   0.88ms
[2020.01.31-23.03.02:037][997]Cmd: OBJ SAVEPACKAGE PACKAGE="/Game/Art/Meshes_FBX/Cube" FILE="../../../../../GGJ2020/SVN/trunk/RePair/Content/Art/Meshes_FBX/Cube.uasset" SILENT=true
[2020.01.31-23.03.02:048][997]LogSavePackage: Moving '../../../../../GGJ2020/SVN/trunk/RePair/Saved/Cube8230983E403EB1C233937E8BFC867709.tmp' to '../../../../../GGJ2020/SVN/trunk/RePair/Content/Art/Meshes_FBX/Cube.uasset'
[2020.01.31-23.03.02:089][997]AssetCheck: New page: Asset Save: multiple assets
[2020.01.31-23.03.02:089][997]LogContentValidation: Display: Validating Material /Game/Art/Material/Material.Material
[2020.01.31-23.03.02:089][997]LogContentValidation: Display: Validating StaticMesh /Game/Art/Meshes_FBX/Cube.Cube
[2020.01.31-23.03.06:666][121]LogSlate: Window 'Save Level As' being destroyed
[2020.01.31-23.03.15:189][163]LogSlate: Window 'Save Level As' being destroyed
[2020.01.31-23.03.24:218][689]LogAIModule: Creating AISystem for world riccardoBaseMap
[2020.01.31-23.03.24:220][689]LogAssetEditorSubsystem: Opening Asset editor for World /Game/Levels/riccardoBaseMap.riccardoBaseMap
[2020.01.31-23.03.24:253][689]LogUObjectHash: Compacting FUObjectHashTables data took   1.94ms
[2020.01.31-23.03.26:317][689]LogSlate: Window 'Save Content' being destroyed
[2020.01.31-23.03.26:324][689]Cmd: MAP LOAD FILE="../../../../../GGJ2020/SVN/trunk/RePair/Content/Levels/riccardoBaseMap.umap" TEMPLATE=0 SHOWPROGRESS=1 FEATURELEVEL=3
[2020.01.31-23.03.26:328][689]LightingResults: New page: Lighting Build
[2020.01.31-23.03.26:328][689]LoadErrors: New page: Loading map: riccardoBaseMap.umap
[2020.01.31-23.03.26:329][689]LogWorld: UWorld::CleanupWorld for Untitled_1, bSessionEnded=true, bCleanupResources=true
[2020.01.31-23.03.26:329][689]LogSlate: InvalidateAllWidgets triggered.  All widgets were invalidated
[2020.01.31-23.03.26:329][689]MapCheck: New page: Map Check
[2020.01.31-23.03.26:329][689]LightingResults: New page: Lighting Build
[2020.01.31-23.03.26:366][689]LogUObjectHash: Compacting FUObjectHashTables data took   2.93ms
[2020.01.31-23.03.26:368][689]LogEditorServer: Finished looking for orphan Actors (0.000 secs)
[2020.01.31-23.03.26:406][689]LogUObjectHash: Compacting FUObjectHashTables data took   3.53ms
[2020.01.31-23.03.26:425][689]Cmd: MAP CHECKDEP NOCLEARLOG
[2020.01.31-23.03.26:425][689]MapCheck: Map check complete: 0 Error(s), 0 Warning(s), took 0,072ms to complete.
[2020.01.31-23.03.26:425][689]LogFileHelpers: Loading map 'riccardoBaseMap' took 0.101
[2020.01.31-23.03.27:650][756]Cmd: OBJ SAVEPACKAGE PACKAGE="/Game/Levels/riccardoBaseMap" FILE="../../../../../GGJ2020/SVN/trunk/RePair/Content/Levels/riccardoBaseMap.umap" SILENT=true AUTOSAVING=false KEEPDIRTY=false
[2020.01.31-23.03.27:683][756]LogUObjectHash: Compacting FUObjectHashTables data took   0.79ms
[2020.01.31-23.03.27:700][756]LogSavePackage: Moving '../../../../../GGJ2020/SVN/trunk/RePair/Saved/riccardoBaseMap3B81CEA641977F1B108624AEDDC4ED43.tmp' to '../../../../../GGJ2020/SVN/trunk/RePair/Content/Levels/riccardoBaseMap.umap'
[2020.01.31-23.03.27:720][756]LogFileHelpers: Saving map 'riccardoBaseMap' took 0.071
[2020.01.31-23.03.27:736][756]AssetCheck: New page: Asset Save: riccardoBaseMap
[2020.01.31-23.03.27:736][756]LogContentValidation: Display: Validating World /Game/Levels/riccardoBaseMap.riccardoBaseMap
[2020.01.31-23.03.28:977][827]Cmd: OBJ SAVEPACKAGE PACKAGE="/Game/Levels/riccardoBaseMap" FILE="../../../../../GGJ2020/SVN/trunk/RePair/Content/Levels/riccardoBaseMap.umap" SILENT=true AUTOSAVING=false KEEPDIRTY=false
[2020.01.31-23.03.29:012][827]LogUObjectHash: Compacting FUObjectHashTables data took   0.89ms
[2020.01.31-23.03.29:025][827]LogSavePackage: Moving '../../../../../GGJ2020/SVN/trunk/RePair/Saved/riccardoBaseMap59B2DD0045EE009DED5E7AA2CC0BB1F2.tmp' to '../../../../../GGJ2020/SVN/trunk/RePair/Content/Levels/riccardoBaseMap.umap'
[2020.01.31-23.03.29:046][827]Cmd: OBJ SAVEPACKAGE PACKAGE="/Game/Levels/riccardoBaseMap_BuiltData" FILE="../../../../../GGJ2020/SVN/trunk/RePair/Content/Levels/riccardoBaseMap_BuiltData.uasset" SILENT=true
[2020.01.31-23.03.29:064][827]LogSavePackage: Moving '../../../../../GGJ2020/SVN/trunk/RePair/Saved/riccardoBaseMap_BuiltData81BD511344EE400FF1C5669894E47F82.tmp' to '../../../../../GGJ2020/SVN/trunk/RePair/Content/Levels/riccardoBaseMap_BuiltData.uasset'
[2020.01.31-23.03.29:086][827]AssetCheck: New page: Asset Save: multiple assets
[2020.01.31-23.03.29:086][827]LogContentValidation: Display: Validating World /Game/Levels/riccardoBaseMap.riccardoBaseMap
[2020.01.31-23.03.29:086][827]LogContentValidation: Display: Validating MapBuildDataRegistry /Game/Levels/riccardoBaseMap_BuiltData.riccardoBaseMap_BuiltData
[2020.01.31-23.03.44:957][762]Cmd: OBJ SAVEPACKAGE PACKAGE="/Game/Blueprints/HomeBase" FILE="../../../../../GGJ2020/SVN/trunk/RePair/Content/Blueprints/HomeBase.uasset" SILENT=true
[2020.01.31-23.03.44:976][762]LogSavePackage: Moving '../../../../../GGJ2020/SVN/trunk/RePair/Saved/HomeBase8B0AEC73410D12B3F876C5B89819A9C3.tmp' to '../../../../../GGJ2020/SVN/trunk/RePair/Content/Blueprints/HomeBase.uasset'
[2020.01.31-23.03.44:991][762]AssetCheck: New page: Asset Save: HomeBase
[2020.01.31-23.03.44:991][762]LogContentValidation: Display: Validating Blueprint /Game/Blueprints/HomeBase.HomeBase
[2020.01.31-23.03.45:885][812]BlueprintLog: New page: Compile HomeBase
[2020.01.31-23.03.46:104][812]LogUObjectHash: Compacting FUObjectHashTables data took   3.10ms
[2020.01.31-23.03.46:708][842]Cmd: OBJ SAVEPACKAGE PACKAGE="/Game/Blueprints/HomeBase" FILE="../../../../../GGJ2020/SVN/trunk/RePair/Content/Blueprints/HomeBase.uasset" SILENT=true
[2020.01.31-23.03.46:728][842]LogSavePackage: Moving '../../../../../GGJ2020/SVN/trunk/RePair/Saved/HomeBaseC37AE84140FE1B3D6AE80DAF24A7D1C5.tmp' to '../../../../../GGJ2020/SVN/trunk/RePair/Content/Blueprints/HomeBase.uasset'
[2020.01.31-23.03.46:743][842]AssetCheck: New page: Asset Save: HomeBase
[2020.01.31-23.03.46:743][842]LogContentValidation: Display: Validating Blueprint /Game/Blueprints/HomeBase.HomeBase
[2020.01.31-23.07.13:552][599]Cmd: OBJ SAVEPACKAGE PACKAGE="/Game/Blueprints/HomeBase" FILE="../../../../../GGJ2020/SVN/trunk/RePair/Content/Blueprints/HomeBase.uasset" SILENT=true
[2020.01.31-23.07.13:577][599]LogSavePackage: Moving '../../../../../GGJ2020/SVN/trunk/RePair/Saved/HomeBaseD407026C4804395030DC928169D5533D.tmp' to '../../../../../GGJ2020/SVN/trunk/RePair/Content/Blueprints/HomeBase.uasset'
[2020.01.31-23.07.13:596][599]AssetCheck: New page: Asset Save: HomeBase
[2020.01.31-23.07.13:596][599]LogContentValidation: Display: Validating Blueprint /Game/Blueprints/HomeBase.HomeBase
[2020.01.31-23.07.16:868][793]BlueprintLog: New page: Compile HomeBase
[2020.01.31-23.07.17:093][793]LogUObjectHash: Compacting FUObjectHashTables data took   3.91ms
[2020.01.31-23.07.17:806][830]Cmd: OBJ SAVEPACKAGE PACKAGE="/Game/Blueprints/HomeBase" FILE="../../../../../GGJ2020/SVN/trunk/RePair/Content/Blueprints/HomeBase.uasset" SILENT=true
[2020.01.31-23.07.17:825][830]LogSavePackage: Moving '../../../../../GGJ2020/SVN/trunk/RePair/Saved/HomeBaseC557A50645F6A5DF27CFCA94079099BE.tmp' to '../../../../../GGJ2020/SVN/trunk/RePair/Content/Blueprints/HomeBase.uasset'
[2020.01.31-23.07.17:840][830]AssetCheck: New page: Asset Save: HomeBase
[2020.01.31-23.07.17:840][830]LogContentValidation: Display: Validating Blueprint /Game/Blueprints/HomeBase.HomeBase
[2020.01.31-23.08.02:440][482]LogSlate: Took 0.000151 seconds to synchronously load lazily loaded font '../../../Engine/Content/Slate/Fonts/Roboto-BoldCondensedItalic.ttf' (160K)
[2020.01.31-23.08.18:269][349]Cmd: OBJ SAVEPACKAGE PACKAGE="/Game/Blueprints/HomeBase" FILE="../../../../../GGJ2020/SVN/trunk/RePair/Content/Blueprints/HomeBase.uasset" SILENT=true
[2020.01.31-23.08.18:289][349]LogSavePackage: Moving '../../../../../GGJ2020/SVN/trunk/RePair/Saved/HomeBaseC8F3B33642A43BBAB27B8BA355D746C0.tmp' to '../../../../../GGJ2020/SVN/trunk/RePair/Content/Blueprints/HomeBase.uasset'
[2020.01.31-23.08.18:307][349]AssetCheck: New page: Asset Save: HomeBase
[2020.01.31-23.08.18:307][349]LogContentValidation: Display: Validating Blueprint /Game/Blueprints/HomeBase.HomeBase
[2020.01.31-23.08.20:900][497]BlueprintLog: New page: Compile HomeBase
[2020.01.31-23.08.21:116][497]LogUObjectHash: Compacting FUObjectHashTables data took   3.54ms
[2020.01.31-23.08.21:757][531]Cmd: OBJ SAVEPACKAGE PACKAGE="/Game/Blueprints/HomeBase" FILE="../../../../../GGJ2020/SVN/trunk/RePair/Content/Blueprints/HomeBase.uasset" SILENT=true
[2020.01.31-23.08.21:777][531]LogSavePackage: Moving '../../../../../GGJ2020/SVN/trunk/RePair/Saved/HomeBaseF21DF88F45F58421D39A73B8D4288F6E.tmp' to '../../../../../GGJ2020/SVN/trunk/RePair/Content/Blueprints/HomeBase.uasset'
[2020.01.31-23.08.21:791][531]AssetCheck: New page: Asset Save: HomeBase
[2020.01.31-23.08.21:791][531]LogContentValidation: Display: Validating Blueprint /Game/Blueprints/HomeBase.HomeBase
[2020.01.31-23.09.21:168][ 11]BlueprintLog: New page: Compile HomeBase
[2020.01.31-23.09.21:395][ 11]LogUObjectHash: Compacting FUObjectHashTables data took   4.00ms
[2020.01.31-23.09.21:949][ 38]Cmd: OBJ SAVEPACKAGE PACKAGE="/Game/Blueprints/HomeBase" FILE="../../../../../GGJ2020/SVN/trunk/RePair/Content/Blueprints/HomeBase.uasset" SILENT=true
[2020.01.31-23.09.21:969][ 38]LogSavePackage: Moving '../../../../../GGJ2020/SVN/trunk/RePair/Saved/HomeBaseEB91BECF44A868928CBF3898BF3E151F.tmp' to '../../../../../GGJ2020/SVN/trunk/RePair/Content/Blueprints/HomeBase.uasset'
[2020.01.31-23.09.21:989][ 38]AssetCheck: New page: Asset Save: HomeBase
[2020.01.31-23.09.21:989][ 38]LogContentValidation: Display: Validating Blueprint /Game/Blueprints/HomeBase.HomeBase
[2020.01.31-23.10.45:028][928]LogAssetEditorSubsystem: Opening Asset editor for UserDefinedStruct /Game/Collectable.Collectable
[2020.01.31-23.10.58:124][695]Cmd: OBJ SAVEPACKAGE PACKAGE="/Game/Collectable" FILE="../../../../../GGJ2020/SVN/trunk/RePair/Content/Collectable.uasset" SILENT=true
[2020.01.31-23.10.58:132][695]LogSavePackage: Moving '../../../../../GGJ2020/SVN/trunk/RePair/Saved/CollectableF4C277794A5A7E9FCEB03FBA038A6F18.tmp' to '../../../../../GGJ2020/SVN/trunk/RePair/Content/Collectable.uasset'
[2020.01.31-23.10.58:147][695]AssetCheck: New page: Asset Save: Collectable
[2020.01.31-23.10.58:148][695]LogContentValidation: Display: Validating UserDefinedStruct /Game/Collectable.Collectable
[2020.01.31-23.11.00:929][846]BlueprintLog: New page: Compile HomeBase
[2020.01.31-23.11.01:175][846]LogUObjectHash: Compacting FUObjectHashTables data took   3.91ms
[2020.01.31-23.11.01:674][871]Cmd: OBJ SAVEPACKAGE PACKAGE="/Game/Blueprints/HomeBase" FILE="../../../../../GGJ2020/SVN/trunk/RePair/Content/Blueprints/HomeBase.uasset" SILENT=true
[2020.01.31-23.11.01:695][871]LogSavePackage: Moving '../../../../../GGJ2020/SVN/trunk/RePair/Saved/HomeBase4EA691B44C273497E418BB8554F62A95.tmp' to '../../../../../GGJ2020/SVN/trunk/RePair/Content/Blueprints/HomeBase.uasset'
[2020.01.31-23.11.01:711][871]AssetCheck: New page: Asset Save: HomeBase
[2020.01.31-23.11.01:711][871]LogContentValidation: Display: Validating Blueprint /Game/Blueprints/HomeBase.HomeBase
[2020.01.31-23.11.41:030][ 99]Cmd: OBJ SAVEPACKAGE PACKAGE="/Game/Blueprints/HomeBase" FILE="../../../../../GGJ2020/SVN/trunk/RePair/Content/Blueprints/HomeBase.uasset" SILENT=true
[2020.01.31-23.11.41:052][ 99]LogSavePackage: Moving '../../../../../GGJ2020/SVN/trunk/RePair/Saved/HomeBase717112F64B213514A7F2B49BEE4683EA.tmp' to '../../../../../GGJ2020/SVN/trunk/RePair/Content/Blueprints/HomeBase.uasset'
[2020.01.31-23.11.41:071][ 99]AssetCheck: New page: Asset Save: HomeBase
[2020.01.31-23.11.41:071][ 99]LogContentValidation: Display: Validating Blueprint /Game/Blueprints/HomeBase.HomeBase
[2020.01.31-23.12.22:591][518]LogSlate: Window 'Color Picker' being destroyed
[2020.01.31-23.13.43:579][269]LogUObjectHash: Compacting FUObjectHashTables data took   3.76ms
[2020.01.31-23.13.43:580][269]LogFileHelpers: Editor autosave (incl. sublevels) for '/Game/Levels/riccardoBaseMap' took 0.040
[2020.01.31-23.13.43:580][269]OBJ SavePackage: Generating thumbnails for [0] asset(s) in package [/Game/CustomGameInstance] ([1] browsable assets)...
[2020.01.31-23.13.43:580][269]OBJ SavePackage: Finished generating thumbnails for package [/Game/CustomGameInstance]
[2020.01.31-23.13.43:580][269]Cmd: OBJ SAVEPACKAGE PACKAGE="/Game/CustomGameInstance" FILE="../../../../../GGJ2020/SVN/trunk/RePair/Saved/Autosaves/Game/CustomGameInstance_Auto1.uasset" SILENT=false AUTOSAVING=true
[2020.01.31-23.13.43:602][269]LogSavePackage: Moving '../../../../../GGJ2020/SVN/trunk/RePair/Saved/CustomGameInstance_Auto187E02EA247BE9DAAA942229D58D2D90E.tmp' to '../../../../../GGJ2020/SVN/trunk/RePair/Saved/Autosaves/Game/CustomGameInstance_Auto1.uasset'
[2020.01.31-23.13.43:603][269]OBJ SavePackage: Generating thumbnails for [1] asset(s) in package [/Game/Blueprints/HomeBase] ([1] browsable assets)...
[2020.01.31-23.13.43:621][269]OBJ SavePackage:     Rendered thumbnail for [Blueprint /Game/Blueprints/HomeBase.HomeBase]
[2020.01.31-23.13.43:621][269]OBJ SavePackage: Finished generating thumbnails for package [/Game/Blueprints/HomeBase]
[2020.01.31-23.13.43:621][269]Cmd: OBJ SAVEPACKAGE PACKAGE="/Game/Blueprints/HomeBase" FILE="../../../../../GGJ2020/SVN/trunk/RePair/Saved/Autosaves/Game/Blueprints/HomeBase_Auto1.uasset" SILENT=false AUTOSAVING=true
[2020.01.31-23.13.43:649][269]LogSavePackage: Moving '../../../../../GGJ2020/SVN/trunk/RePair/Saved/HomeBase_Auto1535FD04248DF1057C7E78FAE02B31ACA.tmp' to '../../../../../GGJ2020/SVN/trunk/RePair/Saved/Autosaves/Game/Blueprints/HomeBase_Auto1.uasset'
[2020.01.31-23.13.43:649][269]LogFileHelpers: Auto-saving content packages took 0.069
[2020.01.31-23.15.20:275][ 62]Cmd: OBJ SAVEPACKAGE PACKAGE="/Game/Blueprints/HomeBase" FILE="../../../../../GGJ2020/SVN/trunk/RePair/Content/Blueprints/HomeBase.uasset" SILENT=true
[2020.01.31-23.15.20:582][ 62]LogSavePackage: Moving '../../../../../GGJ2020/SVN/trunk/RePair/Saved/HomeBase1B5ED2024B62685AD9D9B096210DA11A.tmp' to '../../../../../GGJ2020/SVN/trunk/RePair/Content/Blueprints/HomeBase.uasset'
[2020.01.31-23.15.20:600][ 62]AssetCheck: New page: Asset Save: HomeBase
[2020.01.31-23.15.20:600][ 62]LogContentValidation: Display: Validating Blueprint /Game/Blueprints/HomeBase.HomeBase
[2020.01.31-23.15.23:131][204]BlueprintLog: New page: Compile HomeBase
[2020.01.31-23.15.23:352][204]LogUObjectHash: Compacting FUObjectHashTables data took   3.22ms
[2020.01.31-23.15.24:597][275]BlueprintLog: New page: Compile CustomGameInstance
[2020.01.31-23.15.24:830][275]LogUObjectHash: Compacting FUObjectHashTables data took   3.76ms
[2020.01.31-23.15.26:909][387]Cmd: OBJ SAVEPACKAGE PACKAGE="/Game/Levels/riccardoBaseMap" FILE="../../../../../GGJ2020/SVN/trunk/RePair/Content/Levels/riccardoBaseMap.umap" SILENT=true AUTOSAVING=false KEEPDIRTY=false
[2020.01.31-23.15.26:951][387]LogUObjectHash: Compacting FUObjectHashTables data took   3.86ms
[2020.01.31-23.15.26:968][387]LogSavePackage: Moving '../../../../../GGJ2020/SVN/trunk/RePair/Saved/riccardoBaseMap32418A2A4A1CAAD8721CE2AF6AEEC4E5.tmp' to '../../../../../GGJ2020/SVN/trunk/RePair/Content/Levels/riccardoBaseMap.umap'
[2020.01.31-23.15.26:992][387]Cmd: OBJ SAVEPACKAGE PACKAGE="/Game/Levels/riccardoBaseMap_BuiltData" FILE="../../../../../GGJ2020/SVN/trunk/RePair/Content/Levels/riccardoBaseMap_BuiltData.uasset" SILENT=true
[2020.01.31-23.15.27:009][387]LogSavePackage: Moving '../../../../../GGJ2020/SVN/trunk/RePair/Saved/riccardoBaseMap_BuiltData4C4F959948E15AE76B5ED9BDC7E69EBB.tmp' to '../../../../../GGJ2020/SVN/trunk/RePair/Content/Levels/riccardoBaseMap_BuiltData.uasset'
[2020.01.31-23.15.27:029][387]AssetCheck: New page: Asset Save: multiple assets
[2020.01.31-23.15.27:029][387]LogContentValidation: Display: Validating World /Game/Levels/riccardoBaseMap.riccardoBaseMap
[2020.01.31-23.15.27:029][387]LogContentValidation: Display: Validating MapBuildDataRegistry /Game/Levels/riccardoBaseMap_BuiltData.riccardoBaseMap_BuiltData
