Log file open, 01/31/20 21:36:38
LogWindows: Failed to load 'aqProf.dll' (GetLastError=126)
LogWindows: File 'aqProf.dll' does not exist
LogWindows: Failed to load 'VtuneApi.dll' (GetLastError=126)
LogWindows: File 'VtuneApi.dll' does not exist
LogWindows: Failed to load 'VtuneApi32e.dll' (GetLastError=126)
LogWindows: File 'VtuneApi32e.dll' does not exist
LogConsoleResponse: Display: Failed to find resolution value strings in scalability ini. Falling back to default.
LogInit: Display: Running engine for game: RePair
LogPlatformFile: Not using cached read wrapper
LogTaskGraph: Started task graph with 5 named threads and 35 total threads with 3 sets of task threads.
LogStats: Stats thread started at 0.060444
LogD3D11RHI: Loaded GFSDK_Aftermath_Lib.x64.dll
LogICUInternationalization: ICU TimeZone Detection - Raw Offset: +1:00, Platform Override: ''
LogPluginManager: Mounting plugin Paper2D
LogPluginManager: Mounting plugin AISupport
LogPluginManager: Mounting plugin LightPropagationVolume
LogPluginManager: Mounting plugin ActorLayerUtilities
LogPluginManager: Mounting plugin AnimationSharing
LogPluginManager: Mounting plugin CLionSourceCodeAccess
LogPluginManager: Mounting plugin CodeLiteSourceCodeAccess
LogPluginManager: Mounting plugin GitSourceControl
LogPluginManager: Mounting plugin KDevelopSourceCodeAccess
LogPluginManager: Mounting plugin NullSourceCodeAccess
LogPluginManager: Mounting plugin PerforceSourceControl
LogPluginManager: Mounting plugin PlasticSourceControl
LogPluginManager: Mounting plugin SubversionSourceControl
LogPluginManager: Mounting plugin UObjectPlugin
LogPluginManager: Mounting plugin VisualStudioCodeSourceCodeAccess
LogPluginManager: Mounting plugin VisualStudioSourceCodeAccess
LogPluginManager: Mounting plugin XCodeSourceCodeAccess
LogPluginManager: Mounting plugin AssetManagerEditor
LogPluginManager: Mounting plugin CryptoKeys
LogPluginManager: Mounting plugin CurveEditorTools
LogPluginManager: Mounting plugin DataValidation
LogPluginManager: Mounting plugin FacialAnimation
LogPluginManager: Mounting plugin GameplayTagsEditor
LogPluginManager: Mounting plugin MacGraphicsSwitching
LogPluginManager: Mounting plugin MaterialAnalyzer
LogPluginManager: Mounting plugin MobileLauncherProfileWizard
LogPluginManager: Mounting plugin PluginBrowser
LogPluginManager: Mounting plugin SpeedTreeImporter
LogPluginManager: Mounting plugin DatasmithContent
LogPluginManager: Mounting plugin VariantManagerContent
LogPluginManager: Mounting plugin AlembicImporter
LogPluginManager: Mounting plugin AutomationUtils
LogPluginManager: Mounting plugin BackChannel
LogPluginManager: Mounting plugin CharacterAI
LogPluginManager: Mounting plugin GeometryCache
LogPluginManager: Mounting plugin PlatformCrypto
LogPluginManager: Mounting plugin ProxyLODPlugin
LogPluginManager: Mounting plugin SkeletalReduction
LogPluginManager: Mounting plugin MagicLeap
LogPluginManager: Mounting plugin MagicLeapMedia
LogPluginManager: Mounting plugin MLSDK
LogPluginManager: Mounting plugin AndroidMedia
LogPluginManager: Mounting plugin AvfMedia
LogPluginManager: Mounting plugin ImgMedia
LogPluginManager: Mounting plugin MediaCompositing
LogPluginManager: Mounting plugin MediaPlayerEditor
LogPluginManager: Mounting plugin WebMMedia
LogPluginManager: Mounting plugin WmfMedia
LogPluginManager: Mounting plugin TcpMessaging
LogPluginManager: Mounting plugin UdpMessaging
LogPluginManager: Mounting plugin ActorSequence
LogPluginManager: Mounting plugin LevelSequenceEditor
LogPluginManager: Mounting plugin MatineeToLevelSequence
LogPluginManager: Mounting plugin NetcodeUnitTest
LogPluginManager: Mounting plugin NUTUnrealEngine4
LogPluginManager: Mounting plugin OnlineSubsystemGooglePlay
LogPluginManager: Mounting plugin OnlineSubsystemIOS
LogPluginManager: Mounting plugin OnlineSubsystem
LogPluginManager: Mounting plugin OnlineSubsystemNull
LogPluginManager: Mounting plugin OnlineSubsystemUtils
LogPluginManager: Mounting plugin LauncherChunkInstaller
LogPluginManager: Mounting plugin AndroidDeviceProfileSelector
LogPluginManager: Mounting plugin AndroidMoviePlayer
LogPluginManager: Mounting plugin AndroidPermission
LogPluginManager: Mounting plugin AppleImageUtils
LogPluginManager: Mounting plugin AppleMoviePlayer
LogPluginManager: Mounting plugin ArchVisCharacter
LogPluginManager: Mounting plugin AssetTags
LogPluginManager: Mounting plugin AudioCapture
LogPluginManager: Mounting plugin CableComponent
LogPluginManager: Mounting plugin CustomMeshComponent
LogPluginManager: Mounting plugin EditableMesh
LogPluginManager: Mounting plugin ExampleDeviceProfileSelector
LogPluginManager: Mounting plugin GoogleCloudMessaging
LogPluginManager: Mounting plugin IOSDeviceProfileSelector
LogPluginManager: Mounting plugin LinuxDeviceProfileSelector
LogPluginManager: Mounting plugin LocationServicesBPLibrary
LogPluginManager: Mounting plugin MobilePatchingUtils
LogPluginManager: Mounting plugin OculusVR
LogPluginManager: Mounting plugin PhysXVehicles
LogPluginManager: Mounting plugin PostSplashScreen
LogPluginManager: Mounting plugin ProceduralMeshComponent
LogPluginManager: Mounting plugin RuntimePhysXCooking
LogPluginManager: Mounting plugin SignificanceManager
LogPluginManager: Mounting plugin SteamVR
LogPluginManager: Mounting plugin WebMMoviePlayer
LogPluginManager: Mounting plugin WindowsMoviePlayer
LogPluginManager: Mounting plugin ScreenshotTools
LogInit: Using libcurl 7.55.1-DEV
LogInit:  - built for x86_64-pc-win32
LogInit:  - supports SSL with OpenSSL/1.1.1
LogInit:  - supports HTTP deflate (compression) using libz 1.2.8
LogInit:  - other features:
LogInit:      CURL_VERSION_SSL
LogInit:      CURL_VERSION_LIBZ
LogInit:      CURL_VERSION_IPV6
LogInit:      CURL_VERSION_ASYNCHDNS
LogInit:      CURL_VERSION_LARGEFILE
LogInit:      CURL_VERSION_IDN
LogInit:  CurlRequestOptions (configurable via config and command line):
LogInit:  - bVerifyPeer = true  - Libcurl will verify peer certificate
LogInit:  - bUseHttpProxy = false  - Libcurl will NOT use HTTP proxy
LogInit:  - bDontReuseConnections = false  - Libcurl will reuse connections
LogInit:  - MaxHostConnections = 16  - Libcurl will limit the number of connections to a host
LogInit:  - LocalHostAddr = Default
LogInit:  - BufferSize = 65536
LogOnline: OSS: Creating online subsystem instance for: NULL
LogInit: WinSock: version 1.1 (2.2), MaxSocks=32767, MaxUdp=65467
LogOnline: OSS: TryLoadSubsystemAndSetDefault: Loaded subsystem for module [NULL]
LogHMD: Failed initializing OVRPlugin 1.40.0
LogInit: Build: ++UE4+Release-4.24-CL-11100242
LogInit: Engine Version: 4.24.2-11100242+++UE4+Release-4.24
LogInit: Compatible Engine Version: 4.24.0-10570792+++UE4+Release-4.24
LogInit: Net CL: 10570792
LogInit: OS: Windows 10 (Release 1903) (), CPU: Intel(R) Core(TM) i7-8750H CPU @ 2.20GHz, GPU: Intel(R) UHD Graphics 630
LogInit: Compiled (64-bit): Jan 24 2020 02:05:53
LogInit: Compiled with Visual C++: 19.16.27032.01
LogInit: Build Configuration: Development
LogInit: Branch Name: ++UE4+Release-4.24
LogInit: Command Line:  -EpicPortal -epicusername=FreeFly -epicuserid=2ffd1b2386a0429daecc7681eb9bdb3b -epiclocale=it-IT
LogInit: Base Directory: D:/Programmi/UE_4.24/Engine/Binaries/Win64/
LogInit: Installed Engine Build: 1
LogDevObjectVersion: Number of dev versions registered: 25
LogDevObjectVersion:   Dev-Blueprints (B0D832E4-1F89-4F0D-ACCF-7EB736FD4AA2): 10
LogDevObjectVersion:   Dev-Build (E1C64328-A22C-4D53-A36C-8E866417BD8C): 0
LogDevObjectVersion:   Dev-Core (375EC13C-06E4-48FB-B500-84F0262A717E): 3
LogDevObjectVersion:   Dev-Editor (E4B068ED-F494-42E9-A231-DA0B2E46BB41): 37
LogDevObjectVersion:   Dev-Framework (CFFC743F-43B0-4480-9391-14DF171D2073): 36
LogDevObjectVersion:   Dev-Mobile (B02B49B5-BB20-44E9-A304-32B752E40360): 2
LogDevObjectVersion:   Dev-Networking (A4E4105C-59A1-49B5-A7C5-40C4547EDFEE): 0
LogDevObjectVersion:   Dev-Online (39C831C9-5AE6-47DC-9A44-9C173E1C8E7C): 0
LogDevObjectVersion:   Dev-Physics (78F01B33-EBEA-4F98-B9B4-84EACCB95AA2): 2
LogDevObjectVersion:   Dev-Platform (6631380F-2D4D-43E0-8009-CF276956A95A): 0
LogDevObjectVersion:   Dev-Rendering (12F88B9F-8875-4AFC-A67C-D90C383ABD29): 36
LogDevObjectVersion:   Dev-Sequencer (7B5AE74C-D270-4C10-A958-57980B212A5A): 11
LogDevObjectVersion:   Dev-VR (D7296918-1DD6-4BDD-9DE2-64A83CC13884): 2
LogDevObjectVersion:   Dev-LoadTimes (C2A15278-BFE7-4AFE-6C17-90FF531DF755): 1
LogDevObjectVersion:   Private-Geometry (6EACA3D4-40EC-4CC1-B786-8BED09428FC5): 3
LogDevObjectVersion:   Dev-AnimPhys (29E575DD-E0A3-4627-9D10-D276232CDCEA): 17
LogDevObjectVersion:   Dev-Anim (AF43A65D-7FD3-4947-9873-3E8ED9C1BB05): 2
LogDevObjectVersion:   Dev-ReflectionCapture (6B266CEC-1EC7-4B8F-A30B-E4D90942FC07): 1
LogDevObjectVersion:   Dev-Automation (0DF73D61-A23F-47EA-B727-89E90C41499A): 1
LogDevObjectVersion:   FortniteMain (601D1886-AC64-4F84-AA16-D3DE0DEAC7D6): 31
LogDevObjectVersion:   Dev-Enterprise (9DFFBCD6-494F-0158-E221-12823C92A888): 8
LogDevObjectVersion:   Dev-Niagara (F2AED0AC-9AFE-416F-8664-AA7FFA26D6FC): 1
LogDevObjectVersion:   Dev-Destruction (174F1F0B-B4C6-45A5-B13F-2EE8D0FB917D): 9
LogDevObjectVersion:   Dev-Physics-Ext (35F94A83-E258-406C-A318-09F59610247C): 8
LogDevObjectVersion:   Dev-CineCamera (B2E18506-4273-CFC2-A54E-F4BB758BBA07): 1
LogInit: Presizing for max 25165824 objects, including 0 objects not considered by GC, pre-allocating 0 bytes for permanent pool.
LogInit: Object subsystem initialized
LogConfig: Setting CVar [[con.DebugEarlyDefault:1]]
LogConfig: Setting CVar [[r.setres:1280x720]]
[2020.01.31-20.36.38:733][  0]LogConfig: Setting CVar [[r.VSync:0]]
[2020.01.31-20.36.38:733][  0]LogConfig: Setting CVar [[r.RHICmdBypass:0]]
[2020.01.31-20.36.38:733][  0]LogConfig: Applying CVar settings from Section [/Script/Engine.RendererSettings] File [D:/GGJ2020/RePair/Saved/Config/Windows/Engine.ini]
[2020.01.31-20.36.38:733][  0]LogConfig: Setting CVar [[r.GPUCrashDebugging:0]]
[2020.01.31-20.36.38:733][  0]LogConfig: Applying CVar settings from Section [/Script/Engine.RendererOverrideSettings] File [D:/GGJ2020/RePair/Saved/Config/Windows/Engine.ini]
[2020.01.31-20.36.38:733][  0]LogConfig: Applying CVar settings from Section [/Script/Engine.StreamingSettings] File [D:/GGJ2020/RePair/Saved/Config/Windows/Engine.ini]
[2020.01.31-20.36.38:733][  0]LogConfig: Setting CVar [[s.MinBulkDataSizeForAsyncLoading:131072]]
[2020.01.31-20.36.38:733][  0]LogConfig: Setting CVar [[s.AsyncLoadingThreadEnabled:0]]
[2020.01.31-20.36.38:733][  0]LogConfig: Setting CVar [[s.EventDrivenLoaderEnabled:1]]
[2020.01.31-20.36.38:733][  0]LogConfig: Setting CVar [[s.WarnIfTimeLimitExceeded:0]]
[2020.01.31-20.36.38:733][  0]LogConfig: Setting CVar [[s.TimeLimitExceededMultiplier:1.5]]
[2020.01.31-20.36.38:733][  0]LogConfig: Setting CVar [[s.TimeLimitExceededMinTime:0.005]]
[2020.01.31-20.36.38:733][  0]LogConfig: Setting CVar [[s.UseBackgroundLevelStreaming:1]]
[2020.01.31-20.36.38:733][  0]LogConfig: Setting CVar [[s.PriorityAsyncLoadingExtraTime:15.0]]
[2020.01.31-20.36.38:733][  0]LogConfig: Setting CVar [[s.LevelStreamingActorsUpdateTimeLimit:5.0]]
[2020.01.31-20.36.38:733][  0]LogConfig: Setting CVar [[s.PriorityLevelStreamingActorsUpdateExtraTime:5.0]]
[2020.01.31-20.36.38:733][  0]LogConfig: Setting CVar [[s.LevelStreamingComponentsRegistrationGranularity:10]]
[2020.01.31-20.36.38:733][  0]LogConfig: Setting CVar [[s.UnregisterComponentsTimeLimit:1.0]]
[2020.01.31-20.36.38:733][  0]LogConfig: Setting CVar [[s.LevelStreamingComponentsUnregistrationGranularity:5]]
[2020.01.31-20.36.38:733][  0]LogConfig: Setting CVar [[s.FlushStreamingOnExit:1]]
[2020.01.31-20.36.38:733][  0]LogConfig: Applying CVar settings from Section [/Script/Engine.GarbageCollectionSettings] File [D:/GGJ2020/RePair/Saved/Config/Windows/Engine.ini]
[2020.01.31-20.36.38:733][  0]LogConfig: Setting CVar [[gc.MaxObjectsNotConsideredByGC:1]]
[2020.01.31-20.36.38:733][  0]LogConfig: Setting CVar [[gc.SizeOfPermanentObjectPool:0]]
[2020.01.31-20.36.38:733][  0]LogConfig: Setting CVar [[gc.FlushStreamingOnGC:0]]
[2020.01.31-20.36.38:733][  0]LogConfig: Setting CVar [[gc.NumRetriesBeforeForcingGC:10]]
[2020.01.31-20.36.38:733][  0]LogConfig: Setting CVar [[gc.AllowParallelGC:1]]
[2020.01.31-20.36.38:733][  0]LogConfig: Setting CVar [[gc.TimeBetweenPurgingPendingKillObjects:61.1]]
[2020.01.31-20.36.38:733][  0]LogConfig: Setting CVar [[gc.MaxObjectsInEditor:25165824]]
[2020.01.31-20.36.38:733][  0]LogConfig: Setting CVar [[gc.IncrementalBeginDestroyEnabled:1]]
[2020.01.31-20.36.38:733][  0]LogConfig: Setting CVar [[gc.CreateGCClusters:1]]
[2020.01.31-20.36.38:733][  0]LogConfig: Setting CVar [[gc.MinGCClusterSize:5]]
[2020.01.31-20.36.38:733][  0]LogConfig: Setting CVar [[gc.ActorClusteringEnabled:0]]
[2020.01.31-20.36.38:733][  0]LogConfig: Setting CVar [[gc.BlueprintClusteringEnabled:0]]
[2020.01.31-20.36.38:733][  0]LogConfig: Setting CVar [[gc.UseDisregardForGCOnDedicatedServers:0]]
[2020.01.31-20.36.38:734][  0]LogConfig: Applying CVar settings from Section [/Script/Engine.NetworkSettings] File [D:/GGJ2020/RePair/Saved/Config/Windows/Engine.ini]
[2020.01.31-20.36.38:734][  0]LogConfig: Applying CVar settings from Section [/Script/UnrealEd.CookerSettings] File [D:/GGJ2020/RePair/Saved/Config/Windows/Engine.ini]
[2020.01.31-20.36.38:736][  0]LogConfig: Applying CVar settings from Section [ViewDistanceQuality@3] File [D:/GGJ2020/RePair/Saved/Config/Windows/Scalability.ini]
[2020.01.31-20.36.38:736][  0]LogConfig: Setting CVar [[r.SkeletalMeshLODBias:0]]
[2020.01.31-20.36.38:736][  0]LogConfig: Setting CVar [[r.ViewDistanceScale:1.0]]
[2020.01.31-20.36.38:736][  0]LogConfig: Applying CVar settings from Section [AntiAliasingQuality@3] File [D:/GGJ2020/RePair/Saved/Config/Windows/Scalability.ini]
[2020.01.31-20.36.38:736][  0]LogConfig: Setting CVar [[r.PostProcessAAQuality:4]]
[2020.01.31-20.36.38:736][  0]LogConfig: Applying CVar settings from Section [ShadowQuality@3] File [D:/GGJ2020/RePair/Saved/Config/Windows/Scalability.ini]
[2020.01.31-20.36.38:736][  0]LogConfig: Setting CVar [[r.LightFunctionQuality:1]]
[2020.01.31-20.36.38:736][  0]LogConfig: Setting CVar [[r.ShadowQuality:5]]
[2020.01.31-20.36.38:736][  0]LogConfig: Setting CVar [[r.Shadow.CSM.MaxCascades:10]]
[2020.01.31-20.36.38:736][  0]LogConfig: Setting CVar [[r.Shadow.MaxResolution:2048]]
[2020.01.31-20.36.38:736][  0]LogConfig: Setting CVar [[r.Shadow.MaxCSMResolution:2048]]
[2020.01.31-20.36.38:736][  0]LogConfig: Setting CVar [[r.Shadow.RadiusThreshold:0.01]]
[2020.01.31-20.36.38:736][  0]LogConfig: Setting CVar [[r.Shadow.DistanceScale:1.0]]
[2020.01.31-20.36.38:736][  0]LogConfig: Setting CVar [[r.Shadow.CSM.TransitionScale:1.0]]
[2020.01.31-20.36.38:736][  0]LogConfig: Setting CVar [[r.Shadow.PreShadowResolutionFactor:1.0]]
[2020.01.31-20.36.38:736][  0]LogConfig: Setting CVar [[r.DistanceFieldShadowing:1]]
[2020.01.31-20.36.38:736][  0]LogConfig: Setting CVar [[r.DistanceFieldAO:1]]
[2020.01.31-20.36.38:736][  0]LogConfig: Setting CVar [[r.AOQuality:2]]
[2020.01.31-20.36.38:736][  0]LogConfig: Setting CVar [[r.VolumetricFog:1]]
[2020.01.31-20.36.38:736][  0]LogConfig: Setting CVar [[r.VolumetricFog.GridPixelSize:8]]
[2020.01.31-20.36.38:736][  0]LogConfig: Setting CVar [[r.VolumetricFog.GridSizeZ:128]]
[2020.01.31-20.36.38:736][  0]LogConfig: Setting CVar [[r.VolumetricFog.HistoryMissSupersampleCount:4]]
[2020.01.31-20.36.38:736][  0]LogConfig: Setting CVar [[r.LightMaxDrawDistanceScale:1]]
[2020.01.31-20.36.38:736][  0]LogConfig: Setting CVar [[r.CapsuleShadows:1]]
[2020.01.31-20.36.38:736][  0]LogConfig: Applying CVar settings from Section [PostProcessQuality@3] File [D:/GGJ2020/RePair/Saved/Config/Windows/Scalability.ini]
[2020.01.31-20.36.38:736][  0]LogConfig: Setting CVar [[r.MotionBlurQuality:4]]
[2020.01.31-20.36.38:736][  0]LogConfig: Setting CVar [[r.AmbientOcclusionMipLevelFactor:0.4]]
[2020.01.31-20.36.38:736][  0]LogConfig: Setting CVar [[r.AmbientOcclusionMaxQuality:100]]
[2020.01.31-20.36.38:736][  0]LogConfig: Setting CVar [[r.AmbientOcclusionLevels:-1]]
[2020.01.31-20.36.38:736][  0]LogConfig: Setting CVar [[r.AmbientOcclusionRadiusScale:1.0]]
[2020.01.31-20.36.38:736][  0]LogConfig: Setting CVar [[r.DepthOfFieldQuality:2]]
[2020.01.31-20.36.38:737][  0]LogConfig: Setting CVar [[r.RenderTargetPoolMin:400]]
[2020.01.31-20.36.38:737][  0]LogConfig: Setting CVar [[r.LensFlareQuality:2]]
[2020.01.31-20.36.38:737][  0]LogConfig: Setting CVar [[r.SceneColorFringeQuality:1]]
[2020.01.31-20.36.38:737][  0]LogConfig: Setting CVar [[r.EyeAdaptationQuality:2]]
[2020.01.31-20.36.38:737][  0]LogConfig: Setting CVar [[r.BloomQuality:5]]
[2020.01.31-20.36.38:737][  0]LogConfig: Setting CVar [[r.FastBlurThreshold:100]]
[2020.01.31-20.36.38:737][  0]LogConfig: Setting CVar [[r.Upscale.Quality:3]]
[2020.01.31-20.36.38:737][  0]LogConfig: Setting CVar [[r.Tonemapper.GrainQuantization:1]]
[2020.01.31-20.36.38:737][  0]LogConfig: Setting CVar [[r.LightShaftQuality:1]]
[2020.01.31-20.36.38:737][  0]LogConfig: Setting CVar [[r.Filter.SizeScale:1]]
[2020.01.31-20.36.38:737][  0]LogConfig: Setting CVar [[r.Tonemapper.Quality:5]]
[2020.01.31-20.36.38:737][  0]LogConfig: Setting CVar [[r.DOF.Gather.AccumulatorQuality:1        ; higher gathering accumulator quality]]
[2020.01.31-20.36.38:737][  0]LogConfig: Setting CVar [[r.DOF.Gather.PostfilterMethod:1          ; Median3x3 postfilering method]]
[2020.01.31-20.36.38:737][  0]LogConfig: Setting CVar [[r.DOF.Gather.EnableBokehSettings:0       ; no bokeh simulation when gathering]]
[2020.01.31-20.36.38:737][  0]LogConfig: Setting CVar [[r.DOF.Gather.RingCount:4                 ; medium number of samples when gathering]]
[2020.01.31-20.36.38:737][  0]LogConfig: Setting CVar [[r.DOF.Scatter.ForegroundCompositing:1    ; additive foreground scattering]]
[2020.01.31-20.36.38:737][  0]LogConfig: Setting CVar [[r.DOF.Scatter.BackgroundCompositing:2    ; additive background scattering]]
[2020.01.31-20.36.38:737][  0]LogConfig: Setting CVar [[r.DOF.Scatter.EnableBokehSettings:1      ; bokeh simulation when scattering]]
[2020.01.31-20.36.38:737][  0]LogConfig: Setting CVar [[r.DOF.Scatter.MaxSpriteRatio:0.1         ; only a maximum of 10% of scattered bokeh]]
[2020.01.31-20.36.38:737][  0]LogConfig: Setting CVar [[r.DOF.Recombine.Quality:1                ; cheap slight out of focus]]
[2020.01.31-20.36.38:737][  0]LogConfig: Setting CVar [[r.DOF.Recombine.EnableBokehSettings:0    ; no bokeh simulation on slight out of focus]]
[2020.01.31-20.36.38:737][  0]LogConfig: Setting CVar [[r.DOF.TemporalAAQuality:1                ; more stable temporal accumulation]]
[2020.01.31-20.36.38:737][  0]LogConfig: Setting CVar [[r.DOF.Kernel.MaxForegroundRadius:0.025]]
[2020.01.31-20.36.38:737][  0]LogConfig: Setting CVar [[r.DOF.Kernel.MaxBackgroundRadius:0.025]]
[2020.01.31-20.36.38:737][  0]LogConfig: Applying CVar settings from Section [TextureQuality@3] File [D:/GGJ2020/RePair/Saved/Config/Windows/Scalability.ini]
[2020.01.31-20.36.38:737][  0]LogConfig: Setting CVar [[r.Streaming.MipBias:0]]
[2020.01.31-20.36.38:737][  0]LogConfig: Setting CVar [[r.Streaming.AmortizeCPUToGPUCopy:0]]
[2020.01.31-20.36.38:737][  0]LogConfig: Setting CVar [[r.Streaming.MaxNumTexturesToStreamPerFrame:0]]
[2020.01.31-20.36.38:737][  0]LogConfig: Setting CVar [[r.Streaming.Boost:1]]
[2020.01.31-20.36.38:737][  0]LogConfig: Setting CVar [[r.MaxAnisotropy:8]]
[2020.01.31-20.36.38:737][  0]LogConfig: Setting CVar [[r.VT.MaxAnisotropy:8]]
[2020.01.31-20.36.38:737][  0]LogConfig: Setting CVar [[r.Streaming.LimitPoolSizeToVRAM:0]]
[2020.01.31-20.36.38:737][  0]LogConfig: Setting CVar [[r.Streaming.PoolSize:1000]]
[2020.01.31-20.36.38:737][  0]LogConfig: Setting CVar [[r.Streaming.MaxEffectiveScreenSize:0]]
[2020.01.31-20.36.38:737][  0]LogConfig: Applying CVar settings from Section [EffectsQuality@3] File [D:/GGJ2020/RePair/Saved/Config/Windows/Scalability.ini]
[2020.01.31-20.36.38:737][  0]LogConfig: Setting CVar [[r.TranslucencyLightingVolumeDim:64]]
[2020.01.31-20.36.38:737][  0]LogConfig: Setting CVar [[r.RefractionQuality:2]]
[2020.01.31-20.36.38:737][  0]LogConfig: Setting CVar [[r.SSR.Quality:3]]
[2020.01.31-20.36.38:737][  0]LogConfig: Setting CVar [[r.SSR.HalfResSceneColor:0]]
[2020.01.31-20.36.38:737][  0]LogConfig: Setting CVar [[r.SceneColorFormat:4]]
[2020.01.31-20.36.38:737][  0]LogConfig: Setting CVar [[r.DetailMode:2]]
[2020.01.31-20.36.38:737][  0]LogConfig: Setting CVar [[r.TranslucencyVolumeBlur:1]]
[2020.01.31-20.36.38:737][  0]LogConfig: Setting CVar [[r.MaterialQualityLevel:1 ; High quality]]
[2020.01.31-20.36.38:737][  0]LogConfig: Setting CVar [[r.SSS.Scale:1]]
[2020.01.31-20.36.38:737][  0]LogConfig: Setting CVar [[r.SSS.SampleSet:2]]
[2020.01.31-20.36.38:737][  0]LogConfig: Setting CVar [[r.SSS.Quality:1]]
[2020.01.31-20.36.38:737][  0]LogConfig: Setting CVar [[r.SSS.HalfRes:1]]
[2020.01.31-20.36.38:737][  0]LogConfig: Setting CVar [[r.SSGI.Quality:3]]
[2020.01.31-20.36.38:737][  0]LogConfig: Setting CVar [[r.EmitterSpawnRateScale:1.0]]
[2020.01.31-20.36.38:737][  0]LogConfig: Setting CVar [[r.ParticleLightQuality:2]]
[2020.01.31-20.36.38:737][  0]LogConfig: Setting CVar [[r.SkyAtmosphere.AerialPerspectiveLUT.FastApplyOnOpaque:1 ; Always have FastSkyLUT 1 in this case to avoid wrong sky]]
[2020.01.31-20.36.38:737][  0]LogConfig: Setting CVar [[r.SkyAtmosphere.AerialPerspectiveLUT.SampleCountPerSlice:1]]
[2020.01.31-20.36.38:737][  0]LogConfig: Setting CVar [[r.SkyAtmosphere.AerialPerspectiveLUT.DepthResolution:16.0]]
[2020.01.31-20.36.38:737][  0]LogConfig: Setting CVar [[r.SkyAtmosphere.FastSkyLUT:1]]
[2020.01.31-20.36.38:737][  0]LogConfig: Setting CVar [[r.SkyAtmosphere.FastSkyLUT.SampleCountMin:4.0]]
[2020.01.31-20.36.38:737][  0]LogConfig: Setting CVar [[r.SkyAtmosphere.FastSkyLUT.SampleCountMax:32.0]]
[2020.01.31-20.36.38:737][  0]LogConfig: Setting CVar [[r.SkyAtmosphere.SampleCountMin:4.0]]
[2020.01.31-20.36.38:737][  0]LogConfig: Setting CVar [[r.SkyAtmosphere.SampleCountMax:32.0]]
[2020.01.31-20.36.38:737][  0]LogConfig: Setting CVar [[r.SkyAtmosphere.TransmittanceLUT.UseSmallFormat:0]]
[2020.01.31-20.36.38:737][  0]LogConfig: Setting CVar [[r.SkyAtmosphere.TransmittanceLUT.SampleCount:10.0]]
[2020.01.31-20.36.38:737][  0]LogConfig: Setting CVar [[r.SkyAtmosphere.MultiScatteringLUT.SampleCount:15.0]]
[2020.01.31-20.36.38:737][  0]LogConfig: Applying CVar settings from Section [FoliageQuality@3] File [D:/GGJ2020/RePair/Saved/Config/Windows/Scalability.ini]
[2020.01.31-20.36.38:737][  0]LogConfig: Setting CVar [[foliage.DensityScale:1.0]]
[2020.01.31-20.36.38:737][  0]LogConfig: Setting CVar [[grass.DensityScale:1.0]]
[2020.01.31-20.36.38:737][  0]LogConfig: Applying CVar settings from Section [ShadingQuality@3] File [D:/GGJ2020/RePair/Saved/Config/Windows/Scalability.ini]
[2020.01.31-20.36.38:737][  0]LogConfig: Setting CVar [[r.HairStrands.SkyLighting.SampleCount:16]]
[2020.01.31-20.36.38:737][  0]LogConfig: Setting CVar [[r.HairStrands.SkyLighting.JitterIntegration:0]]
[2020.01.31-20.36.38:737][  0]LogConfig: Setting CVar [[r.HairStrands.SkyAO.SampleCount:16]]
[2020.01.31-20.36.38:737][  0]LogInit: Selected Device Profile: [Windows]
[2020.01.31-20.36.38:737][  0]LogInit: Applying CVar settings loaded from the selected device profile: [Windows]
[2020.01.31-20.36.38:739][  0]LogHAL: Display: Platform has ~ 16 GB [17016401920 / 17179869184 / 16], which maps to Larger [LargestMinGB=32, LargerMinGB=12, DefaultMinGB=8, SmallerMinGB=6, SmallestMinGB=0)
[2020.01.31-20.36.38:739][  0]LogInit: Going up to parent DeviceProfile []
[2020.01.31-20.36.38:739][  0]LogConfig: Applying CVar settings from Section [ViewDistanceQuality@3] File [D:/GGJ2020/RePair/Saved/Config/Windows/Scalability.ini]
[2020.01.31-20.36.38:739][  0]LogConfig: Setting CVar [[r.SkeletalMeshLODBias:0]]
[2020.01.31-20.36.38:739][  0]LogConfig: Setting CVar [[r.ViewDistanceScale:1.0]]
[2020.01.31-20.36.38:739][  0]LogConfig: Applying CVar settings from Section [AntiAliasingQuality@3] File [D:/GGJ2020/RePair/Saved/Config/Windows/Scalability.ini]
[2020.01.31-20.36.38:739][  0]LogConfig: Setting CVar [[r.PostProcessAAQuality:4]]
[2020.01.31-20.36.38:739][  0]LogConfig: Applying CVar settings from Section [ShadowQuality@3] File [D:/GGJ2020/RePair/Saved/Config/Windows/Scalability.ini]
[2020.01.31-20.36.38:739][  0]LogConfig: Setting CVar [[r.LightFunctionQuality:1]]
[2020.01.31-20.36.38:739][  0]LogConfig: Setting CVar [[r.ShadowQuality:5]]
[2020.01.31-20.36.38:739][  0]LogConfig: Setting CVar [[r.Shadow.CSM.MaxCascades:10]]
[2020.01.31-20.36.38:739][  0]LogConfig: Setting CVar [[r.Shadow.MaxResolution:2048]]
[2020.01.31-20.36.38:739][  0]LogConfig: Setting CVar [[r.Shadow.MaxCSMResolution:2048]]
[2020.01.31-20.36.38:739][  0]LogConfig: Setting CVar [[r.Shadow.RadiusThreshold:0.01]]
[2020.01.31-20.36.38:739][  0]LogConfig: Setting CVar [[r.Shadow.DistanceScale:1.0]]
[2020.01.31-20.36.38:739][  0]LogConfig: Setting CVar [[r.Shadow.CSM.TransitionScale:1.0]]
[2020.01.31-20.36.38:739][  0]LogConfig: Setting CVar [[r.Shadow.PreShadowResolutionFactor:1.0]]
[2020.01.31-20.36.38:739][  0]LogConfig: Setting CVar [[r.DistanceFieldShadowing:1]]
[2020.01.31-20.36.38:739][  0]LogConfig: Setting CVar [[r.DistanceFieldAO:1]]
[2020.01.31-20.36.38:739][  0]LogConfig: Setting CVar [[r.AOQuality:2]]
[2020.01.31-20.36.38:739][  0]LogConfig: Setting CVar [[r.VolumetricFog:1]]
[2020.01.31-20.36.38:739][  0]LogConfig: Setting CVar [[r.VolumetricFog.GridPixelSize:8]]
[2020.01.31-20.36.38:739][  0]LogConfig: Setting CVar [[r.VolumetricFog.GridSizeZ:128]]
[2020.01.31-20.36.38:739][  0]LogConfig: Setting CVar [[r.VolumetricFog.HistoryMissSupersampleCount:4]]
[2020.01.31-20.36.38:739][  0]LogConfig: Setting CVar [[r.LightMaxDrawDistanceScale:1]]
[2020.01.31-20.36.38:739][  0]LogConfig: Setting CVar [[r.CapsuleShadows:1]]
[2020.01.31-20.36.38:739][  0]LogConfig: Applying CVar settings from Section [PostProcessQuality@3] File [D:/GGJ2020/RePair/Saved/Config/Windows/Scalability.ini]
[2020.01.31-20.36.38:739][  0]LogConfig: Setting CVar [[r.MotionBlurQuality:4]]
[2020.01.31-20.36.38:739][  0]LogConfig: Setting CVar [[r.AmbientOcclusionMipLevelFactor:0.4]]
[2020.01.31-20.36.38:739][  0]LogConfig: Setting CVar [[r.AmbientOcclusionMaxQuality:100]]
[2020.01.31-20.36.38:739][  0]LogConfig: Setting CVar [[r.AmbientOcclusionLevels:-1]]
[2020.01.31-20.36.38:740][  0]LogConfig: Setting CVar [[r.AmbientOcclusionRadiusScale:1.0]]
[2020.01.31-20.36.38:740][  0]LogConfig: Setting CVar [[r.DepthOfFieldQuality:2]]
[2020.01.31-20.36.38:740][  0]LogConfig: Setting CVar [[r.RenderTargetPoolMin:400]]
[2020.01.31-20.36.38:740][  0]LogConfig: Setting CVar [[r.LensFlareQuality:2]]
[2020.01.31-20.36.38:740][  0]LogConfig: Setting CVar [[r.SceneColorFringeQuality:1]]
[2020.01.31-20.36.38:740][  0]LogConfig: Setting CVar [[r.EyeAdaptationQuality:2]]
[2020.01.31-20.36.38:740][  0]LogConfig: Setting CVar [[r.BloomQuality:5]]
[2020.01.31-20.36.38:740][  0]LogConfig: Setting CVar [[r.FastBlurThreshold:100]]
[2020.01.31-20.36.38:740][  0]LogConfig: Setting CVar [[r.Upscale.Quality:3]]
[2020.01.31-20.36.38:740][  0]LogConfig: Setting CVar [[r.Tonemapper.GrainQuantization:1]]
[2020.01.31-20.36.38:740][  0]LogConfig: Setting CVar [[r.LightShaftQuality:1]]
[2020.01.31-20.36.38:740][  0]LogConfig: Setting CVar [[r.Filter.SizeScale:1]]
[2020.01.31-20.36.38:740][  0]LogConfig: Setting CVar [[r.Tonemapper.Quality:5]]
[2020.01.31-20.36.38:740][  0]LogConfig: Setting CVar [[r.DOF.Gather.AccumulatorQuality:1        ; higher gathering accumulator quality]]
[2020.01.31-20.36.38:740][  0]LogConfig: Setting CVar [[r.DOF.Gather.PostfilterMethod:1          ; Median3x3 postfilering method]]
[2020.01.31-20.36.38:740][  0]LogConfig: Setting CVar [[r.DOF.Gather.EnableBokehSettings:0       ; no bokeh simulation when gathering]]
[2020.01.31-20.36.38:740][  0]LogConfig: Setting CVar [[r.DOF.Gather.RingCount:4                 ; medium number of samples when gathering]]
[2020.01.31-20.36.38:740][  0]LogConfig: Setting CVar [[r.DOF.Scatter.ForegroundCompositing:1    ; additive foreground scattering]]
[2020.01.31-20.36.38:740][  0]LogConfig: Setting CVar [[r.DOF.Scatter.BackgroundCompositing:2    ; additive background scattering]]
[2020.01.31-20.36.38:740][  0]LogConfig: Setting CVar [[r.DOF.Scatter.EnableBokehSettings:1      ; bokeh simulation when scattering]]
[2020.01.31-20.36.38:740][  0]LogConfig: Setting CVar [[r.DOF.Scatter.MaxSpriteRatio:0.1         ; only a maximum of 10% of scattered bokeh]]
[2020.01.31-20.36.38:740][  0]LogConfig: Setting CVar [[r.DOF.Recombine.Quality:1                ; cheap slight out of focus]]
[2020.01.31-20.36.38:740][  0]LogConfig: Setting CVar [[r.DOF.Recombine.EnableBokehSettings:0    ; no bokeh simulation on slight out of focus]]
[2020.01.31-20.36.38:740][  0]LogConfig: Setting CVar [[r.DOF.TemporalAAQuality:1                ; more stable temporal accumulation]]
[2020.01.31-20.36.38:740][  0]LogConfig: Setting CVar [[r.DOF.Kernel.MaxForegroundRadius:0.025]]
[2020.01.31-20.36.38:740][  0]LogConfig: Setting CVar [[r.DOF.Kernel.MaxBackgroundRadius:0.025]]
[2020.01.31-20.36.38:740][  0]LogConfig: Applying CVar settings from Section [TextureQuality@3] File [D:/GGJ2020/RePair/Saved/Config/Windows/Scalability.ini]
[2020.01.31-20.36.38:740][  0]LogConfig: Setting CVar [[r.Streaming.MipBias:0]]
[2020.01.31-20.36.38:740][  0]LogConfig: Setting CVar [[r.Streaming.AmortizeCPUToGPUCopy:0]]
[2020.01.31-20.36.38:740][  0]LogConfig: Setting CVar [[r.Streaming.MaxNumTexturesToStreamPerFrame:0]]
[2020.01.31-20.36.38:740][  0]LogConfig: Setting CVar [[r.Streaming.Boost:1]]
[2020.01.31-20.36.38:740][  0]LogConfig: Setting CVar [[r.MaxAnisotropy:8]]
[2020.01.31-20.36.38:740][  0]LogConfig: Setting CVar [[r.VT.MaxAnisotropy:8]]
[2020.01.31-20.36.38:740][  0]LogConfig: Setting CVar [[r.Streaming.LimitPoolSizeToVRAM:0]]
[2020.01.31-20.36.38:740][  0]LogConfig: Setting CVar [[r.Streaming.PoolSize:1000]]
[2020.01.31-20.36.38:740][  0]LogConfig: Setting CVar [[r.Streaming.MaxEffectiveScreenSize:0]]
[2020.01.31-20.36.38:740][  0]LogConfig: Applying CVar settings from Section [EffectsQuality@3] File [D:/GGJ2020/RePair/Saved/Config/Windows/Scalability.ini]
[2020.01.31-20.36.38:740][  0]LogConfig: Setting CVar [[r.TranslucencyLightingVolumeDim:64]]
[2020.01.31-20.36.38:740][  0]LogConfig: Setting CVar [[r.RefractionQuality:2]]
[2020.01.31-20.36.38:740][  0]LogConfig: Setting CVar [[r.SSR.Quality:3]]
[2020.01.31-20.36.38:740][  0]LogConfig: Setting CVar [[r.SSR.HalfResSceneColor:0]]
[2020.01.31-20.36.38:740][  0]LogConfig: Setting CVar [[r.SceneColorFormat:4]]
[2020.01.31-20.36.38:740][  0]LogConfig: Setting CVar [[r.DetailMode:2]]
[2020.01.31-20.36.38:740][  0]LogConfig: Setting CVar [[r.TranslucencyVolumeBlur:1]]
[2020.01.31-20.36.38:740][  0]LogConfig: Setting CVar [[r.MaterialQualityLevel:1 ; High quality]]
[2020.01.31-20.36.38:740][  0]LogConfig: Setting CVar [[r.SSS.Scale:1]]
[2020.01.31-20.36.38:740][  0]LogConfig: Setting CVar [[r.SSS.SampleSet:2]]
[2020.01.31-20.36.38:740][  0]LogConfig: Setting CVar [[r.SSS.Quality:1]]
[2020.01.31-20.36.38:740][  0]LogConfig: Setting CVar [[r.SSS.HalfRes:1]]
[2020.01.31-20.36.38:740][  0]LogConfig: Setting CVar [[r.SSGI.Quality:3]]
[2020.01.31-20.36.38:740][  0]LogConfig: Setting CVar [[r.EmitterSpawnRateScale:1.0]]
[2020.01.31-20.36.38:740][  0]LogConfig: Setting CVar [[r.ParticleLightQuality:2]]
[2020.01.31-20.36.38:740][  0]LogConfig: Setting CVar [[r.SkyAtmosphere.AerialPerspectiveLUT.FastApplyOnOpaque:1 ; Always have FastSkyLUT 1 in this case to avoid wrong sky]]
[2020.01.31-20.36.38:740][  0]LogConfig: Setting CVar [[r.SkyAtmosphere.AerialPerspectiveLUT.SampleCountPerSlice:1]]
[2020.01.31-20.36.38:740][  0]LogConfig: Setting CVar [[r.SkyAtmosphere.AerialPerspectiveLUT.DepthResolution:16.0]]
[2020.01.31-20.36.38:740][  0]LogConfig: Setting CVar [[r.SkyAtmosphere.FastSkyLUT:1]]
[2020.01.31-20.36.38:740][  0]LogConfig: Setting CVar [[r.SkyAtmosphere.FastSkyLUT.SampleCountMin:4.0]]
[2020.01.31-20.36.38:740][  0]LogConfig: Setting CVar [[r.SkyAtmosphere.FastSkyLUT.SampleCountMax:32.0]]
[2020.01.31-20.36.38:740][  0]LogConfig: Setting CVar [[r.SkyAtmosphere.SampleCountMin:4.0]]
[2020.01.31-20.36.38:740][  0]LogConfig: Setting CVar [[r.SkyAtmosphere.SampleCountMax:32.0]]
[2020.01.31-20.36.38:740][  0]LogConfig: Setting CVar [[r.SkyAtmosphere.TransmittanceLUT.UseSmallFormat:0]]
[2020.01.31-20.36.38:740][  0]LogConfig: Setting CVar [[r.SkyAtmosphere.TransmittanceLUT.SampleCount:10.0]]
[2020.01.31-20.36.38:740][  0]LogConfig: Setting CVar [[r.SkyAtmosphere.MultiScatteringLUT.SampleCount:15.0]]
[2020.01.31-20.36.38:740][  0]LogConfig: Applying CVar settings from Section [FoliageQuality@3] File [D:/GGJ2020/RePair/Saved/Config/Windows/Scalability.ini]
[2020.01.31-20.36.38:740][  0]LogConfig: Setting CVar [[foliage.DensityScale:1.0]]
[2020.01.31-20.36.38:740][  0]LogConfig: Setting CVar [[grass.DensityScale:1.0]]
[2020.01.31-20.36.38:740][  0]LogConfig: Applying CVar settings from Section [ShadingQuality@3] File [D:/GGJ2020/RePair/Saved/Config/Windows/Scalability.ini]
[2020.01.31-20.36.38:740][  0]LogConfig: Setting CVar [[r.HairStrands.SkyLighting.SampleCount:16]]
[2020.01.31-20.36.38:740][  0]LogConfig: Setting CVar [[r.HairStrands.SkyLighting.JitterIntegration:0]]
[2020.01.31-20.36.38:740][  0]LogConfig: Setting CVar [[r.HairStrands.SkyAO.SampleCount:16]]
[2020.01.31-20.36.38:740][  0]LogConfig: Applying CVar settings from Section [Startup] File [../../../Engine/Config/ConsoleVariables.ini]
[2020.01.31-20.36.38:740][  0]LogConfig: Setting CVar [[net.UseAdaptiveNetUpdateFrequency:0]]
[2020.01.31-20.36.38:740][  0]LogConfig: Setting CVar [[p.chaos.AllowCreatePhysxBodies:1]]
[2020.01.31-20.36.38:740][  0]LogConfig: Applying CVar settings from Section [ConsoleVariables] File [D:/GGJ2020/RePair/Saved/Config/Windows/Engine.ini]
[2020.01.31-20.36.38:741][  0]LogInit: Computer: MSI
[2020.01.31-20.36.38:741][  0]LogInit: User: ricca
[2020.01.31-20.36.38:741][  0]LogInit: CPU Page size=4096, Cores=6
[2020.01.31-20.36.38:741][  0]LogInit: High frequency timer resolution =10.000000 MHz
[2020.01.31-20.36.38:741][  0]LogMemory: Memory total: Physical=15.8GB (16GB approx)
[2020.01.31-20.36.38:741][  0]LogMemory: Platform Memory Stats for Windows
[2020.01.31-20.36.38:741][  0]LogMemory: Process Physical Memory: 109.29 MB used, 109.30 MB peak
[2020.01.31-20.36.38:741][  0]LogMemory: Process Virtual Memory: 105.82 MB used, 105.82 MB peak
[2020.01.31-20.36.38:741][  0]LogMemory: Physical Memory: 7500.46 MB used,  8727.64 MB free, 16228.11 MB total
[2020.01.31-20.36.38:741][  0]LogMemory: Virtual Memory: 5204.17 MB used,  134212520.00 MB free, 134217728.00 MB total
[2020.01.31-20.36.38:966][  0]LogWindows: WindowsPlatformFeatures enabled
[2020.01.31-20.36.38:980][  0]LogInit: Using OS detected language (it-IT).
[2020.01.31-20.36.38:980][  0]LogInit: Using OS detected locale (it-IT).
[2020.01.31-20.36.38:980][  0]LogTextLocalizationManager: No specific localization for 'it-IT' exists, so the 'it' localization will be used.
[2020.01.31-20.36.38:981][  0]LogTextLocalizationResource: LocRes '../../../Engine/Content/Localization/Editor/it/Editor.locres' could not be opened for reading!
[2020.01.31-20.36.38:981][  0]LogTextLocalizationResource: LocRes '../../../Engine/Content/Localization/EditorTutorials/it/EditorTutorials.locres' could not be opened for reading!
[2020.01.31-20.36.38:981][  0]LogTextLocalizationResource: LocRes '../../../Engine/Content/Localization/Keywords/it/Keywords.locres' could not be opened for reading!
[2020.01.31-20.36.38:981][  0]LogTextLocalizationResource: LocRes '../../../Engine/Content/Localization/Category/it/Category.locres' could not be opened for reading!
[2020.01.31-20.36.38:981][  0]LogTextLocalizationResource: LocRes '../../../Engine/Content/Localization/ToolTips/it/ToolTips.locres' could not be opened for reading!
[2020.01.31-20.36.38:981][  0]LogTextLocalizationResource: LocRes '../../../Engine/Content/Localization/PropertyNames/it/PropertyNames.locres' could not be opened for reading!
[2020.01.31-20.36.38:981][  0]LogTextLocalizationResource: LocRes '../../../Engine/Content/Localization/Engine/it/Engine.locres' could not be opened for reading!
[2020.01.31-20.36.38:981][  0]LogInit: Setting process to per monitor DPI aware
[2020.01.31-20.36.39:007][  0]LogSlate: New Slate User Created.  User Index 0, Is Virtual User: 0
[2020.01.31-20.36.39:007][  0]LogSlate: Slate User Registered.  User Index 0, Is Virtual User: 0
[2020.01.31-20.36.39:155][  0]LogHMD: Failed to initialize OpenVR with code 126
[2020.01.31-20.36.39:155][  0]LogD3D11RHI: D3D11 min allowed feature level: 11_0
[2020.01.31-20.36.39:155][  0]LogD3D11RHI: D3D11 max allowed feature level: 11_0
[2020.01.31-20.36.39:155][  0]LogD3D11RHI: D3D11 adapters:
[2020.01.31-20.36.39:220][  0]LogD3D11RHI:    0. 'NVIDIA GeForce RTX 2060' (Feature Level 11_0)
[2020.01.31-20.36.39:220][  0]LogD3D11RHI:       5980/0/8114 MB DedicatedVideo/DedicatedSystem/SharedSystem, Outputs:2, VendorId:0x10de
[2020.01.31-20.36.39:235][  0]LogD3D11RHI:    1. 'Intel(R) UHD Graphics 630' (Feature Level 11_0)
[2020.01.31-20.36.39:235][  0]LogD3D11RHI:       128/0/8114 MB DedicatedVideo/DedicatedSystem/SharedSystem, Outputs:0, VendorId:0x8086
[2020.01.31-20.36.39:237][  0]LogD3D11RHI:    2. 'Microsoft Basic Render Driver' (Feature Level 11_0)
[2020.01.31-20.36.39:237][  0]LogD3D11RHI:       0/0/8114 MB DedicatedVideo/DedicatedSystem/SharedSystem, Outputs:0, VendorId:0x1414
[2020.01.31-20.36.39:237][  0]LogD3D11RHI: Chosen D3D11 Adapter: 0
[2020.01.31-20.36.39:268][  0]LogD3D11RHI: Creating new Direct3DDevice
[2020.01.31-20.36.39:268][  0]LogD3D11RHI:     GPU DeviceId: 0x1f11 (for the marketing name, search the web for "GPU Device Id")
[2020.01.31-20.36.39:268][  0]LogWindows: EnumDisplayDevices:
[2020.01.31-20.36.39:269][  0]LogWindows:    0. 'Intel(R) UHD Graphics 630' (P:1 D:1)
[2020.01.31-20.36.39:269][  0]LogWindows:    1. 'Intel(R) UHD Graphics 630' (P:0 D:0)
[2020.01.31-20.36.39:269][  0]LogWindows:    2. 'Intel(R) UHD Graphics 630' (P:0 D:0)
[2020.01.31-20.36.39:270][  0]LogWindows:    3. 'NVIDIA GeForce RTX 2060' (P:0 D:1)
[2020.01.31-20.36.39:270][  0]LogWindows:    4. 'NVIDIA GeForce RTX 2060' (P:0 D:0)
[2020.01.31-20.36.39:270][  0]LogWindows:    5. 'NVIDIA GeForce RTX 2060' (P:0 D:0)
[2020.01.31-20.36.39:270][  0]LogWindows:    6. 'NVIDIA GeForce RTX 2060' (P:0 D:0)
[2020.01.31-20.36.39:270][  0]LogWindows: DebugString: PrimaryIsNotTheChoosenAdapter PrimaryIsNotTheChoosenAdapter PrimaryIsNotTheChoosenAdapter FoundDriverCount:4 
[2020.01.31-20.36.39:270][  0]LogD3D11RHI:     Adapter Name: NVIDIA GeForce RTX 2060
[2020.01.31-20.36.39:270][  0]LogD3D11RHI:   Driver Version: 417.49 (internal:25.21.14.1749, unified:417.49)
[2020.01.31-20.36.39:270][  0]LogD3D11RHI:      Driver Date: 12-17-2018
[2020.01.31-20.36.39:270][  0]LogRHI: Texture pool is 4186 MB (70% of 5980 MB)
[2020.01.31-20.36.39:322][  0]LogD3D11RHI: RHI has support for 64 bit atomics
[2020.01.31-20.36.39:322][  0]LogD3D11RHI: Async texture creation enabled
[2020.01.31-20.36.39:342][  0]LogD3D11RHI: GPU Timing Frequency: 1000.000000 (Debug: 2 2)
[2020.01.31-20.36.39:612][  0]LogTargetPlatformManager: Display: Loaded TargetPlatform 'AllDesktop'
[2020.01.31-20.36.39:637][  0]LogTargetPlatformManager: Display: Loaded TargetPlatform 'Android'
[2020.01.31-20.36.39:637][  0]LogTargetPlatformManager: Display: Loaded TargetPlatform 'Android_ASTC'
[2020.01.31-20.36.39:637][  0]LogTargetPlatformManager: Display: Loaded TargetPlatform 'Android_ATC'
[2020.01.31-20.36.39:637][  0]LogTargetPlatformManager: Display: Loaded TargetPlatform 'Android_DXT'
[2020.01.31-20.36.39:637][  0]LogTargetPlatformManager: Display: Loaded TargetPlatform 'Android_ETC1'
[2020.01.31-20.36.39:637][  0]LogTargetPlatformManager: Display: Loaded TargetPlatform 'Android_ETC1a'
[2020.01.31-20.36.39:637][  0]LogTargetPlatformManager: Display: Loaded TargetPlatform 'Android_ETC2'
[2020.01.31-20.36.39:637][  0]LogTargetPlatformManager: Display: Loaded TargetPlatform 'Android_PVRTC'
[2020.01.31-20.36.39:637][  0]LogTargetPlatformManager: Display: Loaded TargetPlatform 'AndroidClient'
[2020.01.31-20.36.39:637][  0]LogTargetPlatformManager: Display: Loaded TargetPlatform 'Android_ASTCClient'
[2020.01.31-20.36.39:637][  0]LogTargetPlatformManager: Display: Loaded TargetPlatform 'Android_ATCClient'
[2020.01.31-20.36.39:637][  0]LogTargetPlatformManager: Display: Loaded TargetPlatform 'Android_DXTClient'
[2020.01.31-20.36.39:637][  0]LogTargetPlatformManager: Display: Loaded TargetPlatform 'Android_ETC1Client'
[2020.01.31-20.36.39:637][  0]LogTargetPlatformManager: Display: Loaded TargetPlatform 'Android_ETC1aClient'
[2020.01.31-20.36.39:637][  0]LogTargetPlatformManager: Display: Loaded TargetPlatform 'Android_ETC2Client'
[2020.01.31-20.36.39:637][  0]LogTargetPlatformManager: Display: Loaded TargetPlatform 'Android_PVRTCClient'
[2020.01.31-20.36.39:637][  0]LogTargetPlatformManager: Display: Loaded TargetPlatform 'Android_Multi'
[2020.01.31-20.36.39:637][  0]LogTargetPlatformManager: Display: Loaded TargetPlatform 'Android_MultiClient'
[2020.01.31-20.36.39:651][  0]LogTargetPlatformManager: Display: Loaded TargetPlatform 'IOSClient'
[2020.01.31-20.36.39:651][  0]LogTargetPlatformManager: Display: Loaded TargetPlatform 'IOS'
[2020.01.31-20.36.39:657][  0]LogTargetPlatformManager: Display: Loaded TargetPlatform 'LinuxNoEditor'
[2020.01.31-20.36.39:662][  0]LogTargetPlatformManager: Display: Loaded TargetPlatform 'LinuxClient'
[2020.01.31-20.36.39:668][  0]LogTargetPlatformManager: Display: Loaded TargetPlatform 'LinuxServer'
[2020.01.31-20.36.39:673][  0]LogTargetPlatformManager: Display: Loaded TargetPlatform 'LinuxAArch64NoEditor'
[2020.01.31-20.36.39:679][  0]LogTargetPlatformManager: Display: Loaded TargetPlatform 'LinuxAArch64Client'
[2020.01.31-20.36.39:684][  0]LogTargetPlatformManager: Display: Loaded TargetPlatform 'LinuxAArch64Server'
[2020.01.31-20.36.39:703][  0]LogTargetPlatformManager: Display: Loaded TargetPlatform 'Lumin'
[2020.01.31-20.36.39:703][  0]LogTargetPlatformManager: Display: Loaded TargetPlatform 'LuminClient'
[2020.01.31-20.36.39:713][  0]LogTargetPlatformManager: Display: Loaded TargetPlatform 'TVOSClient'
[2020.01.31-20.36.39:713][  0]LogTargetPlatformManager: Display: Loaded TargetPlatform 'TVOS'
[2020.01.31-20.36.39:718][  0]LogTargetPlatformManager: Display: Loaded TargetPlatform 'WindowsNoEditor'
[2020.01.31-20.36.39:724][  0]LogTargetPlatformManager: Display: Loaded TargetPlatform 'Windows'
[2020.01.31-20.36.39:730][  0]LogTargetPlatformManager: Display: Loaded TargetPlatform 'WindowsClient'
[2020.01.31-20.36.39:735][  0]LogTargetPlatformManager: Display: Loaded TargetPlatform 'WindowsServer'
[2020.01.31-20.36.39:735][  0]LogTargetPlatformManager: Display: Building Assets For Windows
[2020.01.31-20.36.39:737][  0]LogAudioDebug: Display: Lib vorbis DLL was dynamically loaded.
[2020.01.31-20.36.39:751][  0]LogShaderCompilers: Guid format shader working directory is 17 characters bigger than the processId version (../../../../../GGJ2020/RePair/Intermediate/Shaders/WorkingDirectory/9428/).
[2020.01.31-20.36.39:751][  0]LogShaderCompilers: Cleaned the shader compiler working directory 'C:/Users/ricca/AppData/Local/Temp/UnrealShaderWorkingDir/BEAAA5934A85C7EDD10EE59CEF5E9E9B/'.
[2020.01.31-20.36.39:751][  0]LogXGEController: Cannot use XGE Controller as Incredibuild is not installed on this machine.
[2020.01.31-20.36.39:751][  0]LogShaderCompilers: Cannot use XGE Shader Compiler as Incredibuild is not installed on this machine.
[2020.01.31-20.36.39:751][  0]LogShaderCompilers: Display: Using Local Shader Compiler.
[2020.01.31-20.36.40:373][  0]LogDerivedDataCache: Display: Max Cache Size: 512 MB
[2020.01.31-20.36.40:424][  0]LogDerivedDataCache: Loaded boot cache 0.05s 83MB C:/Users/ricca/AppData/Local/UnrealEngine/4.24/DerivedDataCache/Boot.ddc.
[2020.01.31-20.36.40:424][  0]LogDerivedDataCache: Display: Loaded Boot cache: C:/Users/ricca/AppData/Local/UnrealEngine/4.24/DerivedDataCache/Boot.ddc
[2020.01.31-20.36.40:424][  0]LogDerivedDataCache: FDerivedDataBackendGraph:  Pak pak cache file ../../../../../GGJ2020/RePair/DerivedDataCache/DDC.ddp not found, will not use a pak cache.
[2020.01.31-20.36.40:424][  0]LogDerivedDataCache: Unable to find inner node Pak for hierarchical cache Hierarchy.
[2020.01.31-20.36.40:424][  0]LogDerivedDataCache: FDerivedDataBackendGraph:  CompressedPak pak cache file ../../../../../GGJ2020/RePair/DerivedDataCache/Compressed.ddp not found, will not use a pak cache.
[2020.01.31-20.36.40:424][  0]LogDerivedDataCache: Unable to find inner node CompressedPak for hierarchical cache Hierarchy.
[2020.01.31-20.36.40:433][  0]LogDerivedDataCache: Display: Pak cache opened for reading ../../../Engine/DerivedDataCache/Compressed.ddp.
[2020.01.31-20.36.40:433][  0]LogDerivedDataCache: FDerivedDataBackendGraph:  EnterprisePak pak cache file ../../../Enterprise/DerivedDataCache/Compressed.ddp not found, will not use a pak cache.
[2020.01.31-20.36.40:433][  0]LogDerivedDataCache: Unable to find inner node EnterprisePak for hierarchical cache Hierarchy.
[2020.01.31-20.36.40:434][  0]LogDerivedDataCache: Using Local data cache path C:/Users/ricca/AppData/Local/UnrealEngine/Common/DerivedDataCache: Writable
[2020.01.31-20.36.40:434][  0]LogDerivedDataCache: Shared data cache path not found in *engine.ini, will not use an Shared cache.
[2020.01.31-20.36.40:434][  0]LogDerivedDataCache: Unable to find inner node Shared for hierarchical cache Hierarchy.
[2020.01.31-20.36.40:455][  0]LogMaterial: Verifying Global Shaders for PCD3D_SM5
[2020.01.31-20.36.40:458][  0]LogSlate: Using FreeType 2.10.0
[2020.01.31-20.36.40:458][  0]LogSlate: SlateFontServices - WITH_FREETYPE: 1, WITH_HARFBUZZ: 1
[2020.01.31-20.36.40:497][  0]LogAssetRegistry: FAssetRegistry took 0.0021 seconds to start up
[2020.01.31-20.36.40:769][  0]LogInit: Selected Device Profile: [Windows]
[2020.01.31-20.36.40:907][  0]LogMeshReduction: Using QuadricMeshReduction for automatic static mesh reduction
[2020.01.31-20.36.40:907][  0]LogMeshReduction: Using SimplygonMeshReduction for automatic skeletal mesh reduction
[2020.01.31-20.36.40:907][  0]LogMeshReduction: Using ProxyLODMeshReduction for automatic mesh merging
[2020.01.31-20.36.40:907][  0]LogMeshReduction: No distributed automatic mesh merging module available
[2020.01.31-20.36.40:907][  0]LogMeshMerging: No distributed automatic mesh merging module available
[2020.01.31-20.36.40:916][  0]LogNetVersion: RePair 1.0.0, NetCL: 10570792, EngineNetVer: 13, GameNetVer: 0 (Checksum: 1267607237)
[2020.01.31-20.36.41:781][  0]LogPackageLocalizationCache: Processed 10 localized package path(s) for 1 prioritized culture(s) in 0.059824 seconds
[2020.01.31-20.36.41:788][  0]LogUObjectArray: 46750 objects as part of root set at end of initial load.
[2020.01.31-20.36.41:788][  0]LogUObjectAllocator: 8137160 out of 0 bytes used by permanent object pool.
[2020.01.31-20.36.41:788][  0]LogUObjectArray: CloseDisregardForGC: 0/0 objects in disregard for GC pool
[2020.01.31-20.36.42:122][  0]LogTcpMessaging: Initializing TcpMessaging bridge
[2020.01.31-20.36.42:152][  0]LogUdpMessaging: Initializing bridge on interface 0.0.0.0:0 to multicast group 230.0.0.1:6666.
[2020.01.31-20.36.42:195][  0]SourceControl: Source control is disabled
[2020.01.31-20.36.42:195][  0]SourceControl: Source control is disabled
[2020.01.31-20.36.42:197][  0]SourceControl: Source control is disabled
[2020.01.31-20.36.42:197][  0]SourceControl: Source control is disabled
[2020.01.31-20.36.42:198][  0]SourceControl: Source control is disabled
[2020.01.31-20.36.42:257][  0]LogAndroidPermission: UAndroidPermissionCallbackProxy::GetInstance
[2020.01.31-20.36.42:265][  0]LogAudioCaptureCore: Display: No Audio Capture implementations found. Audio input will be silent.
[2020.01.31-20.36.42:265][  0]LogAudioCaptureCore: Display: No Audio Capture implementations found. Audio input will be silent.
[2020.01.31-20.36.42:336][  0]LogOcInput: OculusInput pre-init called
[2020.01.31-20.36.42:844][  0]LogEngine: Initializing Engine...
[2020.01.31-20.36.42:872][  0]LogHMD: Failed to initialize OpenVR with code 126
[2020.01.31-20.36.42:873][  0]LogStats: UGameplayTagsManager::InitializeManager -  0.000 s
[2020.01.31-20.36.43:159][  0]LogInit: Initializing FReadOnlyCVARCache
[2020.01.31-20.36.43:164][  0]LogAIModule: Creating AISystem for world Untitled
[2020.01.31-20.36.43:170][  0]LogAudioMixer: Display: Audio Mixer Platform Settings:
[2020.01.31-20.36.43:170][  0]LogAudioMixer: Display: 	Sample Rate:						  48000
[2020.01.31-20.36.43:170][  0]LogAudioMixer: Display: 	Callback Buffer Frame Size Requested: 1024
[2020.01.31-20.36.43:170][  0]LogAudioMixer: Display: 	Callback Buffer Frame Size To Use:	  1024
[2020.01.31-20.36.43:170][  0]LogAudioMixer: Display: 	Number of buffers to queue:			  2
[2020.01.31-20.36.43:170][  0]LogAudioMixer: Display: 	Max Channels (voices):				  32
[2020.01.31-20.36.43:170][  0]LogAudioMixer: Display: 	Number of Async Source Workers:		  0
[2020.01.31-20.36.43:170][  0]LogAudio: Display: AudioDevice MaxSources: 32
[2020.01.31-20.36.43:171][  0]LogAudio: Display: Using built-in audio occlusion.
[2020.01.31-20.36.43:171][  0]LogAudioMixer: Display: Initializing audio mixer.
[2020.01.31-20.36.43:258][  0]LogAudioMixer: Display: Audio Device Output Speaker Info:
[2020.01.31-20.36.43:258][  0]LogAudioMixer: Display: Name: Speakers (2- Realtek(R) Audio)
[2020.01.31-20.36.43:258][  0]LogAudioMixer: Display: Is Default: Yes
[2020.01.31-20.36.43:258][  0]LogAudioMixer: Display: Sample Rate: 48000
[2020.01.31-20.36.43:258][  0]LogAudioMixer: Display: Channel Count Used: 8
[2020.01.31-20.36.43:258][  0]LogAudioMixer: Display: Device Channel Count: 8
[2020.01.31-20.36.43:258][  0]LogAudioMixer: Display: Channel Order:
[2020.01.31-20.36.43:258][  0]LogAudioMixer: Display: 0: FrontLeft
[2020.01.31-20.36.43:258][  0]LogAudioMixer: Display: 1: FrontRight
[2020.01.31-20.36.43:258][  0]LogAudioMixer: Display: 2: FrontCenter
[2020.01.31-20.36.43:258][  0]LogAudioMixer: Display: 3: LowFrequency
[2020.01.31-20.36.43:258][  0]LogAudioMixer: Display: 4: BackLeft
[2020.01.31-20.36.43:258][  0]LogAudioMixer: Display: 5: BackRight
[2020.01.31-20.36.43:258][  0]LogAudioMixer: Display: 6: SideLeft
[2020.01.31-20.36.43:258][  0]LogAudioMixer: Display: 7: SideRight
[2020.01.31-20.36.43:447][  0]LogAudioMixer: Display: Using Audio Device Speakers (2- Realtek(R) Audio)
[2020.01.31-20.36.43:451][  0]LogInit: FAudioDevice initialized.
[2020.01.31-20.36.43:451][  0]LogNetVersion: Set ProjectVersion to 1.0.0.0. Version Checksum will be recalculated on next use.
[2020.01.31-20.36.43:510][  0]LogDerivedDataCache: Saved boot cache 0.06s 84MB C:/Users/ricca/AppData/Local/UnrealEngine/4.24/DerivedDataCache/Boot.ddc.
[2020.01.31-20.36.43:513][  0]LogInit: Texture streaming: Enabled
[2020.01.31-20.36.43:520][  0]LogEngineSessionManager: EngineSessionManager initialized
[2020.01.31-20.36.43:520][  0]LogEditorSessionSummary: Verbose: Initializing EditorSessionSummaryWriter for editor session tracking
[2020.01.31-20.36.43:521][  0]LogEditorSessionSummary: EditorSessionSummaryWriter initialized
[2020.01.31-20.36.43:535][  0]LogInit: Transaction tracking system initialized
[2020.01.31-20.36.43:543][  0]BlueprintLog: New page: Editor Load
[2020.01.31-20.36.43:588][  0]LocalizationService: Localization service is disabled
[2020.01.31-20.36.43:848][  0]LogFileCache: Scanning file cache for directory 'D:/GGJ2020/RePair/Content/' took 0.00s
[2020.01.31-20.36.43:849][  0]LogCook: Display: Max memory allowance for cook 16384mb min free memory 0mb
[2020.01.31-20.36.43:849][  0]LogCook: Display: Mobile HDR setting 1
[2020.01.31-20.36.44:342][  0]SourceControl: Source control is disabled
[2020.01.31-20.36.44:342][  0]Cmd: MAP LOAD FILE="../../../Engine/Content/Maps/Templates/Template_Default.umap" TEMPLATE=1 SHOWPROGRESS=1 FEATURELEVEL=3
[2020.01.31-20.36.44:343][  0]LightingResults: New page: Lighting Build
[2020.01.31-20.36.44:343][  0]LogWorld: UWorld::CleanupWorld for Untitled, bSessionEnded=true, bCleanupResources=true
[2020.01.31-20.36.44:343][  0]LogSlate: InvalidateAllWidgets triggered.  All widgets were invalidated
[2020.01.31-20.36.44:343][  0]MapCheck: New page: Map Check
[2020.01.31-20.36.44:343][  0]LightingResults: New page: Lighting Build
[2020.01.31-20.36.44:392][  0]LogUObjectHash: Compacting FUObjectHashTables data took   1.70ms
[2020.01.31-20.36.44:452][  0]LogAIModule: Creating AISystem for world Untitled_1
[2020.01.31-20.36.44:455][  0]LogEditorServer: Finished looking for orphan Actors (0.000 secs)
[2020.01.31-20.36.44:483][  0]LogUObjectHash: Compacting FUObjectHashTables data took   1.82ms
[2020.01.31-20.36.44:484][  0]Cmd: MAP CHECKDEP NOCLEARLOG
[2020.01.31-20.36.44:484][  0]MapCheck: Map check complete: 0 Error(s), 0 Warning(s), took 0,083ms to complete.
[2020.01.31-20.36.44:484][  0]LogFileHelpers: Loading map 'Template_Default' took 0.141
[2020.01.31-20.36.45:071][  0]LogSlate: Updating window title bar state: overlay mode, drag disabled, window buttons hidden, title bar hidden
[2020.01.31-20.36.45:087][  0]LogSlate: Updating window title bar state: overlay mode, drag disabled, window buttons hidden, title bar hidden
[2020.01.31-20.36.45:092][  0]LogSlate: Updating window title bar state: overlay mode, drag disabled, window buttons hidden, title bar hidden
[2020.01.31-20.36.45:097][  0]LogSlate: Updating window title bar state: overlay mode, drag disabled, window buttons hidden, title bar hidden
[2020.01.31-20.36.45:134][  0]LogCollectionManager: Loaded 0 collections in 0.000570 seconds
[2020.01.31-20.36.45:265][  0]LogFileCache: Scanning file cache for directory 'D:/GGJ2020/RePair/Saved/Collections/' took 0.00s
[2020.01.31-20.36.45:265][  0]LogFileCache: Scanning file cache for directory 'D:/GGJ2020/RePair/Content/Developers/ricca/Collections/' took 0.00s
[2020.01.31-20.36.45:265][  0]LogFileCache: Scanning file cache for directory 'D:/GGJ2020/RePair/Content/Collections/' took 0.00s
[2020.01.31-20.36.45:265][  0]LogContentBrowser: Native class hierarchy populated in 0.0071 seconds. Added 3015 classes and 717 folders.
[2020.01.31-20.36.45:284][  0]LogContentBrowser: Native class hierarchy updated for 'WidgetCarousel' in 0.0002 seconds. Added 0 classes and 0 folders.
[2020.01.31-20.36.45:312][  0]LogContentBrowser: Native class hierarchy updated for 'AddContentDialog' in 0.0002 seconds. Added 0 classes and 0 folders.
[2020.01.31-20.36.45:723][  0]LogContentBrowser: Native class hierarchy updated for 'WorldBrowser' in 0.0002 seconds. Added 2 classes and 3 folders.
[2020.01.31-20.36.45:843][  0]LogContentBrowser: Native class hierarchy updated for 'SceneOutliner' in 0.0002 seconds. Added 2 classes and 3 folders.
[2020.01.31-20.36.46:015][  0]LogSlate: Took 0.000151 seconds to synchronously load lazily loaded font '../../../Engine/Content/Slate/Fonts/Roboto-Regular.ttf' (155K)
[2020.01.31-20.36.46:028][  0]LogSlate: Took 0.000121 seconds to synchronously load lazily loaded font '../../../Engine/Content/Slate/Fonts/Roboto-Bold.ttf' (160K)
[2020.01.31-20.36.46:058][  0]LogSlate: Took 0.016174 seconds to synchronously load lazily loaded font '../../../Engine/Content/Editor/Slate/Fonts/FontAwesome.ttf' (139K)
[2020.01.31-20.36.46:276][  0]LogRenderer: Reallocating scene render targets to support 856x412 Format 10 NumSamples 1 (Frame:1).
[2020.01.31-20.36.46:487][  0]LogContentBrowser: Native class hierarchy updated for 'HierarchicalLODOutliner' in 0.0002 seconds. Added 0 classes and 0 folders.
[2020.01.31-20.36.46:488][  0]LogLoad: (Engine Initialization) Total time: 9.05 seconds
[2020.01.31-20.36.46:488][  0]LogLoad: (Engine Initialization) Total Blueprint compile time: 0.00 seconds
[2020.01.31-20.36.46:734][  0]LogAssetRegistry: Asset discovery search completed in 6.2377 seconds
[2020.01.31-20.36.46:736][  0]LogCollectionManager: Fixed up redirectors for 0 collections in 0.000006 seconds (updated 0 objects)
[2020.01.31-20.36.46:741][  0]LogContentStreaming: Texture pool size now 1000 MB
[2020.01.31-20.38.15:958][264]LogSlate: Took 0.000105 seconds to synchronously load lazily loaded font '../../../Engine/Content/Slate/Fonts/Roboto-Light.ttf' (167K)
[2020.01.31-20.38.29:276][264]LogSlate: Window 'Pick Parent Class' being destroyed
[2020.01.31-20.38.29:616][264]LogSlate: Took 0.000106 seconds to synchronously load lazily loaded font '../../../Engine/Content/Slate/Fonts/Roboto-Light.ttf' (167K)
[2020.01.31-20.38.42:355][987]Cmd: OBJ SAVEPACKAGE PACKAGE="/Game/CustomGameINstance" FILE="../../../../../GGJ2020/RePair/Content/CustomGameINstance.uasset" SILENT=true
[2020.01.31-20.38.42:383][987]LogSavePackage: Moving '../../../../../GGJ2020/RePair/Saved/CustomGameINstance771E6DAE4E06CBB7B92AF8992E28B877.tmp' to '../../../../../GGJ2020/RePair/Content/CustomGameINstance.uasset'
[2020.01.31-20.38.42:412][987]AssetCheck: New page: Asset Save: CustomGameINstance
[2020.01.31-20.38.42:412][987]LogContentValidation: Display: Validating Blueprint /Game/CustomGameINstance.CustomGameINstance
[2020.01.31-20.38.48:815][367]LogAssetEditorSubsystem: Opening Asset editor for Blueprint /Game/CustomGameINstance.CustomGameINstance
[2020.01.31-20.38.49:249][367]LogContentBrowser: Native class hierarchy updated for 'BlueprintGraph' in 0.0004 seconds. Added 121 classes and 0 folders.
[2020.01.31-20.38.50:437][367]LogSlate: Took 0.000123 seconds to synchronously load lazily loaded font '../../../Engine/Content/Slate/Fonts/Roboto-BoldCondensed.ttf' (158K)
[2020.01.31-20.39.20:818][131]LogSlate: Window 'CustomGameINstance' being destroyed
[2020.01.31-20.39.24:905][349]LogSlate: Warning: Slate: Had to block on waiting for a draw buffer
[2020.01.31-20.39.32:044][349]LogSlate: Window 'Pick Parent Class' being destroyed
[2020.01.31-20.39.43:733][ 21]LogAssetEditorSubsystem: Opening Asset editor for UserDefinedStruct /Game/MyTipe.MyTipe
[2020.01.31-20.39.54:879][672]Cmd: OBJ SAVEPACKAGE PACKAGE="/Game/MyTipe" FILE="../../../../../GGJ2020/RePair/Content/MyTipe.uasset" SILENT=true
[2020.01.31-20.39.54:888][672]LogSavePackage: Moving '../../../../../GGJ2020/RePair/Saved/MyTipe1CFB4C7D438141D8E619DAABDD28B328.tmp' to '../../../../../GGJ2020/RePair/Content/MyTipe.uasset'
[2020.01.31-20.39.54:906][672]AssetCheck: New page: Asset Save: MyTipe
[2020.01.31-20.39.54:906][672]LogContentValidation: Display: Validating UserDefinedStruct /Game/MyTipe.MyTipe
[2020.01.31-20.40.29:726][702]LogSlate: Took 0.011579 seconds to synchronously load lazily loaded font '../../../Engine/Content/Slate/Fonts/Roboto-BoldCondensedItalic.ttf' (160K)
[2020.01.31-20.40.56:066][275]LogAssetEditorSubsystem: Opening Asset editor for UserDefinedStruct /Game/MyTipe.MyTipe
[2020.01.31-20.41.45:943][172]BlueprintLog: New page: Compile CustomGameINstance
[2020.01.31-20.41.45:979][172]LogUObjectHash: Compacting FUObjectHashTables data took   4.74ms
[2020.01.31-20.43.02:693][713]LogMetaData: Removing '/Game/MyType.MyType' ref from Metadata '/Game/MyTipe.PackageMetaData'
[2020.01.31-20.43.02:693][713]LogMetaData: Removing '/Game/MyType.MyType:Test2_3_D7B0CB2A4BCA0475F298348EEBB0C343' ref from Metadata '/Game/MyTipe.PackageMetaData'
[2020.01.31-20.43.02:693][713]LogMetaData: Removing '/Game/MyType.MyType:Test_1_FDA852344D29D058149302AEBD0CBFD8' ref from Metadata '/Game/MyTipe.PackageMetaData'
[2020.01.31-20.43.02:733][713]Cmd: OBJ SAVEPACKAGE PACKAGE="/Game/MyType" FILE="../../../../../GGJ2020/RePair/Content/MyType.uasset" SILENT=true
[2020.01.31-20.43.02:739][713]LogSavePackage: Moving '../../../../../GGJ2020/RePair/Saved/MyTypeD7BD67A547AD5B3D389EDABCEEFA07F8.tmp' to '../../../../../GGJ2020/RePair/Content/MyType.uasset'
[2020.01.31-20.43.03:062][713]LogUObjectHash: Compacting FUObjectHashTables data took   2.57ms
[2020.01.31-20.43.03:101][713]LogUObjectHash: Compacting FUObjectHashTables data took   1.98ms
[2020.01.31-20.43.03:132][713]LogUObjectHash: Compacting FUObjectHashTables data took   0.71ms
[2020.01.31-20.43.03:178][713]AssetCheck: New page: Asset Save: MyType
[2020.01.31-20.43.03:178][713]LogContentValidation: Display: Validating UserDefinedStruct /Game/MyType.MyType
[2020.01.31-20.43.36:178][444]LogSlate: Warning: Slate: Had to block on waiting for a draw buffer
[2020.01.31-20.43.41:260][444]LogSlate: Window 'Pick Parent Class' being destroyed
[2020.01.31-20.44.08:270][ 38]Cmd: DELETE
[2020.01.31-20.44.08:270][ 38]Cmd: ACTOR DELETE
[2020.01.31-20.44.08:646][ 38]LogEditorActor: Deleted Actor: NewBlueprint_C
[2020.01.31-20.44.08:674][ 38]LogUObjectHash: Compacting FUObjectHashTables data took   2.34ms
[2020.01.31-20.44.08:675][ 38]LogEditorActor: Deleted 1 Actors (0.046 secs)
[2020.01.31-20.46.46:907][370]LogUObjectHash: Compacting FUObjectHashTables data took   1.09ms
[2020.01.31-20.46.46:949][370]Cmd: OBJ SAVEPACKAGE PACKAGE="/Temp/Untitled_1" FILE="../../../../../GGJ2020/RePair/Saved/Autosaves/Temp/Untitled_1_Auto1.umap" SILENT=true AUTOSAVING=true KEEPDIRTY=false
[2020.01.31-20.46.47:006][370]LogSavePackage: Moving '../../../../../GGJ2020/RePair/Saved/Untitled_1_Auto1D1FB5D654C838DFF99E9EEBB356BFEF5.tmp' to '../../../../../GGJ2020/RePair/Saved/Autosaves/Temp/Untitled_1_Auto1.umap'
[2020.01.31-20.46.47:008][370]LogFileHelpers: Editor autosave (incl. sublevels) for '/Temp/Untitled_1' took 0.136
[2020.01.31-20.46.47:008][370]LogFileHelpers: Editor autosave (incl. sublevels) for all levels took 0.136
[2020.01.31-20.46.47:017][370]OBJ SavePackage: Generating thumbnails for [0] asset(s) in package [/Game/CustomGameINstance] ([1] browsable assets)...
[2020.01.31-20.46.47:017][370]OBJ SavePackage: Finished generating thumbnails for package [/Game/CustomGameINstance]
[2020.01.31-20.46.47:017][370]Cmd: OBJ SAVEPACKAGE PACKAGE="/Game/CustomGameINstance" FILE="../../../../../GGJ2020/RePair/Saved/Autosaves/Game/CustomGameINstance_Auto1.uasset" SILENT=false AUTOSAVING=true
[2020.01.31-20.46.47:039][370]LogSavePackage: Moving '../../../../../GGJ2020/RePair/Saved/CustomGameINstance_Auto1CBF27776479A3538BCC2E29631F6E192.tmp' to '../../../../../GGJ2020/RePair/Saved/Autosaves/Game/CustomGameINstance_Auto1.uasset'
[2020.01.31-20.46.47:040][370]OBJ SavePackage: Generating thumbnails for [0] asset(s) in package [/Game/NewBlueprint] ([1] browsable assets)...
[2020.01.31-20.46.47:040][370]OBJ SavePackage: Finished generating thumbnails for package [/Game/NewBlueprint]
[2020.01.31-20.46.47:040][370]Cmd: OBJ SAVEPACKAGE PACKAGE="/Game/NewBlueprint" FILE="../../../../../GGJ2020/RePair/Saved/Autosaves/Game/NewBlueprint_Auto1.uasset" SILENT=false AUTOSAVING=true
[2020.01.31-20.46.47:050][370]LogSavePackage: Moving '../../../../../GGJ2020/RePair/Saved/NewBlueprint_Auto13ED9ABC4450CC854D73A028ABE0154A1.tmp' to '../../../../../GGJ2020/RePair/Saved/Autosaves/Game/NewBlueprint_Auto1.uasset'
[2020.01.31-20.46.47:050][370]LogFileHelpers: Auto-saving content packages took 0.042
[2020.01.31-20.53.23:517][599]Cmd: OBJ SAVEPACKAGE PACKAGE="/Game/MyType" FILE="../../../../../GGJ2020/RePair/Content/MyType.uasset" SILENT=true
[2020.01.31-20.53.23:814][599]LogSavePackage: Moving '../../../../../GGJ2020/RePair/Saved/MyTypeEC4F4B164D9C8EBA9ADA919EF8D80850.tmp' to '../../../../../GGJ2020/RePair/Content/MyType.uasset'
[2020.01.31-20.53.23:827][599]AssetCheck: New page: Asset Save: MyType
[2020.01.31-20.53.23:827][599]LogContentValidation: Display: Validating UserDefinedStruct /Game/MyType.MyType
[2020.01.31-20.53.31:721][ 61]BlueprintLog: New page: Compile CustomGameINstance
[2020.01.31-20.53.31:756][ 61]LogUObjectHash: Compacting FUObjectHashTables data took   4.78ms
[2020.01.31-20.54.21:103][980]LogAssetEditorSubsystem: Opening Asset editor for Blueprint /Game/NewBlueprint_Child.NewBlueprint_Child
[2020.01.31-20.54.21:646][981]LogRenderer: Reallocating scene render targets to support 856x424 Format 10 NumSamples 1 (Frame:1).
[2020.01.31-20.54.24:067][121]LogAssetEditorSubsystem: Opening Asset editor for Blueprint /Game/NewBlueprint.NewBlueprint
[2020.01.31-20.58.30:540][256]LogUObjectHash: Compacting FUObjectHashTables data took   2.83ms
[2020.01.31-20.58.30:541][256]Cmd: OBJ SAVEPACKAGE PACKAGE="/Temp/Untitled_1" FILE="../../../../../GGJ2020/RePair/Saved/Autosaves/Temp/Untitled_1_Auto2.umap" SILENT=true AUTOSAVING=true KEEPDIRTY=false
[2020.01.31-20.58.30:553][256]LogSavePackage: Moving '../../../../../GGJ2020/RePair/Saved/Untitled_1_Auto2F3C00C43476D94F5EA852FABEAC77D01.tmp' to '../../../../../GGJ2020/RePair/Saved/Autosaves/Temp/Untitled_1_Auto2.umap'
[2020.01.31-20.58.30:555][256]LogFileHelpers: Editor autosave (incl. sublevels) for '/Temp/Untitled_1' took 0.051
[2020.01.31-20.58.30:555][256]LogFileHelpers: Editor autosave (incl. sublevels) for all levels took 0.051
[2020.01.31-20.58.30:555][256]OBJ SavePackage: Generating thumbnails for [0] asset(s) in package [/Game/CustomGameINstance] ([1] browsable assets)...
[2020.01.31-20.58.30:555][256]OBJ SavePackage: Finished generating thumbnails for package [/Game/CustomGameINstance]
[2020.01.31-20.58.30:555][256]Cmd: OBJ SAVEPACKAGE PACKAGE="/Game/CustomGameINstance" FILE="../../../../../GGJ2020/RePair/Saved/Autosaves/Game/CustomGameINstance_Auto2.uasset" SILENT=false AUTOSAVING=true
[2020.01.31-20.58.30:563][256]LogSavePackage: Moving '../../../../../GGJ2020/RePair/Saved/CustomGameINstance_Auto2C548A6E446F142CFF2FF4AB9EDE55915.tmp' to '../../../../../GGJ2020/RePair/Saved/Autosaves/Game/CustomGameINstance_Auto2.uasset'
[2020.01.31-20.58.30:563][256]OBJ SavePackage: Generating thumbnails for [0] asset(s) in package [/Game/NewBlueprint_Child] ([1] browsable assets)...
[2020.01.31-20.58.30:563][256]OBJ SavePackage: Finished generating thumbnails for package [/Game/NewBlueprint_Child]
[2020.01.31-20.58.30:563][256]Cmd: OBJ SAVEPACKAGE PACKAGE="/Game/NewBlueprint_Child" FILE="../../../../../GGJ2020/RePair/Saved/Autosaves/Game/NewBlueprint_Child_Auto2.uasset" SILENT=false AUTOSAVING=true
[2020.01.31-20.58.30:572][256]LogSavePackage: Moving '../../../../../GGJ2020/RePair/Saved/NewBlueprint_Child_Auto22D1072D040877B555A7F79A2FD9CDA2B.tmp' to '../../../../../GGJ2020/RePair/Saved/Autosaves/Game/NewBlueprint_Child_Auto2.uasset'
[2020.01.31-20.58.30:572][256]LogFileHelpers: Auto-saving content packages took 0.017
[2020.01.31-20.59.49:111][487]LogSlate: Prevented a slow task dialog from being summoned while a context menu was open
[2020.01.31-21.01.46:757][498]LogUObjectHash: Compacting FUObjectHashTables data took   2.40ms
[2020.01.31-21.01.49:524][498]LogSlate: Window 'Delete Assets' being destroyed
[2020.01.31-21.02.09:018][647]Cmd: OBJ SAVEPACKAGE PACKAGE="/Game/Collectable" FILE="../../../../../GGJ2020/RePair/Content/Collectable.uasset" SILENT=true
[2020.01.31-21.02.09:024][647]LogSavePackage: Moving '../../../../../GGJ2020/RePair/Saved/Collectable8E6BE6744D013F482BE471971CDCCAB0.tmp' to '../../../../../GGJ2020/RePair/Content/Collectable.uasset'
[2020.01.31-21.02.09:039][647]AssetCheck: New page: Asset Save: Collectable
[2020.01.31-21.02.09:039][647]LogContentValidation: Display: Validating UserDefinedStruct /Game/Collectable.Collectable
[2020.01.31-21.02.09:517][674]LogAssetEditorSubsystem: Opening Asset editor for UserDefinedStruct /Game/Collectable.Collectable
[2020.01.31-21.03.08:456][149]Cmd: OBJ SAVEPACKAGE PACKAGE="/Game/Collectable" FILE="../../../../../GGJ2020/RePair/Content/Collectable.uasset" SILENT=true
[2020.01.31-21.03.08:464][149]LogSavePackage: Moving '../../../../../GGJ2020/RePair/Saved/Collectable4D0D99BE4CE68ECB0E6A7FB5D6520A79.tmp' to '../../../../../GGJ2020/RePair/Content/Collectable.uasset'
[2020.01.31-21.03.08:478][149]AssetCheck: New page: Asset Save: Collectable
[2020.01.31-21.03.08:478][149]LogContentValidation: Display: Validating UserDefinedStruct /Game/Collectable.Collectable
[2020.01.31-21.03.27:283][265]Cmd: OBJ SAVEPACKAGE PACKAGE="/Game/Collectable" FILE="../../../../../GGJ2020/RePair/Content/Collectable.uasset" SILENT=true
[2020.01.31-21.03.27:290][265]LogSavePackage: Moving '../../../../../GGJ2020/RePair/Saved/CollectableA15F5B3748B123F298C0D5BE49837D41.tmp' to '../../../../../GGJ2020/RePair/Content/Collectable.uasset'
[2020.01.31-21.03.27:304][265]AssetCheck: New page: Asset Save: Collectable
[2020.01.31-21.03.27:304][265]LogContentValidation: Display: Validating UserDefinedStruct /Game/Collectable.Collectable
[2020.01.31-21.03.40:330][ 37]Cmd: OBJ SAVEPACKAGE PACKAGE="/Game/Collectable" FILE="../../../../../GGJ2020/RePair/Content/Collectable.uasset" SILENT=true
[2020.01.31-21.03.40:337][ 37]LogSavePackage: Moving '../../../../../GGJ2020/RePair/Saved/Collectable426FC7464484FA7527A5EB9AB7354C91.tmp' to '../../../../../GGJ2020/RePair/Content/Collectable.uasset'
[2020.01.31-21.03.40:350][ 37]AssetCheck: New page: Asset Save: Collectable
[2020.01.31-21.03.40:350][ 37]LogContentValidation: Display: Validating UserDefinedStruct /Game/Collectable.Collectable
[2020.01.31-21.03.51:090][674]LogUObjectHash: Compacting FUObjectHashTables data took   2.89ms
[2020.01.31-21.03.52:710][674]LogSlate: Window 'Delete Assets' being destroyed
[2020.01.31-21.03.55:047][674]LogWorld: UWorld::CleanupWorld for World_0, bSessionEnded=true, bCleanupResources=true
[2020.01.31-21.03.55:047][674]LogSlate: InvalidateAllWidgets triggered.  All widgets were invalidated
[2020.01.31-21.03.55:116][674]LogUObjectGlobals: Force Deleting 1 Package(s):
	Asset Name: /Game/MyType.MyType
[2020.01.31-21.03.56:252][674]LogUObjectHash: Compacting FUObjectHashTables data took   2.50ms
[2020.01.31-21.03.56:286][674]LogUObjectHash: Compacting FUObjectHashTables data took   2.26ms
[2020.01.31-21.03.56:315][674]LogUObjectHash: Compacting FUObjectHashTables data took   0.78ms
[2020.01.31-21.03.59:747][872]LogRenderer: Reallocating scene render targets to support 1068x512 Format 10 NumSamples 1 (Frame:29430).
[2020.01.31-21.04.03:462][ 93]LogWorld: UWorld::CleanupWorld for World_1, bSessionEnded=true, bCleanupResources=true
[2020.01.31-21.04.03:462][ 93]LogSlate: InvalidateAllWidgets triggered.  All widgets were invalidated
[2020.01.31-21.04.05:108][186]LogActorComponent: UnregisterComponent: (/Engine/Transient.EditorFloorComp) Not registered. Aborting.
[2020.01.31-21.04.05:108][186]LogWorld: UWorld::CleanupWorld for World_2, bSessionEnded=true, bCleanupResources=true
[2020.01.31-21.04.05:108][186]LogSlate: InvalidateAllWidgets triggered.  All widgets were invalidated
[2020.01.31-21.04.09:408][435]LogAssetEditorSubsystem: Opening Asset editor for Blueprint /Game/CustomGameINstance.CustomGameINstance
[2020.01.31-21.04.11:142][446]LogWindows: Error: === Critical error: ===
[2020.01.31-21.04.11:142][446]LogWindows: Error: 
[2020.01.31-21.04.11:142][446]LogWindows: Error: Fatal error!
[2020.01.31-21.04.11:142][446]LogWindows: Error: 
[2020.01.31-21.04.11:142][446]LogWindows: Error: Unhandled Exception: EXCEPTION_ACCESS_VIOLATION writing address 0x00000470
[2020.01.31-21.04.11:142][446]LogWindows: Error: 
[2020.01.31-21.04.11:142][446]LogWindows: Error: [Callstack] 0x00007ffc09365a0f UE4Editor-SlateCore.dll!UnknownFunction []
[2020.01.31-21.04.11:142][446]LogWindows: Error: [Callstack] 0x000000f3e097a140 UnknownFunction []
[2020.01.31-21.04.11:142][446]LogWindows: Error: [Callstack] 0x00007ffc004a51f7 UE4Editor-Core.dll!UnknownFunction []
[2020.01.31-21.04.11:142][446]LogWindows: Error: 
[2020.01.31-21.04.11:195][446]LogExit: Executing StaticShutdownAfterError
[2020.01.31-21.04.11:197][446]LogWindows: FPlatformMisc::RequestExit(1)
[2020.01.31-21.04.11:197][446]LogCore: Engine exit requested (reason: Win RequestExit)
[2020.01.31-21.04.11:217][446]Log file closed, 01/31/20 22:04:11
